Case #1:
1 5
1 5
3 5
1 5
1 5
2 5
1 5
1 5
Case #2:
1 5
2 5
1 5
1 5
1 5
1 5
5 5
1 5
Case #3:
1 5
1 5
1 5
2 5
1 5
1 5
1 5
1 5
Case #4:
1 1
2 2
Case #5:
1 5
2 5
2 5
1 5
2 5
1 5
1 5
2 5
Case #6:
2 2
1 1
Case #7:
1 1
2 2
Case #8:
2 5
1 5
2 5
1 5
1 5
1 5
1 5
1 5
Case #9:
1 1
2 2
Case #10:
2 3
1 1
2 3
2 3
Case #11:
3 5
1 5
1 5
1 5
1 5
1 5
1 5
1 5
Case #12:
2 2
1 1
Case #13:
2 3
3 3
1 1
2 3
Case #14:
1 9
1 9
1 9
1 9
1 9
1 9
1 9
1 9
1 9
1 9
1 9
1 9
1 9
1 9
1 9
1 9
Case #15:
2 2
1 1
Case #16:
1 1
2 2
Case #17:
1 3
1 3
1 3
3 3
Case #18:
2 2
1 1
Case #19:
3 3
2 3
1 1
2 3
Case #20:
2 2
1 1
Case #21:
1 5
3 5
1 5
1 5
1 5
1 5
2 5
2 5
Case #22:
1 3
2 3
1 3
2 3
Case #23:
1 9
1 9
1 9
1 9
1 9
1 9
1 9
1 9
1 9
1 9
1 9
1 9
1 9
1 9
2 9
1 9
Case #24:
3 3
1 1
2 3
2 3
Case #25:
1 5
3 5
1 5
1 5
1 5
2 5
1 5
1 5
Case #26:
2 3
1 3
1 3
2 3
Case #27:
1 9
1 9
1 9
1 9
1 9
1 9
1 9
1 9
1 9
1 9
1 9
1 9
1 9
1 9
1 9
1 9
Case #28:
1 5
1 5
2 5
1 5
2 5
1 5
1 5
1 5
Case #29:
1 9
1 9
1 9
1 9
1 9
1 9
1 9
1 9
1 9
1 9
1 9
1 9
1 9
1 9
1 9
1 9
Case #30:
1 9
1 9
1 9
1 9
1 9
1 9
1 9
1 9
1 9
1 9
1 9
1 9
1 9
1 9
1 9
1 9
Case #31:
2 5
2 5
2 5
1 1
2 5
2 5
2 5
2 5
Case #32:
2 3
2 3
1 3
1 3
Case #33:
2 2
1 1
Case #34:
1 9
1 9
1 9
1 9
1 9
1 9
1 9
1 9
1 9
1 9
1 9
1 9
1 9
1 9
1 9
1 9
Case #35:
1 1
2 2
Case #36:
1 1
2 3
2 3
3 3
Case #37:
1 1
2 3
3 3
2 3
Case #38:
1 3
2 3
1 3
2 3
Case #39:
2 3
1 1
3 3
2 3
Case #40:
1 9
1 9
1 9
1 9
1 9
1 9
1 9
1 9
1 9
1 9
1 9
1 9
1 9
1 9
1 9
1 9
Case #41:
1 3
2 3
2 3
1 3
Case #42:
5 5
3 5
3 5
1 5
1 5
2 5
1 5
1 5
Case #43:
1 9
1 9
1 9
1 9
1 9
1 9
1 9
1 9
1 9
1 9
1 9
1 9
1 9
1 9
1 9
1 9
Case #44:
1 3
2 3
1 3
2 3
Case #45:
1 9
1 9
1 9
1 9
1 9
1 9
1 9
1 9
1 9
1 9
1 9
1 9
1 9
1 9
1 9
1 9
Case #46:
1 1
2 2
Case #47:
1 9
1 9
1 9
1 9
1 9
1 9
1 9
1 9
1 9
1 9
1 9
1 9
1 9
1 9
1 9
1 9
Case #48:
2 2
1 1
Case #49:
1 9
1 9
1 9
1 9
1 9
1 9
1 9
1 9
1 9
1 9
1 9
1 9
1 9
1 9
1 9
1 9
Case #50:
1 5
1 5
2 5
1 5
1 5
3 5
2 5
2 5
Case #51:
1 1
2 2
Case #52:
1 3
1 3
3 3
1 3
Case #53:
1 1
2 2
Case #54:
1 5
1 5
2 5
2 5
1 5
1 5
1 5
1 5
Case #55:
2 3
2 3
1 3
1 3
Case #56:
2 3
3 3
1 1
2 3
Case #57:
1 5
1 5
1 5
1 5
1 5
2 5
1 5
1 5
Case #58:
3 3
1 3
1 3
1 3
Case #59:
1 9
2 9
1 9
1 9
1 9
1 9
1 9
1 9
2 9
1 9
1 9
1 9
1 9
1 9
1 9
1 9
Case #60:
1 3
2 3
1 3
2 3
Case #61:
1 1
2 2
Case #62:
3 3
1 3
1 3
1 3
Case #63:
1 1
2 2
Case #64:
1 5
1 5
1 5
1 5
1 5
1 5
2 5
2 5
Case #65:
1 3
1 3
2 3
2 3
Case #66:
2 2
1 1
Case #67:
1 5
1 5
3 5
1 5
1 5
2 5
1 5
2 5
Case #68:
1 5
1 5
1 5
3 5
1 5
1 5
1 5
1 5
Case #69:
1 9
1 9
1 9
1 9
1 9
1 9
1 9
1 9
1 9
1 9
1 9
1 9
1 9
1 9
1 9
1 9
Case #70:
1 1
2 2
Case #71:
1 5
1 5
1 5
1 5
1 5
1 5
1 5
1 5
Case #72:
2 3
3 3
2 3
1 1
Case #73:
1 5
3 5
1 5
1 5
1 5
1 5
3 5
1 5
Case #74:
2 2
1 1
Case #75:
1 9
1 9
1 9
1 9
1 9
1 9
1 9
1 9
1 9
1 9
1 9
1 9
1 9
1 9
1 9
2 9
Case #76:
1 9
1 9
1 9
1 9
1 9
1 9
1 9
1 9
1 9
1 9
1 9
1 9
1 9
1 9
1 9
1 9
Case #77:
1 1
2 2
Case #78:
2 2
1 1
Case #79:
1 9
1 9
1 9
1 9
1 9
1 9
1 9
1 9
1 9
1 9
1 9
1 9
1 9
1 9
1 9
1 9
Case #80:
2 3
1 3
2 3
1 3
Case #81:
2 3
1 1
2 3
2 3
Case #82:
1 5
1 5
1 5
3 5
1 5
1 5
2 5
1 5
Case #83:
2 3
1 1
2 3
3 3
Case #84:
1 9
1 9
1 9
1 9
1 9
1 9
1 9
1 9
1 9
1 9
1 9
1 9
1 9
1 9
1 9
1 9
Case #85:
1 5
2 5
1 5
1 5
1 5
1 5
2 5
1 5
Case #86:
1 5
1 5
1 5
1 5
1 5
3 5
2 5
1 5
Case #87:
1 1
2 2
Case #88:
1 9
1 9
1 9
1 9
1 9
1 9
1 9
1 9
1 9
1 9
1 9
1 9
1 9
1 9
1 9
1 9
Case #89:
2 5
1 5
1 5
1 5
1 5
2 5
1 5
1 5
Case #90:
1 5
1 5
1 5
2 5
2 5
1 5
2 5
1 5
Case #91:
1 3
1 3
2 3
2 3
Case #92:
1 5
1 5
1 5
1 5
1 5
2 5
1 5
1 5
Case #93:
3 3
1 3
1 3
1 3
Case #94:
2 5
1 5
3 5
1 5
1 5
3 5
1 5
1 5
Case #95:
1 5
1 5
1 5
1 5
1 5
1 5
1 5
2 5
Case #96:
2 2
1 1
Case #97:
2 2
1 1
Case #98:
1 1
2 2
Case #99:
2 5
2 5
2 5
1 1
2 5
2 5
2 5
2 5
Case #100:
2 3
2 3
1 3
1 3
Case #101:
1 3
1 3
2 3
2 3
Case #102:
2 3
1 3
1 3
2 3
Case #103:
1 3
1 3
2 3
2 3
Case #104:
1 1
2 2
Case #105:
1 5
1 5
1 5
1 5
1 5
2 5
1 5
3 5
Case #106:
2 9
1 9
1 9
1 9
1 9
1 9
1 9
1 9
1 9
1 9
1 9
1 9
1 9
1 9
1 9
1 9
Case #107:
1 9
1 9
1 9
1 9
1 9
1 9
1 9
1 9
1 9
1 9
1 9
2 9
1 9
1 9
1 9
1 9
Case #108:
1 1
Case #109:
3 3
2 3
1 1
2 3
Case #110:
2 3
1 3
2 3
1 3
Case #111:
1 1
2 3
3 3
2 3
Case #112:
1 9
1 9
1 9
1 9
1 9
1 9
1 9
1 9
1 9
1 9
1 9
1 9
1 9
1 9
1 9
1 9
Case #113:
3 5
1 5
2 5
1 5
1 5
1 5
1 5
1 5
Case #114:
1 1
3 3
2 3
2 3
Case #115:
1 9
1 9
1 9
1 9
1 9
1 9
1 9
1 9
1 9
1 9
1 9
1 9
1 9
1 9
1 9
1 9
Case #116:
1 5
1 5
1 5
1 5
1 5
1 5
3 5
2 5
Case #117:
2 2
1 1
Case #118:
1 5
1 5
1 5
1 5
1 5
1 5
3 5
1 5
Case #119:
2 3
3 3
1 1
2 3
Case #120:
1 5
1 5
2 5
1 5
1 5
1 5
1 5
1 5
Case #121:
2 2
1 1
Case #122:
1 9
1 9
1 9
1 9
1 9
1 9
1 9
1 9
1 9
1 9
1 9
1 9
1 9
1 9
1 9
1 9
Case #123:
1 1
2 2
Case #124:
2 3
2 3
2 3
1 1
Case #125:
2 3
1 1
3 3
2 3
Case #126:
2 2
1 1
Case #127:
1 1
2 2
Case #128:
1 1
2 3
3 3
2 3
Case #129:
2 3
1 3
1 3
2 3
Case #130:
1 1
2 2
Case #131:
1 5
1 5
1 5
2 5
1 5
1 5
1 5
1 5
Case #132:
1 5
2 5
1 5
2 5
1 5
1 5
1 5
1 5
Case #133:
2 3
2 3
1 1
2 3
Case #134:
2 5
1 5
1 5
1 5
1 5
1 5
1 5
1 5
Case #135:
1 5
1 5
2 5
1 5
1 5
1 5
1 5
1 5
Case #136:
1 1
2 2
Case #137:
1 5
2 5
1 5
1 5
1 5
1 5
1 5
1 5
Case #138:
1 3
1 3
1 3
3 3
Case #139:
1 5
2 5
2 5
2 5
1 5
1 5
1 5
1 5
Case #140:
2 2
1 1
Case #141:
1 5
3 5
1 5
1 5
2 5
1 5
1 5
2 5
Case #142:
2 3
2 3
2 3
1 1
Case #143:
1 3
1 3
1 3
3 3
Case #144:
2 3
1 1
3 3
2 3
Case #145:
2 2
1 1
Case #146:
2 2
1 1
Case #147:
1 1
2 3
2 3
2 3
Case #148:
1 5
1 5
1 5
1 5
1 5
1 5
2 5
1 5
Case #149:
2 2
1 1
Case #150:
1 9
1 9
1 9
1 9
1 9
1 9
1 9
1 9
1 9
1 9
1 9
1 9
1 9
1 9
1 9
1 9
Case #151:
1 3
2 3
1 3
2 3
Case #152:
2 3
3 3
2 3
1 1
Case #153:
1 5
2 5
2 5
1 5
1 5
2 5
3 5
1 5
Case #154:
1 9
1 9
1 9
1 9
1 9
1 9
1 9
1 9
1 9
1 9
1 9
1 9
1 9
1 9
1 9
1 9
Case #155:
1 9
1 9
1 9
1 9
1 9
1 9
1 9
1 9
1 9
1 9
1 9
1 9
1 9
1 9
1 9
1 9
Case #156:
2 2
1 1
Case #157:
1 1
2 2
Case #158:
1 5
1 5
2 5
1 5
1 5
2 5
3 5
1 5
Case #159:
1 5
1 5
1 5
1 5
1 5
2 5
1 5
1 5
Case #160:
1 5
1 5
2 5
1 5
1 5
1 5
2 5
1 5
Case #161:
2 2
1 1
Case #162:
1 1
2 2
Case #163:
2 5
3 5
2 5
1 5
1 5
1 5
1 5
2 5
Case #164:
1 9
1 9
1 9
1 9
1 9
1 9
1 9
1 9
1 9
1 9
1 9
1 9
1 9
1 9
1 9
2 9
Case #165:
1 9
1 9
1 9
1 9
1 9
1 9
1 9
1 9
1 9
1 9
1 9
1 9
1 9
1 9
1 9
1 9
Case #166:
1 9
1 9
1 9
1 9
1 9
1 9
1 9
1 9
1 9
1 9
1 9
1 9
1 9
1 9
1 9
1 9
Case #167:
2 5
1 5
1 5
1 5
3 5
1 5
1 5
1 5
Case #168:
1 1
2 3
2 3
2 3
Case #169:
2 2
1 1
Case #170:
3 3
2 3
1 1
2 3
Case #171:
2 3
2 3
1 1
3 3
Case #172:
1 5
1 5
3 5
2 5
1 5
1 5
1 5
1 5
Case #173:
2 3
1 1
3 3
2 3
Case #174:
2 5
1 5
1 5
2 5
1 5
1 5
1 5
1 5
Case #175:
1 9
1 9
1 9
1 9
1 9
1 9
1 9
1 9
1 9
1 9
1 9
1 9
1 9
1 9
1 9
1 9
Case #176:
1 9
1 9
1 9
1 9
1 9
1 9
1 9
1 9
1 9
1 9
1 9
1 9
1 9
1 9
1 9
1 9
Case #177:
2 2
1 1
Case #178:
1 5
1 5
1 5
1 5
1 5
2 5
1 5
2 5
Case #179:
2 3
1 3
2 3
1 3
Case #180:
1 9
1 9
1 9
1 9
1 9
1 9
1 9
3 9
1 9
1 9
1 9
1 9
1 9
1 9
1 9
1 9
Case #181:
3 3
1 3
1 3
1 3
Case #182:
1 5
1 5
1 5
1 5
1 5
1 5
1 5
2 5
Case #183:
2 2
1 1
Case #184:
2 5
1 5
1 5
1 5
1 5
1 5
1 5
1 5
Case #185:
3 3
1 3
1 3
1 3
Case #186:
1 9
1 9
1 9
1 9
1 9
3 9
1 9
1 9
1 9
1 9
1 9
1 9
1 9
1 9
1 9
1 9
Case #187:
1 9
1 9
1 9
1 9
1 9
1 9
1 9
1 9
1 9
1 9
1 9
1 9
1 9
1 9
1 9
1 9
Case #188:
1 5
2 5
1 5
1 5
1 5
3 5
1 5
1 5
Case #189:
1 3
3 3
1 3
1 3
Case #190:
2 2
1 1
Case #191:
1 9
1 9
1 9
1 9
1 9
1 9
1 9
1 9
1 9
1 9
1 9
1 9
1 9
1 9
1 9
1 9
Case #192:
3 3
1 1
2 3
2 3
Case #193:
2 5
3 5
1 1
2 5
2 5
2 5
2 5
2 5
Case #194:
2 2
1 1
Case #195:
2 5
1 5
1 5
1 5
5 5
1 5
1 5
1 5
Case #196:
1 3
3 3
1 3
1 3
Case #197:
1 1
2 2
Case #198:
1 3
2 3
1 3
2 3
Case #199:
3 3
2 3
1 1
2 3
Case #200:
1 5
1 5
1 5
1 5
1 5
2 5
1 5
1 5
Case #201:
2 2
1 1
Case #202:
1 1
2 2
Case #203:
1 9
1 9
1 9
1 9
1 9
1 9
1 9
1 9
1 9
1 9
1 9
1 9
1 9
1 9
1 9
1 9
Case #204:
1 9
1 9
1 9
2 9
1 9
1 9
1 9
1 9
1 9
1 9
1 9
1 9
1 9
3 9
1 9
1 9
Case #205:
2 5
1 5
1 5
2 5
1 5
1 5
1 5
1 5
Case #206:
3 5
1 5
1 5
1 5
1 5
1 5
1 5
1 5
Case #207:
1 5
1 5
2 5
2 5
1 5
1 5
1 5
1 5
Case #208:
2 5
2 5
2 5
1 5
1 5
1 5
2 5
2 5
Case #209:
2 5
2 5
2 5
2 5
2 5
2 5
2 5
1 1
Case #210:
1 9
1 9
1 9
1 9
1 9
1 9
1 9
1 9
1 9
1 9
1 9
1 9
1 9
1 9
2 9
1 9
Case #211:
2 5
5 5
1 5
1 5
1 5
2 5
2 5
1 5
Case #212:
1 9
1 9
1 9
1 9
1 9
1 9
1 9
1 9
1 9
1 9
1 9
1 9
1 9
1 9
1 9
1 9
Case #213:
1 9
1 9
1 9
1 9
1 9
1 9
1 9
1 9
1 9
1 9
1 9
1 9
1 9
1 9
1 9
1 9
Case #214:
2 2
1 1
Case #215:
2 2
1 1
Case #216:
2 5
1 5
1 5
1 5
1 5
1 5
1 5
1 5
Case #217:
1 3
2 3
1 3
2 3
Case #218:
2 3
2 3
2 3
1 1
Case #219:
1 9
1 9
1 9
1 9
1 9
1 9
1 9
1 9
1 9
1 9
1 9
1 9
1 9
1 9
1 9
1 9
Case #220:
2 2
1 1
Case #221:
1 1
2 2
Case #222:
1 5
1 5
1 5
1 5
2 5
2 5
1 5
2 5
Case #223:
2 5
1 5
2 5
2 5
1 5
1 5
1 5
2 5
Case #224:
1 9
1 9
1 9
1 9
1 9
1 9
1 9
1 9
1 9
1 9
1 9
1 9
1 9
1 9
1 9
1 9
Case #225:
2 2
1 1
Case #226:
1 1
2 2
Case #227:
1 5
2 5
1 5
2 5
1 5
1 5
1 5
1 5
Case #228:
1 3
2 3
1 3
2 3
Case #229:
3 3
1 1
2 3
2 3
Case #230:
1 9
1 9
1 9
1 9
1 9
1 9
1 9
1 9
1 9
1 9
1 9
1 9
1 9
1 9
1 9
1 9
Case #231:
2 2
1 1
Case #232:
1 5
1 5
2 5
1 5
2 5
5 5
1 5
1 5
Case #233:
1 5
2 5
2 5
1 5
1 5
2 5
1 5
1 5
Case #234:
1 5
2 5
1 5
1 5
1 5
1 5
2 5
1 5
Case #235:
1 3
1 3
3 3
1 3
Case #236:
2 3
2 3
1 3
1 3
Case #237:
1 1
2 3
2 3
2 3
Case #238:
1 1
2 2
Case #239:
2 2
1 1
Case #240:
1 9
1 9
1 9
1 9
1 9
1 9
1 9
1 9
1 9
1 9
1 9
1 9
1 9
1 9
1 9
1 9
Case #241:
1 1
2 2
Case #242:
1 3
1 3
2 3
2 3
Case #243:
1 9
1 9
1 9
1 9
1 9
1 9
1 9
1 9
1 9
1 9
1 9
1 9
1 9
1 9
1 9
1 9
Case #244:
2 3
1 3
2 3
1 3
Case #245:
1 1
2 2
Case #246:
1 3
1 3
1 3
3 3
Case #247:
3 3
1 3
1 3
1 3
Case #248:
1 9
1 9
1 9
1 9
1 9
1 9
1 9
1 9
1 9
1 9
1 9
1 9
1 9
1 9
1 9
1 9
Case #249:
1 1
2 2
Case #250:
1 1
2 2
