Case #1: 3
Case #2: 1
Case #3: 1 2
Case #4: 2 7
Case #5: 1
Case #6: 8732480 916910149
Case #7: 16
Case #8: 268822560488 170164680788336 340060539016184 509956397244032 679852255471880 849748113699728 1019643971927576 1189539830155424 1359435688383272 1529331546611120
Case #9: 7 49
Case #10: 1 2 3 4 5 6 7 8 9 10 11 12 13 14 15 16 17 18 19 20 21 22 23 24 25 26 27 28 29 30 31 32 33 34 35 36 37 38 39 40 41 42 43 44 45 46 47 48 49 50 51 52 53 54 55 56 57 58 59 60 61 62 63 64 65 66 67 68 69 70 71 72 73 74
Case #11: 875693751356 193528319049556
Case #12: 1 2 3
Case #13: 28
Case #14: 12345678900000001
Case #15: 3847 926903 1849959 2773015 3696071 4619127 5542183 6465239 7388295 8311351 9234407 10157463 11080519 12003575 12926631 13618861
Case #16: 47616969531046 23856101735053646 47664586500576246 71473071266098846 95281556031621446 116708258654522551
Case #17: 11 230 441
Case #18: 72 14565 29058 43551 58044 72537 87030 101523 116016 130509 145002 159495 173988 188481 202974 217467 231960 246453 260946 275439 289932 304425 318918
Case #19: 12538804 4376042284 8739545764 13103049244 17466552724 21830056204 26193559684 30557063164 34920566644 39284070065
Case #20: 1 2 3 4 5 6 7 8 9 10 11 12 13 14 15 16 17 18 19 20 21 22 23 24 25 26 27 28 29 30 31 32 33 34 35 36 37 38 39 40 41 42 43 44 45 46 47 48 49 50 51 52 53 54 55 56 57 58 59 60 61 62 63 64 65 66 67 68 69 70 71 72 73 74 75 76 77 78 79 80 81 82 83 84 85 86 87 88 89 90 91 92 93 94 95 96 97 98 99 100
Case #21: 476655469 177315834146 354155012823 530994191500 707833370177 884672548854 1061511727531 1238350903237
Case #22: 1
Case #23: 103480286068387 29905802673763699 57220458984375001
Case #24: 2 48 94 140 186 232 278 324 370 416 462
Case #25: 196139589 24909724126
Case #26: 22 1165 2308 3451 4594 5737 6499
Case #27: 53507 9684612 19315717 28946822 38577927 48209032 57840137 67419144
Case #28: 40673157017910 19970520095793420 39900367034568930 59830213973344440 79760060912119950
Case #29: 2739129
Case #30: 494266 74634052 148773838 222913624 296577425
Case #31: 10204 4050608 8091012 12131416 16171820 20212224 24252628 28293032 32333436 36373840 40414244 44454648 48495052 52535456 56575860 60616264 64656668 68697072 72737476 76777880 80818284 84858688 88899092 92939496 96979900
Case #32: 2 12
Case #33: 2 82 162 242 322 402 482 562 642 722 802 882 962 1042 1122 1202 1282 1362 1442 1483
Case #34: 2 122 242 362 482 602 722 842 962 1082 1202 1322 1442 1562 1682 1802 1922 2042 2162 2282 2402 2522 2642 2762 2882 3002 3122 3242 3362 3423
Case #35: 71 14150 28229 42308 56387 70466 84545 98624 112703 126782 140861 154940 169019 183098 197177 211256 225335 239414 253493 267572 281651 295730 309741
Case #36: 21227 2780632 5540037 8299442 11058847 13797784
Case #37: 355457590375447
Case #38: 661131627677 487254009597277 973846887566877 1460439765536477 1947032643506077 2433625521475677 2920218399445277 3406811277414877 3893404155384477 4379997033354077 4866589911323677 5353182788480083
Case #39: 1250999896492 226426380877825
Case #40: 234611 70617636 141000661 211383686 281766711 352149736 422532761 492915786 563298811 633681836 704064861 774447886 830750461
Case #41: 623749 57384866
Case #42: 193011082 59640424079 119087837076 178535250073 237982663070 297430076067 356873293126
Case #43: 1
Case #44: 2 138 274 410 546 682 818 954 1090 1226 1362 1498 1634 1770 1906 2042 2178 2314 2450 2586 2722 2858 2994 3130 3266 3402 3538 3674 3810 3946 4082 4218 4354 4423
Case #45: 32501556 14463192012 28893882468 43324572924 57755263380 72185953836 86616644292 101047334748 115478025204 129908715660 144339406116 158770096572 173200359376
Case #46: 9265100944259206
Case #47: 57 8970 17883 26796 35709 44622 53535 62448 71361 80274 89187 98100 107013 115926 124839 133752 142665 151578
Case #48: 1
Case #49: 2895057742029 1540170718758978 3077446379775927 4614722040792876 6151997701809825 7689273362826774 9226549023624001
Case #50: 1
Case #51: 18508819 3516675470 7014842121 10513008772
Case #52: 30224379232245 22607835665718594 45185446952204943 67763058238691292 90340669525177641 112918280811663990 135495892098150339 158073503384636688 180651114671123037 203228370376077313
Case #53: 30399297484750849
Case #54: 77 16730 33383 50036 66689 83342 99995 116648 133301 149954 166607 183260 199913 216566 233219 249872 266525 283178 299831 316484 333137 349790 366443 383096 399675
Case #55: 1
Case #56: 75 15846 31617 47388 63159 78930 94701 110472 126243 142014 157785 173556 189327 205098 220869 236640 252411 268182 283953 299724 315495 331266 347037 362808
Case #57: 1968615202302 478373494159265 911383246700279
Case #58: 6
Case #59: 102030405060709 91011121314151618 181920212223242527 272829303132333436 363738394041424345 454647484950515254 545556575859606163 636465666768697072 727374757677787981 818283848586878890 909192939495969799 990000000000000001
Case #60: 1
Case #61: 1 2 3 4 5 6 7
Case #62: 83385908498332846
Case #63: 6038339857 3767924070194 7529809800531 11291695530868 15053581261205 18815466991542 22577352721879 26339238452216 30101124182553 33863009912890 37624895643227 41386781373564 45148667103811
Case #64: 6461621320876
Case #65: 4398046511105
Case #66: 2 162 322 482 642 802 962 1122 1282 1442 1602 1762 1922 2082 2242 2402 2562 2722 2882 3042 3202 3362 3522 3682 3842 4002 4162 4322 4482 4642 4802 4962 5122 5282 5442 5602 5762 5922 6082 6163
Case #67: 1
Case #68: 2
Case #69: 2758864 350375651 697992057
Case #70: 305860 40679284 81052708 121426109
Case #71: 137438953473
Case #72: 2 128 254 380 506 632 758 884 1010 1136 1262 1388 1514 1640 1766 1892 2018 2144 2270 2396 2522 2648 2774 2900 3026 3152 3278 3404 3530 3656 3782
Case #73: 1
Case #74: 31 2470 4909 7348 9787 12226 14665 17104 19543 21169
Case #75: 1 2 3 4 5 6
Case #76: 9472656251
Case #77: 5
Case #78: 23452286765157 16909098757677558 33794745228589959 50680391699502360 67566038170414761 84451684641327162 101337331112239563 118222977583151964 135108624054064365
Case #79: 1 2 3 4
Case #80: 1 2 3 4 5 6 7 8 9 10 11 12 13 14 15 16 17 18 19 20 21 22 23 24 25
Case #81: 2 204 406 608 810 1012 1214 1416 1618 1820 2022 2224 2426 2628 2830 3032 3234 3436 3638 3840 4042 4244 4446 4648 4850 5052 5254 5456 5658 5860 6062 6264 6466 6668 6870 7072 7274 7476 7678 7880 8082 8284 8486 8688 8890 9092 9294 9496 9698 9900
Case #82: 343955644822656 151684439366790977 303024923088759298 454365406810656933
Case #83: 71327456962949 60414356047617038 120757384638271127 181100413228925216 241443441819579305 301786470410233394 362129499000887483 422472527591541572 482815556182195661 543158584772849750 603501613281177501
Case #84: 1
Case #85: 511713754 56327602177
Case #86: 114383962274806
Case #87: 875180870876167 315940294386296071 631005407872100710
Case #88: 19011 2395286 4771561 7147836 9524111 11424401
Case #89: 103 30406 60709 91012 121315 151618 181921 212224 242527 272830 303133 333436 363739 394042 424345 454648 484951 515254 545557 575860 606163 636466 666769 697072 727375 757678 787981 818284 848587 878890 909193 939496 969799 990001
Case #90: 2 194 386 578 770 962 1154 1346 1538 1730 1922 2114 2306 2498 2690 2882 3074 3266 3458 3650 3842 4034 4226 4418 4610 4802 4994 5186 5378 5570 5762 5954 6146 6338 6530 6722 6914 7106 7298 7490 7682 7874 8066 8258 8450 8642 8834 8931
Case #91: 1 2 3 4 5 6 7 8 9 10 11 12 13 14 15 16 17 18 19 20 21 22 23 24 25 26 27 28 29 30 31 32 33 34 35 36 37 38 39 40 41 42 43 44 45 46 47 48 49 50 51 52 53 54 55 56 57 58 59 60 61 62 63 64 65 66 67 68 69 70 71 72 73 74 75 76 77 78 79 80 81 82 83 84
Case #92: 1
Case #93: 144115188075855873
Case #94: 1 2 3 4 5 6 7 8 9 10 11 12 13 14 15 16 17 18 19 20 21 22 23 24 25 26 27 28 29 30 31 32 33 34 35 36 37 38 39 40 41 42 43 44 45 46 47 48 49 50 51 52 53 54 55 56 57 58 59 60 61 62 63 64 65 66 67 68 69 70 71 72 73 74 75 76 77 78 79 80 81 82 83 84 85 86 87 88 89 90 91
Case #95: 5399334079 3293593787630 6581788241181 9869982694732 13158177148283 16446371601834 19734566055385 23022760508936 26310954962487 29599149416038 32887343869589 36175538323140 39463732087297
Case #96: 1235 56790
Case #97: 1
Case #98: 5779 1716083 3426387 5136691 6846995 8557299 10267603 11977907 13688211 15398515 17108819 18819123 20529427 22239731 23950035 25660339 27370643 29080947 30791176
Case #99: 361254 50214204 100067154 149920104
Case #100: 544811 218468836 436392861 654316886 872240911 1090164936 1308088961 1526012986 1743937011 1961861036 2179785061 2397709086 2615633111 2833557136 3051481161 3269405186 3443737681
