Case #1: 15 25
Case #2: 0 0
Case #3: 81 567
Case #4: 181 244
Case #5: 0 0
Case #6: 500 500
Case #7: 100 900
Case #8: 66 125
Case #9: 26 80
Case #10: 65 182
Case #11: 96 289
Case #12: 126 360
Case #13: 84 351
Case #14: 282 390
Case #15: 178 478
Case #16: 143 256
Case #17: 138 360
Case #18: 113 411
Case #19: 120 278
Case #20: 228 476
Case #21: 143 405
Case #22: 107 386
Case #23: 192 398
Case #24: 80 361
Case #25: 160 279
Case #26: 150 268
Case #27: 150 262
Case #28: 98 312
Case #29: 143 460
Case #30: 146 391
Case #31: 139 336
Case #32: 159 329
Case #33: 92 454
Case #34: 99 326
Case #35: 93 254
Case #36: 146 353
Case #37: 195 370
Case #38: 159 345
Case #39: 146 362
Case #40: 162 367
Case #41: 185 455
Case #42: 100 331
Case #43: 239 479
Case #44: 136 421
Case #45: 120 347
Case #46: 120 452
Case #47: 197 407
Case #48: 120 284
Case #49: 186 472
Case #50: 229 417
Case #51: 210 369
Case #52: 190 334
Case #53: 99 351
Case #54: 148 286
Case #55: 156 371
Case #56: 149 500
Case #57: 93 442
Case #58: 171 330
Case #59: 109 384
Case #60: 186 422
Case #61: 164 504
Case #62: 187 380
Case #63: 107 303
Case #64: 125 564
Case #65: 155 430
Case #66: 131 313
Case #67: 106 366
Case #68: 125 344
Case #69: 72 231
Case #70: 132 482
Case #71: 130 340
Case #72: 134 427
Case #73: 119 345
Case #74: 160 448
Case #75: 160 430
Case #76: 249 400
Case #77: 103 368
Case #78: 173 411
Case #79: 162 527
Case #80: 137 401
Case #81: 170 266
Case #82: 213 389
Case #83: 145 501
Case #84: 99 196
Case #85: 176 405
Case #86: 205 327
Case #87: 155 380
Case #88: 223 447
Case #89: 109 316
Case #90: 114 217
Case #91: 230 426
Case #92: 151 369
Case #93: 98 301
Case #94: 110 345
Case #95: 89 322
Case #96: 73 235
Case #97: 154 335
Case #98: 154 328
Case #99: 213 367
Case #100: 94 301
