Case #1:
0
Case #2:
0
0
0
0
0
0
0
0
0
0
0
0
0
0
0
0
0
0
0
0
0
0
0
0
0
0
0
0
0
0
0
0
0
0
0
0
0
0
0
0
0
0
0
0
0
0
0
0
0
0
0
0
0
0
0
0
0
0
0
0
0
0
0
0
0
0
0
0
0
0
0
0
0
0
0
0
0
0
0
0
0
0
0
0
0
0
0
0
0
0
0
0
0
0
0
0
0
0
0
0
0
0
0
0
0
0
0
0
0
0
0
0
0
0
0
0
0
0
0
0
0
0
0
0
0
0
0
0
0
0
0
0
0
0
0
0
0
0
0
0
0
0
0
0
0
0
0
0
0
0
0
0
0
0
0
0
0
0
0
0
0
0
0
0
0
0
0
0
0
0
0
0
0
0
0
0
0
0
0
0
0
0
0
0
0
0
0
0
0
0
0
0
0
0
0
0
0
0
0
0
0
0
0
0
0
0
0
0
0
0
0
0
0
0
0
0
0
0
0
0
0
0
0
0
0
0
0
0
0
0
0
0
0
0
0
0
0
0
0
0
0
0
0
0
0
0
0
0
0
0
0
0
0
0
0
0
0
0
0
0
0
0
0
0
0
0
0
0
0
0
0
0
0
0
0
0
0
0
0
0
0
0
0
0
0
0
0
0
0
0
0
0
0
0
0
0
0
0
0
0
0
0
0
0
0
0
0
0
0
0
0
0
0
0
0
0
0
0
0
0
0
0
0
0
0
0
0
0
0
0
0
0
0
0
0
0
0
0
0
0
0
0
0
0
0
0
0
0
0
0
0
0
0
0
0
0
0
0
0
0
0
0
0
0
0
0
0
0
0
0
0
0
0
0
0
0
0
0
0
0
0
0
0
0
0
0
0
0
0
0
0
0
0
0
0
0
0
0
0
0
0
0
0
0
0
0
0
0
0
0
0
0
0
0
0
0
0
0
0
0
0
0
0
0
0
0
0
0
0
0
0
0
0
0
0
0
0
0
0
0
0
0
0
0
0
0
0
0
0
0
0
0
0
0
0
0
0
0
0
0
0
0
0
0
0
0
0
0
0
0
0
0
0
0
0
0
0
0
0
0
0
0
0
0
0
0
0
0
0
0
0
0
0
0
0
0
0
0
0
0
0
0
0
0
0
0
0
0
0
0
0
0
0
0
0
0
0
0
0
0
0
0
0
0
0
0
0
0
0
0
0
0
0
0
0
0
0
0
0
0
0
0
0
0
0
0
0
0
0
0
0
0
0
0
0
0
0
0
0
0
0
0
0
0
0
0
0
0
0
0
0
0
0
0
0
0
0
0
0
0
0
0
0
0
0
0
0
0
0
0
0
0
0
0
0
0
0
0
0
0
0
0
0
0
0
0
0
0
0
0
0
0
0
0
0
0
0
0
0
0
0
0
0
0
0
0
0
0
0
0
0
0
0
0
0
0
0
0
0
0
0
0
0
0
0
0
0
0
0
0
0
0
0
0
0
0
0
0
0
0
0
0
0
0
0
0
0
0
0
0
0
0
0
0
0
0
0
0
0
0
0
0
0
0
0
0
0
0
0
0
0
0
0
0
0
0
0
0
0
0
0
0
0
0
0
0
0
0
0
0
0
0
0
0
0
0
0
0
0
0
0
0
0
0
0
0
0
0
0
0
0
0
0
0
0
0
0
0
0
0
0
0
0
0
0
0
0
0
0
0
0
0
0
0
0
0
0
0
0
0
0
0
0
0
0
0
0
0
0
0
0
0
0
0
0
0
0
0
0
0
0
0
0
0
0
0
0
0
0
0
0
0
0
0
0
0
0
0
0
0
0
0
0
0
0
0
0
0
0
0
0
0
0
0
0
0
0
0
0
0
0
0
0
0
0
0
0
0
0
0
0
0
0
0
0
0
0
0
0
0
0
0
0
0
0
0
0
0
0
0
0
0
0
0
0
0
0
0
0
0
0
0
0
0
0
0
0
0
0
0
0
0
0
0
0
0
0
0
0
0
0
0
0
0
0
0
0
0
0
0
0
0
0
0
0
0
0
0
0
0
0
0
0
0
0
0
0
0
0
0
0
0
0
0
0
0
0
0
0
0
0
0
0
0
0
0
0
0
0
0
0
0
0
0
0
0
0
0
0
0
0
0
0
0
0
0
0
0
0
0
0
0
0
0
0
0
0
0
0
0
0
0
0
0
0
0
0
0
0
0
0
0
0
0
0
0
0
0
0
0
0
0
0
0
0
0
0
0
0
0
0
0
0
0
0
0
0
0
0
0
0
0
0
0
0
0
0
0
0
0
0
0
0
0
0
0
0
0
0
0
0
0
0
0
0
0
0
0
0
0
0
0
0
0
0
0
0
0
0
0
0
0
0
0
0
0
0
0
0
0
0
0
0
0
0
0
0
0
0
0
0
0
0
0
0
0
0
0
0
0
0
0
0
0
0
0
0
0
0
0
0
0
0
0
0
0
0
0
0
0
0
0
0
0
0
0
0
0
0
0
0
0
0
0
0
0
0
0
0
0
0
0
0
0
0
0
0
0
0
0
0
0
0
0
0
0
0
0
0
0
0
0
0
0
0
0
0
0
0
0
0
0
0
0
0
0
0
0
0
0
0
0
0
0
0
0
0
0
0
0
0
0
0
0
0
0
0
0
0
0
0
0
0
0
0
0
0
0
0
0
0
0
0
0
0
0
0
0
0
0
0
0
0
0
0
0
0
0
0
0
0
0
0
0
0
0
0
0
0
0
0
0
0
0
0
0
0
0
0
0
0
0
0
0
0
0
0
0
0
0
0
0
0
0
0
0
0
0
0
0
0
0
0
0
0
0
0
0
0
0
0
0
0
0
0
0
0
0
0
0
0
0
0
0
0
0
0
0
0
0
0
0
0
0
0
0
0
0
0
0
0
0
0
0
0
0
0
0
0
0
0
0
0
0
0
0
0
0
0
0
0
0
0
0
0
0
0
0
0
0
0
0
0
0
0
0
0
0
0
0
0
0
0
0
0
0
0
0
0
0
0
0
0
0
0
0
0
0
0
0
0
0
0
0
0
0
0
0
0
0
0
0
0
0
0
0
0
0
0
0
0
0
0
0
0
0
0
0
0
0
0
0
0
0
0
0
0
0
0
0
0
0
0
0
0
0
0
0
0
0
0
0
0
0
0
0
0
0
0
0
0
0
0
0
0
0
0
0
0
0
0
0
0
0
0
0
0
0
0
0
0
0
0
0
0
0
0
0
0
0
0
0
0
0
0
0
0
0
0
0
0
0
0
0
0
0
0
0
0
0
0
0
0
0
0
0
0
0
0
0
0
0
0
0
0
0
0
0
0
0
0
0
0
0
0
0
0
0
0
0
0
0
0
0
0
0
0
0
0
0
0
0
0
0
0
0
0
0
0
0
0
0
0
0
0
0
0
0
0
0
0
0
0
0
0
0
0
0
0
0
0
0
0
0
0
0
0
0
0
0
0
0
0
0
0
0
0
0
0
0
0
0
0
0
0
0
0
0
0
0
0
0
0
0
0
0
0
0
0
0
0
0
0
0
0
0
0
0
0
0
0
0
0
0
0
0
0
0
0
0
0
0
0
0
0
0
0
0
0
0
0
0
0
0
0
0
0
0
0
0
0
0
0
0
0
0
0
0
0
0
0
0
0
0
0
0
0
0
0
0
0
0
0
0
0
0
0
0
0
0
0
0
0
0
0
0
0
0
0
0
0
0
0
0
0
0
0
0
0
0
0
0
0
0
0
0
0
0
0
0
0
0
0
0
0
0
0
0
0
0
0
0
0
0
0
0
0
0
0
0
0
0
0
0
0
0
0
0
0
0
0
0
0
0
0
0
0
0
0
0
0
0
0
0
0
0
0
0
0
0
0
0
0
0
0
0
0
0
0
0
0
0
0
0
0
0
0
0
0
0
0
0
0
0
0
0
0
0
0
0
0
0
0
0
0
0
0
0
0
0
0
0
0
0
0
0
0
0
0
0
0
0
0
0
0
0
0
0
0
0
0
0
0
0
0
0
0
0
0
0
0
0
0
0
0
0
0
0
0
0
0
0
0
0
0
0
0
0
0
Case #3:
0
0
0
0
0
0
0
0
0
0
0
0
0
0
0
0
0
0
0
0
0
0
0
0
0
0
0
0
0
0
0
0
0
0
0
0
0
0
0
0
0
0
0
0
0
0
0
0
0
0
0
0
0
0
0
0
0
0
0
0
0
0
0
0
0
0
0
0
0
0
0
0
0
0
0
0
0
0
0
0
0
0
0
0
0
0
0
0
0
0
0
0
0
0
0
0
0
0
0
0
0
0
0
0
0
0
0
0
0
0
0
0
0
0
0
0
0
0
0
0
0
0
0
0
0
0
0
0
0
0
0
0
0
0
0
0
0
0
0
0
0
0
0
0
0
0
0
0
0
0
0
0
0
0
0
0
0
0
0
0
0
0
0
0
0
0
0
0
0
0
0
0
0
0
0
0
0
0
0
0
0
0
0
0
0
0
0
0
0
0
0
0
0
0
0
0
0
0
0
0
0
0
0
0
0
0
0
0
0
0
0
0
0
0
0
0
0
0
0
0
0
0
0
0
0
0
0
0
0
0
0
0
0
0
0
0
0
0
0
0
0
0
0
0
0
0
0
0
0
0
0
0
0
0
0
0
0
0
0
0
0
0
0
0
0
0
0
0
0
0
0
0
0
0
0
0
0
0
0
0
0
0
0
0
0
0
0
0
0
0
0
0
0
0
0
0
0
0
0
0
0
0
0
0
0
0
0
0
0
0
0
0
0
0
0
0
0
0
0
0
0
0
0
0
0
0
0
0
0
0
0
0
0
0
0
0
0
0
0
0
0
0
0
0
0
0
0
0
0
0
0
0
0
0
0
0
0
0
0
0
0
0
0
0
0
0
0
0
0
0
0
0
0
0
0
0
0
0
0
0
0
0
0
0
0
0
0
0
0
0
0
0
0
0
0
0
0
0
0
0
0
0
0
0
0
0
0
0
0
0
0
0
0
0
0
0
0
0
0
0
0
0
0
0
0
0
0
0
0
0
0
0
0
0
0
0
0
0
0
0
0
0
0
0
0
0
0
0
0
0
0
0
0
0
0
0
0
0
0
0
0
0
0
0
0
0
0
0
0
0
0
0
0
0
0
0
0
0
0
0
0
0
0
0
0
0
0
0
0
0
0
0
0
0
0
0
0
0
0
0
0
0
0
0
0
0
0
0
0
0
0
0
0
0
0
0
0
0
0
0
0
0
0
0
0
0
0
0
0
0
0
0
0
0
0
0
0
0
0
0
0
0
0
0
0
0
0
0
0
0
0
0
0
0
0
0
0
0
0
0
0
0
0
0
0
0
0
0
0
0
0
0
0
0
0
0
0
0
0
0
0
0
0
0
0
0
0
0
0
0
0
0
0
0
0
0
0
0
0
0
0
0
0
0
0
0
0
0
0
0
0
0
0
0
0
0
0
0
0
0
0
0
0
0
0
0
0
0
0
0
0
0
0
0
0
0
0
0
0
0
0
0
0
0
0
0
0
0
0
0
0
0
0
0
0
0
0
0
0
0
0
0
0
0
0
0
0
0
0
0
0
0
0
0
0
0
0
0
0
0
0
0
0
0
0
0
0
0
0
0
0
0
0
0
0
0
0
0
0
0
0
0
0
0
0
0
0
0
0
0
0
0
0
0
0
0
0
0
0
0
0
0
0
0
0
0
0
0
0
0
0
0
0
0
0
0
0
0
0
0
0
0
0
0
0
0
0
0
0
0
0
0
0
0
0
0
0
0
0
0
0
0
0
0
0
0
0
0
0
0
0
0
0
0
0
0
0
0
0
0
0
0
0
0
0
0
0
0
0
0
0
0
0
0
0
0
0
0
0
0
0
0
0
0
0
0
0
0
0
0
0
0
0
0
0
0
0
0
0
0
0
0
0
0
0
0
0
0
0
0
0
0
0
0
0
0
0
0
0
0
0
0
0
0
0
0
0
0
0
0
0
0
0
0
0
0
0
0
0
0
0
0
0
0
0
0
0
0
0
0
0
0
0
0
0
0
0
0
0
0
0
0
0
0
0
0
0
0
0
0
0
0
0
0
0
0
0
0
0
0
0
0
0
0
0
0
0
0
0
0
0
0
0
0
0
0
0
0
0
0
0
0
0
0
0
0
0
0
0
0
0
0
0
0
0
0
0
0
0
0
0
0
0
0
0
0
0
0
0
0
0
0
0
0
0
0
0
0
0
0
0
0
0
0
0
0
0
0
0
0
0
0
0
0
0
0
0
0
0
0
0
0
0
0
0
0
0
0
0
0
0
0
0
0
0
0
0
0
0
0
0
0
0
0
0
0
0
0
0
0
0
0
0
0
0
0
0
0
0
0
0
0
0
0
0
0
0
0
0
0
0
0
0
0
0
0
0
0
0
0
0
0
0
0
0
0
0
0
0
0
0
0
0
0
0
0
0
0
0
0
0
0
0
0
0
0
0
0
0
0
0
0
0
0
0
0
0
0
0
0
0
0
0
0
0
0
0
0
0
0
0
0
0
0
0
0
0
0
0
0
0
0
0
0
0
0
0
0
0
0
0
0
0
0
0
0
0
0
0
0
0
0
0
0
0
0
0
0
0
0
0
0
0
0
0
0
0
0
0
0
0
0
0
0
0
0
0
0
0
0
0
0
0
0
0
0
0
0
0
0
0
0
0
0
0
0
0
0
0
0
0
0
0
0
0
0
0
0
0
0
0
0
0
0
0
0
0
0
0
0
0
0
0
0
0
0
0
0
0
0
0
0
0
0
0
0
0
0
0
0
0
0
0
0
0
0
0
0
0
0
0
0
0
0
0
0
0
0
0
0
0
0
0
0
0
0
0
0
0
0
0
0
0
0
0
0
0
0
0
0
0
0
0
0
0
0
0
0
0
0
0
0
0
0
0
0
0
0
0
0
0
0
0
0
0
0
0
0
0
0
0
0
0
0
0
0
0
0
0
0
0
0
0
0
0
0
0
0
0
0
0
0
0
0
0
0
0
0
0
0
0
0
0
0
0
0
0
0
0
0
0
0
0
0
0
0
0
0
0
0
0
0
0
0
0
0
0
0
0
0
0
0
0
0
0
0
0
0
0
0
0
0
0
0
0
0
0
0
0
0
0
0
0
0
0
0
0
0
0
0
0
0
0
0
0
0
0
0
0
0
0
0
0
0
0
0
0
0
0
0
0
0
0
0
0
0
0
0
0
0
0
0
0
0
0
0
0
0
0
0
0
0
0
0
0
0
0
0
0
0
0
0
0
0
0
0
0
0
0
0
0
0
0
0
0
0
0
0
0
0
0
0
0
0
0
0
0
0
0
0
0
0
0
0
0
0
0
0
0
0
0
0
0
0
0
0
0
0
0
0
0
0
0
0
0
0
0
0
0
0
0
0
0
0
0
0
0
0
0
0
0
0
0
0
0
0
0
0
0
0
0
0
0
0
0
0
0
0
0
0
0
0
0
0
0
0
0
0
0
0
0
0
0
0
0
0
0
0
0
0
0
0
0
0
0
0
0
0
0
0
0
0
0
0
0
0
0
0
0
0
0
0
0
0
0
0
0
0
0
0
0
0
0
0
0
0
0
0
0
0
0
0
0
0
0
0
0
0
0
0
0
0
0
0
0
0
0
0
0
0
0
0
0
0
0
0
0
0
0
0
0
0
0
0
0
0
0
0
0
0
0
0
0
0
0
0
0
0
0
0
0
0
0
0
0
0
0
0
0
0
0
0
0
0
0
0
0
0
0
0
0
0
0
0
0
0
0
0
0
0
0
0
0
0
0
0
0
0
0
0
0
0
0
0
0
0
0
0
0
0
0
0
0
0
0
0
0
0
0
0
0
0
0
0
0
0
0
0
0
0
0
0
0
0
0
0
0
0
0
0
0
0
0
0
0
0
0
0
0
0
0
0
0
0
0
0
0
0
0
0
0
0
0
0
0
0
0
0
0
0
0
0
0
0
0
0
0
0
0
0
0
0
0
0
0
0
0
0
0
0
0
0
0
0
0
0
0
0
0
0
0
0
0
0
0
0
0
0
0
0
0
0
0
0
0
0
0
0
0
0
0
0
0
0
0
0
0
0
0
0
0
0
0
0
0
0
0
0
0
0
0
0
0
0
0
0
0
0
0
0
0
0
0
0
0
0
0
0
0
0
0
0
0
0
0
0
0
0
0
0
0
0
0
0
0
0
0
0
0
0
0
0
0
0
0
0
0
0
0
0
0
0
0
0
0
0
0
0
0
0
0
0
0
0
0
0
0
0
0
0
0
0
0
0
0
0
0
0
0
0
0
0
0
0
0
0
0
0
0
0
0
0
0
0
0
0
0
0
0
0
0
0
0
0
0
0
0
0
0
0
0
0
0
0
0
0
0
0
0
0
0
0
0
0
0
0
0
0
0
0
0
0
0
0
0
0
0
0
0
0
0
0
0
0
0
0
0
0
0
0
0
0
0
0
0
0
0
0
0
0
0
0
0
0
0
0
0
0
0
0
0
0
0
0
0
0
0
0
0
0
0
0
0
0
0
0
0
0
0
0
0
0
0
0
0
0
0
0
0
0
0
0
0
0
0
0
0
0
0
0
0
0
0
0
0
0
0
0
0
0
0
0
0
0
0
0
0
0
0
0
0
0
0
0
0
0
0
0
0
0
0
0
0
0
0
0
0
0
0
0
0
0
0
0
0
0
0
0
0
0
0
0
0
0
0
0
0
0
0
0
0
0
0
0
0
0
0
0
0
0
0
0
0
0
0
0
0
0
0
0
0
0
0
0
0
0
0
0
0
0
0
0
0
0
0
0
0
0
0
0
0
0
0
0
0
0
0
0
0
0
0
0
0
0
0
0
0
0
0
0
0
0
0
0
0
0
0
0
0
0
0
0
0
0
0
0
0
0
0
0
0
0
0
0
0
0
0
0
0
0
0
0
0
0
0
0
0
0
0
0
0
0
0
0
0
0
0
0
0
0
0
0
0
0
0
0
0
0
0
0
0
0
0
0
0
0
0
0
0
0
0
0
0
0
0
0
0
0
0
0
0
0
0
0
0
0
0
0
0
0
0
0
0
0
0
0
0
0
0
0
0
0
0
0
0
0
0
0
0
0
0
0
0
0
0
0
0
0
0
0
0
0
0
0
0
0
0
0
0
0
0
0
0
0
0
0
0
0
0
0
0
0
0
0
0
0
0
0
0
0
0
0
0
0
0
0
0
0
0
0
0
0
0
0
0
0
0
0
0
0
0
0
0
0
0
0
0
0
0
0
0
0
0
0
0
0
0
0
0
0
0
0
0
0
0
0
0
0
0
0
0
0
0
0
0
0
0
0
0
0
0
0
0
0
0
0
0
0
0
0
0
0
0
0
0
0
0
0
0
0
0
0
0
0
0
0
0
0
0
0
0
0
0
0
0
0
0
0
0
0
0
0
0
0
0
0
0
0
0
0
0
0
0
0
0
0
0
0
0
0
0
0
0
0
0
0
0
0
0
0
0
0
0
0
0
0
0
0
0
0
0
0
0
0
0
0
0
0
0
0
0
0
0
0
0
0
0
0
0
0
0
0
0
0
0
0
0
0
0
0
0
0
0
0
0
0
0
0
0
0
0
0
0
0
0
0
0
0
0
0
0
0
0
0
0
0
0
0
0
0
0
0
0
0
0
0
0
0
0
0
0
0
0
0
0
0
0
0
0
0
0
0
0
0
0
0
0
0
0
0
0
0
0
0
0
0
0
0
0
0
0
0
0
0
0
0
0
0
0
0
0
0
0
0
0
0
0
0
0
0
0
0
0
0
0
0
0
0
0
0
0
0
0
0
0
0
0
0
0
0
0
0
0
0
0
0
0
0
0
0
0
0
0
0
0
0
0
0
0
0
0
0
0
0
0
0
0
0
0
0
0
0
0
0
0
0
0
0
0
0
0
0
0
0
0
0
0
0
0
0
0
0
0
0
0
0
0
0
0
0
0
0
0
0
0
0
0
0
0
0
0
0
0
0
0
0
0
0
0
0
0
0
0
0
0
0
0
0
0
0
0
0
0
0
0
0
0
0
0
0
0
0
0
0
0
0
0
0
0
0
0
0
0
0
0
0
0
0
0
0
0
0
0
0
0
0
0
0
0
0
0
0
0
0
0
0
0
0
0
0
0
0
0
0
0
0
0
0
0
0
0
0
0
0
0
0
0
0
0
0
0
0
0
Case #4:
12
20
26
29
0
35
26
50
23
15
14
6
44
7
16
7
78
15
46
49
27
13
64
0
60
33
29
48
31
73
11
64
20
23
53
22
0
23
41
21
2
2
21
6
10
5
27
60
9
48
30
31
51
76
15
0
7
0
8
60
0
61
2
0
24
56
10
22
51
23
17
37
48
84
16
40
71
0
27
57
9
28
44
8
36
0
10
0
13
1
11
0
0
11
32
1
39
26
6
4
4
42
8
19
10
69
25
14
0
0
27
18
18
42
0
16
28
31
57
1
58
2
3
52
41
7
16
10
58
9
63
12
5
1
53
39
36
7
18
18
10
18
24
36
74
25
59
34
3
33
0
7
51
3
2
4
10
8
16
24
5
14
4
34
11
6
18
24
43
39
2
1
19
0
6
5
5
65
10
6
91
33
39
23
25
32
4
11
0
7
62
10
25
32
10
2
81
66
17
15
32
46
43
22
0
2
49
30
Case #5:
889
611
34
109
1127
372
88
93
152
88
169
259
330
349
118
1267
149
218
51
287
233
111
731
19
119
85
552
70
227
766
476
707
80
67
539
25
155
21
455
139
283
265
20
63
272
78
23
214
379
157
133
20
529
633
197
41
62
300
974
103
422
4
146
58
390
403
679
214
1170
184
845
1129
1023
425
128
1224
580
462
1041
250
60
752
427
1314
37
348
510
311
34
57
12
397
433
55
843
412
530
1226
763
667
46
113
1043
498
12
95
243
736
125
137
55
2
64
137
183
343
1030
418
29
51
231
16
253
958
83
506
447
136
478
517
42
461
355
236
575
527
846
1223
172
56
790
53
16
159
125
28
207
50
447
1105
66
453
147
1188
227
598
602
651
61
711
334
599
88
916
37
597
1095
224
99
177
298
659
317
1312
274
438
769
421
89
1036
394
1167
1269
40
501
115
66
137
57
24
2
186
499
732
35
85
107
84
100
67
927
77
616
269
32
506
216
19
1
605
301
262
785
1329
32
167
2
30
84
316
242
33
352
0
604
123
201
187
411
1036
37
83
45
849
663
380
150
498
21
862
6
4
905
176
4
348
278
203
99
372
109
956
859
571
1208
620
317
175
883
649
476
29
52
328
552
414
7
110
484
152
350
256
385
564
267
82
138
732
341
231
97
20
6
53
981
13
96
1320
79
319
415
859
687
136
184
259
157
17
575
160
143
2
107
139
155
366
663
927
7
74
822
219
424
258
76
49
718
238
1020
494
15
505
314
145
201
9
179
4
264
70
26
1042
217
581
37
110
699
1238
620
38
1118
63
553
572
998
323
4
349
985
65
220
138
87
120
52
12
480
166
207
75
820
558
206
1050
319
165
603
103
1210
1286
430
119
27
129
22
428
275
377
439
278
180
33
356
467
207
451
425
211
97
1
5
424
57
131
38
98
980
175
1126
424
127
432
108
476
635
196
8
56
429
266
63
634
328
0
1421
277
28
447
888
876
11
1304
482
201
430
19
67
209
248
51
1275
16
2
45
400
815
653
715
158
35
332
25
12
461
315
526
131
27
285
538
217
539
280
252
365
506
1139
98
76
614
750
406
91
264
157
821
145
624
517
334
428
226
381
12
456
8
476
68
144
329
928
195
556
127
499
237
802
510
103
217
58
327
143
18
13
95
198
576
410
111
142
705
154
1225
782
84
291
25
218
480
5
111
36
555
102
45
486
697
734
515
451
567
8
320
275
949
275
266
197
186
136
346
543
21
307
62
699
22
31
565
119
89
10
115
140
13
598
487
170
292
49
122
176
66
332
250
152
228
692
40
211
61
1010
970
77
918
381
724
1016
0
551
390
207
258
159
489
32
457
9
237
1048
811
5
1030
30
261
404
118
96
158
418
398
182
435
80
199
164
960
415
1
393
306
585
404
39
132
617
68
288
558
318
373
551
557
120
66
244
70
620
101
84
345
97
81
130
1135
113
64
173
118
73
10
428
438
395
273
27
44
336
876
568
216
213
11
1134
380
15
329
85
484
43
10
77
327
630
461
99
1
49
1351
444
504
942
164
396
24
295
540
764
0
181
229
148
506
287
11
145
406
535
47
1247
450
499
25
317
40
153
416
1
481
33
454
424
285
214
263
313
372
927
1099
374
14
703
1
452
94
482
110
222
417
660
149
571
175
789
400
561
489
960
348
64
180
360
51
61
26
398
125
1053
882
136
1207
216
965
961
20
190
49
249
78
609
149
672
178
16
327
69
221
410
3
424
11
39
223
1015
715
2
666
282
294
1014
804
392
265
1025
873
33
249
0
110
185
14
270
3
807
776
115
338
588
43
263
481
81
355
444
193
188
84
514
270
169
1007
348
481
350
24
198
674
38
0
248
78
551
115
429
910
197
487
249
1015
865
350
135
256
353
652
311
175
88
992
279
156
111
139
56
415
98
490
217
37
65
89
0
303
48
962
705
81
430
631
257
794
601
1173
181
461
59
1164
13
759
38
3
677
906
225
0
512
214
124
413
185
674
549
110
144
140
489
5
418
507
13
351
227
142
315
42
96
205
6
652
6
342
279
701
345
193
791
314
29
7
354
628
251
451
936
61
101
249
17
91
85
8
43
606
215
129
27
197
1060
54
894
907
426
649
48
130
865
283
54
391
175
254
663
144
1346
859
312
326
765
42
1239
844
25
304
33
376
676
646
31
293
71
221
242
245
523
678
3
934
35
365
16
622
998
73
49
3
492
479
293
487
168
1215
1039
360
47
14
419
238
1417
7
81
605
50
1244
1223
794
678
614
473
125
999
215
1049
52
417
327
198
1093
710
146
721
19
181
165
4
216
7
165
290
205
930
132
423
35
1032
176
145
609
4
1120
667
810
357
5
11
133
82
96
1070
707
870
8
439
5
24
834
711
0
596
147
727
16
554
171
228
503
240
265
1
835
207
630
253
605
82
801
91
448
234
647
77
33
243
571
777
69
98
1
217
603
3
1090
54
344
630
227
50
56
485
74
181
431
502
74
62
267
290
296
207
887
869
185
1063
424
49
140
130
167
515
481
321
309
222
153
137
0
16
10
911
99
1244
168
132
157
171
153
208
856
37
779
506
403
136
147
355
263
177
809
749
806
264
469
197
333
193
44
267
954
841
981
591
753
892
77
671
280
241
956
654
204
3
256
554
784
35
19
8
339
257
348
387
538
707
12
142
253
277
893
328
637
577
600
247
345
564
26
28
54
180
25
483
935
1
111
126
106
282
84
968
1173
43
291
12
875
374
38
133
285
464
101
182
821
1107
323
469
332
878
422
338
504
326
77
442
257
61
378
390
329
93
89
256
387
702
450
494
159
493
242
373
664
65
465
82
142
1218
594
79
146
829
231
0
686
618
200
293
0
263
1075
241
723
887
790
629
29
33
778
931
78
273
139
101
141
31
721
494
208
27
513
897
141
244
673
1
668
19
913
77
483
26
117
327
146
450
380
282
665
429
335
494
7
459
405
92
676
88
97
49
465
293
15
1087
222
84
10
234
124
51
176
122
235
239
705
106
113
731
566
23
495
687
486
548
74
342
228
20
192
142
97
603
24
1154
74
592
597
515
471
285
243
279
12
129
214
249
127
492
113
298
53
451
131
421
961
42
990
111
203
552
626
1445
235
422
35
28
137
302
117
275
929
714
593
1292
1309
101
1281
4
119
333
518
907
175
402
137
45
133
585
16
929
244
348
386
48
576
130
94
374
1052
941
614
395
255
86
209
1161
365
113
546
403
1090
770
910
491
442
673
824
309
16
94
94
303
1124
127
1047
1020
381
279
409
438
190
711
1278
137
70
1105
646
31
407
236
855
1124
90
97
112
4
19
576
420
61
23
270
513
643
1
78
77
847
967
86
207
197
197
205
1078
575
10
63
80
109
213
501
1116
408
553
195
262
731
422
901
255
140
212
708
453
546
199
375
44
33
242
498
100
985
695
276
905
54
105
2
9
173
63
550
307
470
22
982
800
110
17
77
160
29
201
333
434
247
135
26
13
0
3
589
1052
71
44
436
576
141
317
30
649
630
89
272
1027
43
1132
632
576
333
18
34
26
909
164
16
174
573
752
13
2
1028
248
37
163
0
1179
27
627
628
198
166
476
565
977
193
439
426
598
596
642
891
43
202
501
146
149
8
233
6
668
12
62
578
323
783
51
531
728
459
40
661
155
666
376
655
521
1428
872
535
383
278
149
601
384
209
307
349
122
38
32
718
302
173
577
46
409
410
8
35
121
423
480
615
118
715
68
238
910
456
248
53
0
7
55
507
109
301
53
2
209
1125
31
1105
284
6
117
530
342
1044
144
406
206
133
183
38
1091
117
228
165
25
186
87
305
136
81
80
196
999
453
1185
931
202
590
341
191
129
73
220
179
362
35
265
416
478
560
157
146
920
1039
1177
547
156
465
10
983
241
320
272
2
310
7
57
44
351
320
48
695
328
689
18
491
84
808
369
79
934
97
644
312
77
795
67
397
17
5
63
121
123
719
5
739
1299
68
883
322
269
203
48
470
154
444
150
524
184
362
646
309
1060
97
50
33
473
72
542
28
908
272
270
977
82
33
586
63
1163
62
1194
275
592
710
190
193
14
1056
18
615
376
1144
704
42
536
362
626
301
54
1174
276
60
9
880
436
810
680
232
18
361
188
561
3
120
961
25
1366
695
42
576
14
140
321
1241
100
1226
1037
339
54
618
692
178
451
5
353
93
21
1001
165
1216
3
732
490
1152
559
1096
1023
70
664
896
732
618
1028
909
423
26
264
162
523
988
183
401
810
108
135
843
348
50
173
593
713
357
854
708
3
24
552
21
13
55
261
566
29
182
137
637
47
20
32
348
414
1112
375
91
623
782
126
831
1317
91
154
627
357
1248
44
11
1031
22
19
645
172
170
1403
129
654
24
108
469
277
22
581
316
11
123
196
124
282
46
538
488
473
300
700
159
93
272
650
130
653
278
241
1145
34
760
794
146
835
1
816
770
172
125
798
1087
454
5
572
0
152
854
44
1154
126
122
372
30
505
94
619
497
443
310
318
447
45
1270
666
544
252
247
13
80
622
978
134
164
101
688
131
34
13
52
0
128
313
108
746
278
46
92
428
471
298
1031
604
212
637
1096
29
717
116
558
15
195
922
893
258
43
144
753
77
264
1017
1031
109
969
734
662
387
322
135
49
405
1
127
367
366
391
794
30
431
10
16
382
840
62
156
832
689
465
317
717
190
7
619
438
487
41
762
925
65
328
303
51
364
23
518
31
74
1179
943
56
183
879
1007
179
56
435
541
262
62
440
352
390
81
563
168
3
76
0
1107
695
509
618
659
185
595
340
81
756
1145
443
48
30
20
90
93
426
366
892
215
328
451
324
48
333
86
99
251
697
103
78
66
326
25
184
870
65
424
376
208
48
82
183
191
177
203
857
45
857
297
1131
945
700
270
177
298
236
222
153
538
188
699
60
2
670
150
490
395
346
959
153
22
755
857
871
1
129
753
613
494
238
663
206
105
60
276
831
1062
148
746
804
814
437
69
780
515
25
296
184
240
321
167
1114
350
153
221
9
51
233
419
347
27
954
1132
314
101
25
969
21
39
158
1052
109
283
604
667
106
51
992
262
15
396
74
384
63
330
209
322
670
64
49
448
291
751
367
1092
246
1
61
24
157
226
60
776
738
689
442
148
685
471
136
701
1292
653
966
307
1158
326
550
354
812
77
302
316
204
38
35
768
60
60
949
130
693
188
39
69
155
349
497
291
142
701
15
54
705
193
209
38
175
162
282
1010
931
814
718
335
567
462
325
503
574
491
105
326
1060
82
1
768
0
1087
311
894
589
23
164
633
443
261
583
113
270
526
366
534
175
105
203
601
254
423
420
113
158
214
343
625
135
209
412
123
431
831
742
4
183
153
434
209
104
2
97
488
1138
689
450
294
374
83
562
301
854
285
515
938
72
425
7
203
289
20
646
1248
346
111
163
254
183
594
293
1116
74
19
247
696
120
769
140
100
733
507
784
62
1074
97
102
171
1141
184
131
106
918
496
8
39
320
58
925
595
212
597
16
654
532
491
143
3
76
335
202
176
143
96
279
587
441
396
230
1008
687
6
73
609
484
42
165
1001
121
502
113
183
916
536
120
695
213
22
26
186
132
219
463
282
59
176
145
305
526
122
334
23
17
158
170
223
427
339
105
314
58
238
4
584
116
796
624
120
791
768
61
16
2
70
86
474
251
894
285
856
16
651
839
184
226
394
712
103
1335
1279
351
654
611
118
30
35
20
1195
446
56
209
199
242
200
1023
67
141
36
813
252
803
992
652
391
677
829
388
258
83
1096
6
190
601
348
0
475
1288
287
104
504
116
562
210
95
755
188
167
209
329
304
1237
268
700
250
18
747
526
859
83
359
693
161
150
400
350
284
118
455
108
581
196
382
18
260
605
80
259
44
140
5
333
540
757
129
921
433
226
146
453
784
42
891
786
83
812
14
276
95
1
1135
392
189
299
1023
216
358
241
99
111
269
688
412
97
38
13
116
33
1052
77
1016
324
188
44
888
1209
111
16
494
904
597
173
760
799
350
833
1055
952
629
794
78
68
364
193
203
985
845
714
80
66
754
294
112
335
111
178
50
65
357
193
1
633
156
308
264
362
689
650
267
148
40
9
573
151
693
3
126
169
10
93
849
150
280
965
217
180
406
9
958
882
591
280
359
1298
230
16
450
85
602
261
183
10
851
270
543
103
70
23
433
506
52
88
269
268
163
27
369
212
252
135
710
497
3
73
665
553
690
457
311
86
22
335
19
201
1210
339
223
496
32
553
100
1115
877
856
1217
349
773
109
536
186
96
130
869
62
765
370
42
984
132
413
526
288
219
545
165
7
301
137
871
318
448
94
301
727
29
325
313
401
77
403
34
64
753
262
1163
154
30
466
1301
528
230
256
197
533
235
114
224
362
169
653
278
6
62
28
499
37
1030
58
410
625
129
82
267
737
166
1004
656
1
24
231
777
507
153
315
181
334
117
1151
305
72
144
184
349
26
173
682
190
112
217
193
2
1093
985
18
697
477
793
233
9
639
578
23
159
1259
1045
35
21
20
775
762
490
380
320
121
109
917
90
657
589
766
80
796
302
400
925
791
197
65
1068
510
873
173
942
607
454
13
33
1292
326
322
160
330
577
368
151
271
122
604
434
745
489
358
433
109
1044
25
158
142
69
1060
76
105
120
92
1141
224
791
383
899
6
56
709
795
736
441
18
561
993
160
222
145
674
24
129
719
71
154
234
0
3
479
40
185
737
338
1306
114
744
71
90
708
440
1081
921
393
257
660
888
25
161
282
472
24
483
1114
3
380
220
451
522
337
105
340
30
48
55
98
292
561
567
133
1066
121
265
427
526
17
59
329
416
134
248
46
64
697
631
783
1073
77
1344
909
694
982
60
555
620
84
114
47
624
1163
358
605
295
111
1175
226
393
61
187
323
60
186
329
919
7
977
Case #6:
0
0
0
0
0
0
0
0
0
0
0
0
0
0
0
0
0
0
0
0
0
0
0
0
0
0
0
0
0
0
0
0
0
0
0
0
0
0
0
0
0
0
0
0
0
0
0
0
0
0
0
0
0
0
0
0
0
0
0
0
0
0
0
0
0
0
0
0
0
0
0
0
0
0
0
0
0
0
0
0
0
0
0
0
0
0
0
0
0
0
0
0
0
0
0
0
0
0
0
0
0
0
0
0
0
0
0
0
0
0
0
0
0
0
0
0
0
0
0
0
0
0
0
0
0
0
0
0
0
0
0
0
0
0
0
0
0
0
0
0
0
0
0
0
0
0
0
0
0
0
0
0
0
0
0
0
0
0
0
0
0
0
0
0
0
0
0
0
0
0
0
0
0
0
0
0
0
0
0
0
0
0
0
0
0
0
0
0
0
0
0
0
0
0
0
0
0
0
0
0
0
0
0
0
0
0
0
0
0
0
0
0
0
0
0
0
0
0
0
0
0
0
0
0
0
0
0
0
0
0
0
0
0
0
0
0
0
0
0
0
0
0
0
0
0
0
0
0
0
0
0
0
0
0
0
0
0
0
0
0
0
0
0
0
0
0
0
0
0
0
0
0
0
0
0
0
0
0
0
0
0
0
0
0
0
0
0
0
0
0
0
0
0
0
0
0
0
0
0
0
0
0
0
0
0
0
0
0
0
0
0
0
0
0
0
0
0
0
0
0
0
0
0
0
0
0
0
0
0
0
0
0
0
0
0
0
0
0
0
0
0
0
0
0
0
0
0
0
0
0
0
0
0
0
0
0
0
0
0
0
0
0
0
0
0
0
0
0
0
0
0
0
0
0
0
0
0
0
0
0
0
0
0
0
0
0
0
0
0
0
0
0
0
0
0
0
0
0
0
0
0
0
0
0
0
0
0
0
0
0
0
0
0
0
0
0
0
0
0
0
0
0
0
0
0
0
0
0
0
0
0
0
0
0
0
0
0
0
0
0
0
0
0
0
0
0
0
0
0
0
0
0
0
0
0
0
0
0
0
0
0
0
0
0
0
0
0
0
0
0
0
0
0
0
0
0
0
0
0
0
0
0
0
0
0
0
0
0
0
0
0
0
0
0
0
0
0
0
0
0
0
0
0
0
0
0
0
0
0
0
0
0
0
0
0
0
0
0
0
0
0
0
0
0
0
0
0
0
0
0
0
0
0
0
0
0
0
0
0
0
0
0
0
0
0
0
0
0
0
0
0
0
0
0
0
0
0
0
0
0
0
0
0
0
0
0
0
0
0
0
0
0
0
0
0
0
0
Case #7:
27
14
8
49
20
3
0
28
57
4
18
12
6
32
51
19
33
28
0
6
2
0
29
6
3
31
2
22
13
40
0
2
23
4
52
22
0
28
7
20
26
25
6
44
0
41
40
2
3
7
6
49
1
4
1
34
0
14
43
5
33
39
48
0
4
0
14
3
17
0
36
19
17
4
13
40
44
10
2
7
2
13
0
14
5
26
1
9
0
9
3
8
3
15
21
7
21
2
34
7
25
0
1
29
35
3
16
8
37
1
49
17
1
7
14
55
3
5
30
1
13
3
0
15
0
40
3
45
11
9
13
Case #8:
0
0
0
0
0
0
0
0
0
0
0
0
0
0
0
0
0
0
0
0
0
0
0
0
0
0
0
0
0
0
0
0
0
0
0
0
0
0
0
0
0
0
0
0
0
0
0
0
0
0
0
0
0
0
0
0
0
0
0
0
0
0
0
0
0
0
0
0
0
0
0
0
0
0
0
0
0
0
0
0
0
0
0
0
0
0
0
0
0
0
0
0
0
0
0
0
0
0
0
0
0
0
0
0
0
0
0
0
0
0
0
0
0
0
0
0
0
0
0
0
0
0
0
0
0
0
0
0
0
0
0
0
0
0
0
0
0
0
0
0
0
0
0
0
0
0
0
0
0
0
0
0
0
0
0
0
0
0
0
0
0
0
0
0
0
0
0
0
0
0
0
0
0
0
0
0
0
0
0
0
0
0
0
0
0
0
0
0
0
0
0
0
0
0
0
0
0
0
0
0
0
0
0
0
0
0
0
0
0
0
0
0
0
0
0
0
0
0
0
0
0
0
0
0
0
0
0
0
0
0
0
0
0
0
0
0
0
0
0
0
0
0
0
0
0
0
0
0
0
0
0
0
0
0
0
0
0
0
0
0
0
0
0
0
0
0
0
0
0
0
0
0
0
0
0
0
0
0
0
0
0
0
0
0
0
0
0
0
0
0
0
0
0
0
0
0
0
0
0
0
0
0
0
0
0
0
0
0
0
0
0
0
0
0
0
0
0
0
0
0
0
0
0
0
0
0
0
0
0
0
0
0
0
0
0
0
0
0
0
0
0
0
0
0
0
0
0
0
0
0
0
0
0
0
0
0
0
0
0
0
0
0
0
0
0
0
0
0
0
0
0
0
0
0
0
0
0
0
0
0
0
0
0
0
0
0
0
0
0
0
0
0
0
0
0
0
0
0
0
0
0
0
0
0
0
0
0
0
0
0
0
0
0
0
0
0
0
0
0
0
0
0
0
0
0
0
0
0
0
0
0
0
0
0
0
0
0
0
0
0
0
0
0
0
0
0
0
0
0
0
0
0
0
0
0
0
0
0
0
0
0
0
0
0
0
0
0
0
0
0
0
0
0
0
0
0
0
0
0
0
0
0
0
0
0
0
0
0
0
0
0
0
0
0
0
0
0
0
0
0
0
0
0
0
0
0
0
0
0
0
0
0
0
0
0
0
0
0
0
0
0
0
0
0
0
0
0
0
0
0
0
0
0
0
0
0
0
0
0
0
0
0
0
0
0
0
0
0
0
0
0
0
0
0
0
0
0
0
0
0
0
0
0
0
0
0
0
0
0
0
0
0
0
0
0
0
0
0
0
0
0
0
0
0
0
0
0
0
0
0
0
0
0
0
0
0
0
0
0
0
0
0
0
0
0
0
0
0
0
0
0
0
0
0
0
0
0
0
0
0
0
0
0
0
0
0
0
0
0
0
0
0
0
0
0
0
0
0
0
0
0
0
0
0
0
0
0
0
0
0
0
0
0
0
0
0
0
0
0
0
0
0
0
0
0
0
0
0
0
0
0
0
0
0
0
0
0
0
0
0
0
0
0
0
0
0
0
0
0
0
0
0
0
0
0
0
0
0
0
0
0
0
0
0
0
0
0
0
0
0
0
0
0
0
0
0
0
0
0
0
0
0
0
0
0
0
0
0
0
0
0
0
0
0
0
0
0
0
0
0
0
0
0
0
0
0
0
0
0
0
0
0
0
0
0
0
0
0
0
0
0
0
0
0
0
0
0
0
0
0
0
0
0
0
0
0
0
0
0
0
0
0
0
0
0
0
0
0
0
0
0
0
0
0
0
0
0
0
0
0
0
0
0
0
0
0
0
0
0
0
0
0
0
0
0
0
0
0
0
0
0
0
0
0
0
0
0
0
0
0
0
0
0
0
0
0
0
0
0
0
0
0
0
0
0
0
0
0
0
0
0
0
0
0
0
0
0
0
0
0
0
0
0
0
62
381
596
790
210
500
86
238
11
300
51
624
483
346
113
167
611
352
235
504
99
248
596
74
252
229
345
119
70
583
474
190
671
163
92
97
72
86
314
576
39
56
570
179
28
739
438
276
532
296
467
261
38
164
226
469
56
492
434
385
134
235
205
815
80
5
289
288
336
442
538
542
224
328
13
114
172
19
69
754
6
136
107
5
424
275
468
209
500
156
7
36
3
183
377
404
254
18
400
215
94
292
77
2
228
462
172
15
479
244
547
279
17
351
231
421
676
691
143
143
0
63
250
54
213
606
501
117
339
126
77
528
27
256
235
338
40
360
464
559
76
416
502
66
704
194
30
32
316
7
432
118
232
555
28
33
354
346
371
2
801
25
785
645
184
27
17
17
74
209
259
487
136
201
130
76
88
139
283
29
485
204
508
10
1
386
158
141
296
81
206
46
834
589
757
642
340
331
26
200
416
187
305
615
246
464
399
411
286
430
3
660
1
149
224
540
164
71
599
165
164
214
54
51
162
396
178
2
274
4
603
447
569
242
180
677
328
408
432
297
570
26
498
284
157
81
12
77
153
713
195
174
98
20
26
11
162
36
143
116
18
513
318
87
202
30
658
418
164
145
553
536
137
0
152
99
763
9
400
575
128
249
4
118
68
486
103
0
198
11
287
110
5
183
578
38
103
260
349
361
279
35
130
235
198
689
447
587
588
651
327
86
68
283
446
356
244
401
687
53
120
702
321
3
16
62
678
603
63
81
697
11
122
695
562
208
177
37
683
189
82
9
298
99
8
7
523
15
786
35
584
384
416
120
144
5
13
179
153
49
241
454
2
125
93
49
46
493
184
256
514
500
280
501
96
243
98
52
70
44
127
362
602
74
208
181
109
80
261
726
78
146
25
488
349
622
19
12
205
100
615
129
195
28
580
216
71
44
432
21
0
121
187
60
443
77
7
30
4
25
565
108
450
678
427
25
27
252
355
19
198
307
476
318
282
0
539
194
172
2
109
161
669
750
88
92
150
452
65
331
309
349
247
343
305
81
24
66
367
21
787
26
0
88
577
54
11
11
525
548
217
14
429
299
249
365
540
46
752
416
102
137
98
216
21
537
480
239
9
59
199
17
424
238
29
769
13
225
59
289
57
250
471
6
820
368
435
136
380
107
619
184
175
294
169
481
498
98
344
36
457
516
1
568
0
3
476
174
36
318
302
489
240
1
4
54
343
184
237
142
190
205
770
249
153
113
735
205
589
11
205
320
565
354
37
169
224
5
214
40
301
98
248
56
89
320
568
31
602
330
542
364
338
133
286
73
63
195
12
122
443
2
107
503
265
60
714
582
24
262
145
623
177
329
531
58
115
102
8
79
426
397
255
450
81
359
203
33
130
661
724
0
225
316
418
181
53
385
253
104
391
41
297
90
24
263
128
254
41
159
342
193
395
2
77
611
34
655
454
41
668
336
345
447
255
298
4
107
611
307
330
14
350
269
30
66
77
438
468
10
7
212
257
839
674
730
12
831
613
492
96
151
58
597
527
196
175
839
434
74
523
228
5
44
349
264
223
59
555
80
141
455
355
20
192
362
80
45
185
79
451
798
46
829
587
384
120
35
3
237
157
260
1
486
69
561
358
27
182
37
358
133
115
138
101
680
256
264
222
92
80
148
278
801
132
87
303
3
403
184
274
441
564
373
180
46
349
199
673
4
189
470
391
176
274
653
443
208
255
9
261
99
756
89
651
149
514
316
9
126
58
178
506
514
58
71
188
67
105
202
123
13
263
179
23
267
620
261
188
473
364
58
101
2
136
545
154
761
296
414
839
21
0
186
256
67
192
351
387
370
219
592
463
153
699
135
8
63
171
429
528
18
175
118
594
421
63
249
550
339
625
554
1
174
170
6
442
354
266
124
20
368
63
61
104
474
413
341
63
344
3
384
196
86
291
621
422
677
170
619
33
668
431
156
211
315
258
65
714
272
621
236
103
48
518
344
192
110
66
241
471
100
82
95
709
82
511
94
41
142
261
200
222
629
625
16
529
127
68
36
282
29
182
433
16
405
296
506
505
241
372
116
37
221
24
645
538
72
13
141
662
170
727
52
44
676
155
266
295
388
72
461
112
270
285
22
238
142
371
632
292
474
14
308
193
638
514
391
567
49
475
485
146
9
16
87
484
746
683
47
139
323
214
140
174
313
20
448
541
304
42
172
431
8
263
65
251
666
109
473
32
21
443
230
338
441
663
376
343
194
276
136
248
419
423
100
382
22
15
80
107
6
298
11
52
111
576
109
373
775
775
82
459
66
1
439
305
406
68
138
340
4
34
437
706
558
266
87
433
569
328
101
143
245
118
118
219
176
110
17
46
69
19
240
130
327
548
127
108
77
556
41
129
91
53
300
61
6
237
236
57
653
541
180
267
21
50
614
117
187
47
515
365
13
511
117
78
528
371
227
410
52
119
463
233
528
492
171
578
224
37
541
281
313
72
631
121
42
372
717
747
280
72
25
410
350
29
19
158
374
114
59
240
287
45
60
305
157
50
108
24
202
168
220
415
38
145
387
57
17
140
138
814
413
232
494
22
196
Case #9:
0
0
0
3
2
0
0
1
1
0
1
0
Case #10:
0
0
0
0
0
0
0
0
0
0
0
0
0
0
0
0
0
0
0
0
0
0
0
0
0
0
0
0
0
0
0
0
0
0
0
0
0
0
0
0
0
0
0
0
0
0
0
0
0
0
0
0
0
0
0
0
0
0
0
0
0
0
0
0
0
0
0
0
0
0
0
0
0
0
0
0
0
0
0
0
0
0
0
0
0
0
0
0
0
0
0
0
0
0
0
0
0
0
0
0
0
0
0
0
0
0
0
0
0
0
0
0
0
0
0
0
0
0
0
0
0
0
0
0
0
0
0
0
0
0
0
0
0
0
0
0
0
0
0
0
0
0
0
0
0
0
0
0
0
0
0
0
0
0
0
0
0
0
0
0
0
0
0
0
0
0
0
0
0
0
0
0
0
0
0
0
0
0
0
0
0
0
0
0
0
0
0
0
0
0
0
0
0
0
0
0
0
0
0
0
0
0
0
0
0
0
0
0
0
0
0
0
0
0
0
0
0
0
0
0
0
0
0
0
0
0
0
0
0
0
0
0
0
0
0
0
0
0
0
0
0
0
0
0
0
0
0
0
0
0
0
0
0
0
0
0
0
0
0
0
0
0
0
0
0
0
0
0
0
0
0
0
0
0
0
0
0
0
0
0
0
0
0
0
0
0
0
0
0
0
0
0
0
0
0
0
0
0
0
0
0
0
0
0
0
0
0
0
0
0
0
0
0
0
0
0
0
0
0
0
0
14
2
30
134
2
2
105
75
78
89
57
44
101
87
62
130
35
78
35
14
100
58
11
1
2
96
85
162
7
61
59
24
12
135
38
83
10
161
128
4
24
1
21
5
26
48
25
21
133
1
53
10
45
7
109
47
0
12
101
24
16
0
88
8
143
35
149
147
72
54
70
14
24
1
92
1
18
10
157
107
85
106
4
16
23
140
65
37
40
28
59
136
13
109
73
0
32
35
5
5
12
23
15
58
103
8
98
108
7
30
50
48
65
122
8
0
37
12
72
19
133
6
138
145
71
22
40
15
0
53
44
18
23
134
43
23
64
2
9
37
26
19
27
41
46
3
2
52
1
0
4
174
81
10
53
77
110
105
67
24
35
1
24
63
83
141
36
127
0
15
47
117
1
31
14
0
56
6
15
5
Case #11:
0
0
0
0
0
0
0
0
0
0
0
0
0
0
0
0
0
0
0
0
0
0
0
0
0
0
0
0
0
0
0
0
0
0
0
0
0
0
0
0
0
0
0
0
0
0
0
0
0
0
0
0
0
0
0
0
0
0
0
0
0
0
0
0
0
0
0
0
0
0
0
0
0
0
0
0
0
0
0
0
0
0
0
0
0
0
0
0
0
0
0
0
0
0
0
0
0
0
0
0
0
0
0
0
0
0
0
0
0
0
0
0
0
0
0
0
0
0
0
0
0
0
0
0
0
0
0
0
0
0
0
0
0
0
0
0
0
0
0
0
0
0
0
0
0
0
0
0
0
0
0
0
0
0
0
0
0
0
0
0
0
0
0
0
0
0
0
0
0
0
0
0
0
0
0
0
0
0
0
0
0
0
0
0
0
0
0
0
0
0
0
0
0
0
0
0
0
0
0
0
0
0
0
0
0
0
0
0
0
0
0
0
0
0
0
0
0
0
0
0
0
0
0
0
0
0
0
0
0
0
0
0
0
0
0
0
0
0
0
0
0
0
0
0
0
0
0
0
0
0
0
0
0
0
0
0
0
0
0
0
0
0
0
0
0
0
18
349
193
22
61
216
407
50
331
32
278
110
134
2
84
254
186
119
115
82
207
288
3
21
328
97
168
5
213
86
17
351
384
267
245
21
269
47
85
221
278
116
0
166
103
133
56
6
353
177
176
173
307
262
240
35
192
422
237
190
143
18
12
11
123
75
53
29
98
44
294
104
59
12
207
235
237
310
6
246
245
216
46
88
141
250
125
194
69
84
339
424
306
7
26
219
172
39
95
260
103
342
148
305
50
303
230
16
82
40
28
105
272
75
345
373
234
164
102
52
94
141
2
317
88
85
80
219
211
6
21
126
188
286
377
114
143
0
150
69
32
66
3
173
104
91
286
129
66
72
19
392
50
164
162
9
19
51
3
224
47
142
161
41
213
17
117
44
373
128
6
56
1
358
99
238
280
21
53
425
292
363
145
15
99
175
37
181
119
176
449
97
108
359
83
258
131
194
360
79
129
124
51
255
60
319
395
27
153
252
8
250
11
118
131
92
132
91
450
102
20
11
40
4
177
478
302
270
162
197
136
158
72
40
78
315
39
233
26
212
164
19
267
9
3
311
18
24
228
331
78
429
76
289
14
225
28
0
31
71
1
129
222
228
16
269
35
277
18
32
75
242
268
18
52
353
60
250
16
191
340
130
61
228
67
130
54
49
304
199
69
31
49
269
32
119
70
6
295
65
20
137
207
4
6
212
0
20
104
167
71
32
301
180
0
1
2
26
26
141
265
218
48
169
17
4
120
198
287
140
3
68
2
64
173
210
80
66
409
303
26
47
7
43
192
90
167
191
174
2
33
141
140
62
5
39
61
119
144
111
165
104
97
10
201
27
322
342
341
138
102
44
63
10
158
4
181
156
27
347
358
220
106
4
51
29
101
20
21
42
210
91
308
34
59
239
303
37
5
407
321
228
3
94
86
215
297
150
65
52
297
352
75
377
376
55
80
184
492
359
410
214
24
351
108
72
89
190
16
215
244
60
313
215
113
121
25
161
24
30
0
1
155
53
126
6
66
9
274
166
288
276
115
3
266
222
235
179
24
322
5
27
120
289
264
345
68
449
177
423
19
64
279
29
34
266
4
289
18
134
32
384
392
309
44
17
129
246
225
72
131
234
193
245
59
137
133
100
205
115
24
82
41
58
199
321
182
48
22
22
194
52
5
146
183
435
205
25
109
49
265
30
103
167
162
185
24
25
19
93
155
176
1
135
29
31
59
325
41
289
228
150
88
157
31
148
0
377
36
79
67
234
42
126
343
183
35
99
16
58
281
65
100
330
39
33
26
50
44
17
186
222
140
35
12
88
286
178
223
396
466
74
2
241
65
2
14
403
14
11
245
85
190
7
316
322
142
239
288
25
33
113
12
261
220
256
122
154
322
113
1
35
232
249
82
341
124
159
79
29
172
38
82
150
290
10
90
211
501
33
423
250
201
59
6
470
57
322
115
137
110
264
112
54
117
272
8
120
198
285
103
235
110
14
374
20
55
395
82
116
170
141
104
15
382
342
180
22
217
151
98
5
114
59
278
196
166
397
138
88
106
48
2
33
43
421
265
17
206
180
445
35
54
83
139
415
125
25
131
308
391
108
262
348
160
37
207
7
180
185
98
250
99
32
241
100
4
61
94
26
106
138
113
95
236
46
118
102
118
0
144
397
67
235
77
67
68
400
14
95
44
36
363
109
63
59
73
235
25
3
10
127
18
363
14
178
220
172
263
21
22
101
0
189
128
93
78
251
57
315
62
215
67
321
210
3
253
11
76
163
221
108
114
71
208
68
12
15
85
96
25
151
306
451
105
156
83
89
115
2
273
178
286
353
307
42
182
478
Case #12:
752
315
51
15
425
8
260
98
1
323
657
1309
639
597
126
136
34
623
586
397
92
28
181
400
273
110
286
81
987
342
287
83
159
455
1125
256
16
41
1286
2
581
74
498
193
418
12
68
70
114
893
79
402
635
1319
520
0
807
1184
346
98
1311
40
29
357
187
315
5
418
898
401
230
168
72
180
30
259
542
13
38
192
645
362
192
467
306
1349
66
3
991
52
35
772
179
286
300
103
101
706
605
138
953
3
646
251
31
1053
118
206
211
136
291
51
85
60
434
205
1345
78
4
325
956
395
558
183
105
138
663
105
769
26
40
9
47
28
138
677
2
256
758
115
369
135
52
263
847
422
191
558
102
59
292
1324
46
7
540
1133
134
89
898
489
160
55
315
156
251
394
504
145
14
21
637
532
350
533
1008
67
408
734
214
225
45
604
0
77
936
341
223
204
7
1011
1013
184
262
86
653
741
561
25
406
329
1098
648
308
641
824
3
47
83
108
86
481
625
7
237
58
836
39
202
239
549
722
434
958
333
121
568
72
678
379
349
312
432
3
177
54
313
728
80
555
396
113
1156
13
355
1
671
118
677
353
50
40
194
208
999
188
13
1199
30
520
267
211
417
709
321
1272
522
956
116
170
419
1294
445
823
195
607
278
1433
402
1238
188
555
325
381
240
14
88
356
482
151
591
528
154
19
8
561
549
340
590
951
7
288
761
463
1187
90
19
36
14
48
275
225
97
0
6
820
41
1203
179
48
318
208
145
459
855
606
120
1323
681
129
605
555
18
80
380
143
553
930
391
44
509
85
258
563
217
216
218
217
54
1157
97
102
464
121
779
1
11
79
370
363
16
221
27
403
327
591
153
289
79
3
14
881
214
162
171
352
397
258
275
712
837
545
159
363
285
439
299
794
9
254
376
405
35
62
350
251
1
494
2
487
92
569
527
57
289
1
512
759
136
392
144
0
18
375
58
435
23
413
453
851
6
645
544
113
210
536
95
241
501
226
739
976
702
117
15
543
842
8
122
173
82
18
147
326
38
107
408
14
381
124
359
307
135
1242
226
64
122
347
263
458
1069
1144
356
40
586
225
668
1002
141
53
170
214
220
900
1079
474
402
350
1136
726
662
44
15
971
50
53
83
42
49
60
132
193
324
14
567
193
776
843
250
157
1144
167
333
90
213
697
177
852
49
624
59
287
686
128
84
60
62
142
335
921
307
479
636
118
115
484
186
40
457
302
412
266
180
583
228
452
1128
31
263
1183
112
1148
118
122
233
8
632
432
568
579
58
1147
29
514
654
172
798
726
724
110
122
172
62
1027
618
400
216
321
51
42
393
120
365
1148
215
527
191
315
588
33
777
446
731
230
276
192
82
284
164
685
39
190
299
241
329
1350
72
173
709
616
330
20
46
587
679
664
60
850
642
162
387
74
15
1220
230
385
211
69
755
356
27
1316
131
903
753
172
31
305
97
89
498
120
95
814
37
414
16
538
35
353
144
398
50
21
316
591
146
924
473
6
480
275
213
433
0
525
796
280
567
145
454
379
39
17
510
236
147
1202
311
6
29
1187
475
42
94
561
11
47
99
258
1028
283
64
566
38
241
99
258
650
18
51
706
227
233
226
788
782
9
188
79
22
412
214
160
219
193
152
38
694
139
317
41
176
153
783
521
644
9
1027
302
503
45
242
98
272
87
223
23
180
14
481
64
808
369
985
203
543
1006
1065
1041
892
271
11
433
200
41
86
807
1
237
618
3
196
460
947
11
267
608
948
23
975
442
594
409
269
3
1340
102
528
55
90
216
223
69
71
57
34
681
147
89
66
340
322
154
185
404
700
663
662
319
1428
159
82
773
28
297
248
66
192
264
45
587
165
70
119
603
5
333
703
250
234
30
730
1113
833
18
852
260
65
564
557
1037
470
328
305
26
333
239
721
362
553
13
767
329
788
211
108
490
683
131
936
218
616
206
848
854
195
579
239
82
154
837
40
275
1436
623
495
139
494
376
10
737
586
618
58
272
85
12
68
826
55
374
873
2
347
1210
247
518
1000
600
410
117
1304
313
22
431
359
36
759
701
864
1020
280
332
99
1103
316
16
106
64
1010
1387
147
16
577
753
791
98
3
1277
711
773
17
237
377
56
88
725
112
628
397
326
691
261
240
582
490
500
927
886
367
282
131
120
534
128
270
152
20
601
1
78
561
78
271
494
200
23
5
2
247
895
20
108
666
1016
547
348
554
526
254
322
14
76
700
146
640
70
351
565
998
7
487
107
338
53
68
30
557
287
113
73
55
114
62
16
295
387
701
903
17
30
625
627
483
348
456
79
43
651
199
626
125
369
712
427
729
583
337
327
264
84
469
58
856
207
174
63
1238
823
374
18
27
152
87
93
97
507
665
35
752
239
645
721
270
393
196
425
374
709
120
491
142
1039
350
54
1075
324
111
324
515
901
795
1005
526
142
252
901
437
42
170
218
73
301
666
194
382
155
599
236
103
109
978
380
276
320
1228
848
627
150
47
193
539
527
472
597
33
130
321
18
32
277
1308
207
520
311
230
866
40
1108
326
160
49
120
47
482
81
981
222
80
26
41
37
39
56
598
690
601
793
21
516
344
58
259
135
1176
804
45
715
98
84
882
41
331
590
27
289
833
215
183
402
120
829
324
54
7
43
98
113
558
595
977
142
666
544
0
31
619
372
190
4
519
1361
439
215
237
197
949
159
46
3
443
20
711
337
565
818
235
372
370
638
6
212
285
964
110
653
11
334
74
110
674
274
80
278
191
22
74
782
567
380
519
660
113
177
1290
286
77
262
781
523
178
5
476
490
400
300
57
53
186
364
791
207
483
201
97
241
3
72
157
386
17
1234
724
825
453
351
323
999
417
157
405
564
166
240
240
31
548
908
195
302
107
391
34
12
96
276
27
673
596
668
404
815
195
628
65
358
30
219
644
341
57
479
96
247
84
366
968
371
296
270
672
398
458
295
1178
590
245
157
149
206
10
7
100
147
472
23
47
301
424
146
808
431
333
32
431
610
117
24
552
88
177
526
149
186
361
322
191
552
780
62
62
111
266
172
68
371
239
411
422
241
1000
924
22
527
50
1285
44
729
295
11
34
115
191
277
683
47
218
121
243
125
217
143
305
221
28
144
140
767
66
462
16
171
73
943
201
6
38
983
581
903
944
818
42
693
207
360
144
400
944
780
136
118
262
456
3
1362
378
815
216
1024
126
528
551
33
605
146
269
577
259
154
131
363
448
26
153
346
87
33
194
91
189
102
43
262
673
415
298
17
423
17
257
90
300
668
304
786
191
679
340
667
340
134
600
799
2
14
1360
58
306
119
43
198
37
89
64
1083
976
54
44
51
168
685
599
47
41
720
692
757
90
5
17
505
433
1181
97
1073
255
204
79
892
808
439
719
309
4
153
12
116
47
332
209
346
89
119
141
194
969
9
478
79
20
245
105
759
1248
19
698
808
28
231
442
100
237
394
84
189
105
558
106
218
1111
47
130
80
877
427
36
16
408
225
7
226
249
44
293
343
498
351
94
81
2
287
1178
532
731
704
403
36
81
335
105
247
254
403
20
568
337
1251
429
398
22
420
13
216
194
2
331
547
1383
724
14
39
733
1015
108
62
850
661
28
307
653
268
15
189
817
160
515
1213
73
755
46
139
1418
326
662
567
112
183
778
396
4
231
68
196
117
142
107
157
226
1264
148
69
225
431
103
418
101
68
1063
273
949
137
50
66
336
28
100
12
290
412
827
333
59
52
9
411
689
266
225
697
128
242
113
6
63
472
452
673
1018
59
672
93
117
98
162
710
20
415
82
125
5
870
23
216
551
986
788
118
1348
515
0
415
705
199
358
445
537
358
353
44
22
10
52
248
256
811
472
206
142
307
62
394
339
420
120
124
105
556
346
501
681
430
353
576
1191
511
546
230
165
579
17
143
942
138
1064
121
764
6
674
880
407
120
337
41
31
334
1072
562
55
179
989
32
524
564
346
93
660
1
93
222
140
408
445
810
178
995
643
191
73
306
0
18
33
993
808
256
1009
205
177
199
17
283
47
59
128
710
246
141
247
535
60
153
757
486
333
467
76
773
17
230
26
109
392
306
500
115
896
740
137
493
669
123
240
846
349
116
488
45
299
1123
833
14
864
312
636
489
345
56
788
226
42
381
637
113
194
1
875
195
916
76
604
160
249
306
605
1198
15
315
3
13
293
248
103
585
770
741
958
7
314
126
5
81
58
546
37
154
71
532
99
377
888
662
7
198
799
20
224
612
196
233
122
593
162
7
99
200
576
1068
473
158
288
300
1311
19
620
478
200
626
43
225
756
147
1
266
749
783
1095
15
82
36
455
87
52
139
97
652
1180
462
159
182
320
472
594
868
261
211
924
94
506
836
290
264
131
2
768
304
730
330
119
46
322
307
51
109
379
329
342
26
317
215
56
976
1038
927
242
165
544
14
1037
214
592
547
1156
572
26
479
23
886
34
799
583
214
248
205
654
602
0
32
317
359
454
485
282
456
904
146
223
202
55
47
7
1376
648
88
894
46
447
6
639
130
55
561
399
236
8
10
15
341
280
506
689
64
25
225
28
290
1376
894
702
380
200
642
118
272
322
314
42
438
188
401
74
156
107
98
215
570
1199
259
234
149
1292
1226
291
121
310
714
153
312
57
60
340
1358
518
225
819
157
718
1291
4
574
429
345
135
319
153
869
322
52
298
290
1045
266
27
450
209
875
194
161
522
201
148
570
95
313
259
127
453
678
0
823
33
569
799
493
755
232
801
251
1403
301
558
218
49
230
24
14
80
430
114
0
381
89
622
385
660
1008
154
3
112
128
482
1219
66
368
319
223
236
567
34
338
173
80
983
185
326
907
878
876
382
354
18
259
161
1014
371
504
166
344
151
87
7
117
108
3
68
308
729
587
154
252
477
832
71
145
72
347
26
707
110
800
1282
85
9
100
140
95
210
80
50
86
278
600
821
93
357
30
26
121
354
564
1400
850
561
602
322
712
327
823
307
1130
88
859
138
100
1209
719
247
139
431
500
728
338
349
90
862
645
25
816
459
450
829
321
374
439
125
464
365
595
31
60
440
314
515
342
1
881
387
325
537
240
278
1314
347
422
747
386
753
918
123
419
271
42
18
836
117
166
524
483
300
377
284
98
147
262
852
199
23
380
387
471
1054
341
725
275
364
555
210
414
563
755
281
911
139
9
240
182
262
790
0
28
33
82
6
642
851
48
159
823
114
315
251
18
361
103
716
59
174
181
187
625
8
1182
72
372
387
575
484
63
459
1242
619
493
270
1254
886
106
893
401
69
354
18
135
300
10
669
340
389
78
11
17
361
88
858
11
940
402
674
9
371
174
64
1250
117
758
351
332
264
523
3
1289
25
55
117
12
1307
1103
747
189
44
775
478
383
229
158
8
593
205
37
49
1014
592
76
238
189
578
1224
265
753
376
193
1
1190
34
1291
0
882
96
865
1
301
112
403
235
209
505
1171
0
180
716
549
730
260
770
475
24
816
50
157
958
1031
481
4
64
503
448
163
171
940
24
315
299
783
91
129
314
441
137
86
407
0
650
83
17
515
32
647
188
965
214
81
851
51
65
628
503
1233
19
588
476
1166
413
182
1443
13
568
15
97
664
56
24
663
332
105
321
27
92
452
134
147
23
1081
459
102
357
674
1358
342
668
146
539
106
208
506
390
782
12
225
435
774
1144
130
873
421
19
168
67
188
509
37
490
470
9
91
721
437
264
275
957
395
515
1
270
379
244
293
58
122
682
138
263
89
310
22
330
861
432
144
41
7
963
669
174
874
54
903
760
4
27
333
319
167
421
552
96
458
664
1256
72
646
900
231
1126
666
203
132
148
242
192
677
349
449
698
276
116
416
305
0
53
241
385
696
27
259
15
340
353
353
500
634
296
179
288
274
31
402
883
69
206
1197
1298
302
248
910
278
248
309
402
241
455
78
24
571
32
148
19
204
128
775
109
1306
6
1130
562
1029
229
44
4
290
1
243
462
828
922
45
1152
0
830
66
1093
84
159
70
165
12
1043
501
12
456
278
383
841
24
1055
979
100
22
647
872
905
159
507
174
164
134
55
255
29
779
197
210
18
519
442
1089
41
70
153
147
7
56
429
871
607
139
312
484
381
125
430
114
12
1098
857
4
87
597
34
25
246
0
1066
222
895
74
475
40
275
623
678
29
222
24
460
306
871
647
39
1092
372
460
116
390
363
59
375
84
111
88
940
123
588
16
988
88
385
90
72
493
390
236
89
259
311
108
53
389
23
245
409
920
37
1044
190
371
95
110
217
25
834
1132
850
608
2
251
53
481
73
897
497
1168
134
751
79
477
634
480
296
26
167
171
210
117
2
2
63
14
24
172
951
172
342
3
592
228
594
479
282
119
0
66
654
239
58
759
1208
1096
825
81
113
4
852
508
12
374
738
256
14
42
146
308
190
22
242
91
651
517
351
143
57
357
246
8
151
176
363
143
21
312
105
27
46
658
128
776
617
155
162
236
689
1205
891
499
44
484
315
725
335
412
48
659
151
948
907
689
90
10
34
101
202
417
324
193
312
54
339
703
715
589
11
601
135
867
185
683
1055
695
469
1333
404
1006
415
1089
426
585
33
223
8
75
325
155
520
318
337
20
270
278
379
198
60
512
327
20
353
292
865
621
25
239
6
50
15
1
549
3
195
684
389
125
310
779
878
640
597
350
595
319
269
178
1018
1185
292
803
562
223
526
375
680
359
831
158
665
103
1116
747
357
21
216
597
862
184
966
2
87
682
91
333
684
403
350
754
125
164
113
372
30
292
5
655
225
787
114
605
435
973
24
715
38
838
979
338
493
650
107
111
1330
252
445
30
286
11
451
657
209
965
9
167
264
231
227
379
102
649
745
441
201
99
101
757
228
1070
79
557
146
558
604
116
91
293
334
303
Case #13:
377
121
63
344
296
29
194
546
90
47
509
252
829
106
83
171
0
325
274
33
392
635
55
1
321
56
32
1046
403
106
440
225
1422
114
168
629
484
3
377
279
1251
80
417
108
164
122
376
21
66
541
263
62
344
605
202
133
95
13
677
298
460
864
535
684
834
613
685
60
1069
82
63
46
360
302
111
665
569
209
649
260
878
48
315
92
286
34
1086
196
449
22
145
393
744
886
834
298
0
149
635
116
462
94
3
114
313
386
337
47
1060
773
625
176
879
11
214
1130
10
127
304
147
1198
130
1225
255
12
105
279
1080
1066
40
327
189
31
86
1060
16
714
66
856
34
84
63
6
265
102
246
878
441
503
786
98
124
378
26
16
733
759
303
175
383
110
29
84
791
243
368
580
460
10
230
305
758
311
128
876
737
573
271
126
613
424
161
232
33
60
760
123
1017
121
75
587
1
145
643
8
587
643
268
89
1036
53
81
80
609
960
58
1137
335
451
142
1101
323
88
305
217
650
572
20
262
191
9
360
202
759
895
292
688
95
573
266
448
647
45
1
204
9
60
515
0
294
282
187
502
294
11
42
327
384
857
636
474
942
675
660
934
596
88
1
274
62
750
275
473
566
365
1230
874
205
0
83
453
517
411
2
213
1231
174
208
254
117
1141
161
332
128
169
582
53
0
120
10
656
690
427
73
136
640
373
700
608
185
146
940
115
761
132
406
718
102
514
681
66
102
1163
374
144
239
883
382
79
962
1
57
292
1306
44
349
80
445
674
697
163
29
386
55
552
80
183
350
362
15
362
172
784
210
35
53
475
926
380
608
32
700
523
561
251
248
1126
1152
9
7
630
145
639
147
107
1049
552
83
191
445
379
853
904
158
140
444
171
229
241
75
143
469
483
120
234
540
662
121
238
149
830
792
447
208
1439
240
859
41
86
706
753
183
1008
149
257
13
20
126
33
344
657
428
15
1098
401
0
45
48
23
392
806
352
278
114
273
837
824
8
750
39
190
274
973
32
408
144
69
50
101
284
58
93
400
519
72
433
500
552
104
107
182
153
708
206
96
819
32
217
54
65
311
237
1267
309
474
170
963
820
1021
89
8
104
452
8
69
54
600
378
40
144
120
26
14
432
1003
351
170
258
29
13
580
14
104
639
391
59
185
63
263
270
76
299
585
1254
997
702
680
573
267
517
265
396
103
625
198
246
288
472
951
575
640
881
312
541
1109
575
944
382
29
645
190
1420
718
161
102
633
251
8
832
404
465
68
63
102
606
681
84
84
306
1003
1246
61
1
906
1164
139
830
94
228
1218
92
704
219
31
0
452
117
506
181
912
436
118
374
175
588
44
680
1428
589
52
820
123
724
627
185
159
809
342
166
47
592
8
346
404
576
221
73
7
446
219
12
671
427
172
1199
264
99
1112
484
64
318
5
3
172
93
76
357
417
838
505
3
116
85
371
690
524
137
295
333
337
47
1244
181
509
151
711
165
93
334
48
257
111
46
336
650
30
1259
922
208
1035
76
169
982
503
235
510
17
1213
911
8
404
279
64
125
146
589
329
106
108
815
542
419
470
260
495
388
273
1374
883
4
41
384
368
113
6
16
13
432
39
32
625
825
80
457
441
378
402
183
47
85
139
319
159
316
90
181
141
462
1205
0
317
36
20
293
690
441
607
243
419
399
284
1070
797
117
837
99
506
118
383
939
1233
116
963
415
43
1289
308
166
1
124
208
353
79
463
993
455
192
348
604
562
118
605
78
51
232
371
430
1234
970
33
40
766
508
95
92
44
435
31
629
394
613
1191
337
91
218
134
205
9
1092
16
4
40
633
783
154
438
194
141
485
493
638
3
443
578
166
934
456
367
33
554
56
371
150
284
448
6
305
726
503
667
301
56
114
8
87
430
369
675
54
664
109
711
90
121
85
34
204
245
376
1010
457
218
53
424
467
336
343
82
143
234
658
262
336
459
125
413
599
194
155
327
959
17
1134
47
159
414
820
568
785
159
330
0
303
82
850
1
118
435
758
153
10
44
86
284
552
295
591
113
164
476
287
27
104
841
491
1042
1146
195
19
280
1053
197
70
328
525
1205
64
770
204
89
21
1098
30
292
13
612
17
267
229
232
320
931
140
127
631
10
72
273
642
133
36
238
100
336
271
139
6
1134
92
66
177
299
321
40
11
937
448
245
504
147
706
28
159
983
133
342
171
32
327
323
42
146
337
169
105
35
818
22
126
353
460
871
330
12
750
64
68
859
730
787
425
124
673
420
598
687
386
274
181
77
374
14
9
49
481
962
901
665
598
643
214
787
165
517
377
45
799
793
38
189
268
133
61
25
843
44
327
80
71
562
686
17
294
198
12
58
627
489
190
918
242
723
39
872
896
813
446
36
296
188
50
234
123
610
575
83
177
395
358
189
782
18
902
46
347
959
739
43
573
1
641
47
367
54
424
294
260
23
139
10
320
13
736
119
1298
572
506
550
351
124
129
166
45
79
698
294
1042
848
338
519
867
125
360
826
64
246
889
110
799
258
866
21
12
671
88
35
262
1103
1158
15
35
450
192
538
526
967
1090
140
565
4
178
24
389
1437
427
485
567
544
992
540
82
854
101
204
304
356
522
82
684
38
685
117
176
778
445
1207
378
24
918
121
104
570
536
144
798
29
290
491
66
648
42
614
767
395
814
127
183
60
97
142
111
656
723
195
338
148
289
823
281
433
139
169
49
577
645
1060
199
751
1058
156
3
7
356
219
43
134
89
69
106
248
278
96
157
413
6
688
330
363
193
316
514
115
1050
9
1242
1047
436
751
22
427
693
136
191
47
523
132
572
387
565
4
312
365
337
541
100
330
590
4
720
298
605
148
108
489
487
1430
3
116
815
295
22
589
84
572
99
409
268
519
1121
94
92
215
73
115
165
67
710
300
19
564
716
571
186
45
80
693
490
231
215
27
470
825
220
484
594
180
178
333
752
232
644
569
74
371
372
12
366
211
23
93
54
483
305
25
111
589
24
476
246
125
168
58
566
394
35
624
42
1020
626
555
72
54
496
148
93
968
90
158
415
147
547
246
67
255
590
241
325
153
642
203
37
51
283
201
776
631
22
324
147
59
109
286
408
278
253
109
275
219
46
792
216
92
161
1027
138
86
506
48
152
224
1120
172
114
513
563
981
46
513
900
165
149
189
663
650
272
173
209
201
347
16
421
59
309
502
140
55
478
57
183
222
156
644
0
15
321
24
66
45
54
528
116
362
532
487
2
909
150
386
185
806
347
364
28
954
672
263
0
8
165
62
491
303
572
296
901
175
50
41
496
172
726
3
176
103
798
526
231
984
418
166
50
1
425
256
1165
334
240
809
360
812
300
481
152
112
667
135
4
355
343
326
350
740
48
409
590
144
34
831
94
14
189
728
276
454
693
57
214
422
392
295
312
246
254
31
11
213
310
166
1226
1002
229
31
679
403
1068
298
55
982
400
272
202
207
618
350
214
133
229
701
616
209
1070
10
131
494
410
1068
304
1259
91
700
279
481
386
728
16
338
272
698
150
882
31
487
143
670
17
496
187
804
303
18
12
101
15
1139
435
242
673
297
52
262
495
49
448
663
649
432
8
241
791
1363
154
97
832
904
241
790
8
388
149
119
175
294
727
648
202
987
927
619
147
101
380
67
107
890
71
199
0
1000
125
42
395
249
383
219
404
278
1061
77
469
362
432
82
987
341
123
188
239
23
556
658
277
619
500
1098
72
544
216
982
888
653
120
408
166
9
275
126
889
770
176
231
446
120
125
218
22
73
8
261
103
22
114
13
200
496
91
34
903
291
50
27
924
805
228
400
124
619
161
649
458
49
15
1311
21
154
249
764
615
265
71
417
766
235
297
426
219
552
172
497
199
349
245
257
1356
90
1144
542
443
157
233
1080
1145
191
19
653
743
370
958
1248
10
3
765
1018
1011
770
958
160
285
353
270
502
3
91
270
941
641
9
752
837
174
394
42
172
206
718
591
415
178
485
97
423
529
91
622
117
263
126
398
1
32
0
360
17
288
149
51
58
56
186
69
571
150
432
92
250
148
209
404
1017
506
308
26
263
593
714
476
482
467
0
839
43
0
234
442
53
578
945
304
388
14
55
43
547
45
540
543
783
460
24
1099
1103
383
312
591
183
60
537
144
223
430
494
261
1072
271
200
60
426
286
252
525
405
130
221
394
58
980
72
851
60
63
25
477
160
456
115
74
543
79
712
286
498
564
496
151
284
658
931
480
357
141
97
7
1317
236
8
326
173
360
18
1306
185
9
114
582
325
1344
670
87
184
545
574
581
78
566
19
458
39
45
305
168
207
17
414
111
23
70
26
226
726
75
1400
212
519
177
42
589
113
141
24
336
843
697
56
439
8
34
175
187
56
397
1014
501
339
744
552
118
489
842
181
182
13
12
355
243
612
73
1037
4
236
332
606
136
267
302
266
44
247
843
103
104
443
579
302
248
192
128
283
1423
168
918
185
128
342
858
526
782
10
99
1030
4
436
308
275
89
110
963
370
269
343
497
82
5
61
830
5
243
36
115
165
326
163
403
544
325
147
118
123
324
483
242
266
708
816
198
573
9
29
3
852
79
348
191
537
945
109
1052
16
67
292
429
243
644
390
736
220
409
26
291
48
221
95
214
695
575
816
263
474
444
785
412
151
303
416
946
190
289
0
1001
32
1
45
174
1042
801
82
667
365
999
248
423
315
528
207
110
425
47
59
47
717
493
74
0
454
45
82
2
341
1030
18
171
592
175
509
586
195
40
658
50
45
198
207
6
8
2
303
392
238
282
57
104
271
367
81
39
785
222
413
1003
39
944
166
1
103
358
785
249
256
202
745
618
315
153
433
399
555
862
139
565
748
333
99
113
186
195
198
679
973
32
772
98
23
121
276
240
515
4
548
729
1081
446
1158
20
813
156
948
146
220
106
276
297
385
1336
42
345
28
348
305
530
265
37
756
369
14
129
189
74
400
977
1
789
19
1174
22
502
345
141
188
50
15
72
228
180
819
3
76
870
667
588
168
852
80
64
71
1190
121
964
370
15
745
401
116
19
21
863
633
249
390
141
467
93
221
88
17
668
43
64
229
165
222
329
38
47
641
948
557
1155
380
426
106
902
249
53
522
211
228
79
91
932
46
1299
477
475
866
98
136
643
287
517
362
229
763
401
35
17
43
221
334
1105
622
237
1066
299
24
104
186
313
677
87
1008
765
365
400
673
80
20
252
23
86
376
722
594
116
540
35
112
433
360
656
51
750
852
408
473
29
1157
269
474
40
1256
60
88
628
115
706
158
333
383
2
642
52
103
160
0
148
66
0
149
289
16
133
515
246
445
63
1033
417
78
174
235
726
89
30
130
121
145
95
137
714
643
603
1260
235
252
499
18
23
10
466
973
116
144
79
438
314
71
65
598
312
754
51
99
545
67
15
245
505
7
567
558
1090
176
35
371
15
555
292
806
65
747
719
2
9
471
483
802
174
12
493
59
130
22
302
39
52
1057
851
187
372
193
600
3
376
225
881
208
51
586
350
311
764
13
175
95
295
162
896
117
25
886
19
620
635
174
138
942
369
133
11
687
524
163
45
1087
3
209
840
567
601
798
633
911
683
534
436
9
33
839
323
69
310
303
532
239
602
430
619
821
239
769
483
168
453
110
438
874
816
317
196
207
1246
367
36
132
231
1172
8
110
329
178
134
18
63
177
72
671
390
1
477
85
296
88
68
55
126
15
192
511
317
219
56
16
275
1026
153
15
145
53
319
28
382
384
448
477
202
110
534
51
323
137
18
881
53
717
817
477
263
21
139
783
262
476
522
558
347
600
372
298
5
175
256
62
221
103
27
696
375
311
625
308
16
1149
335
313
409
10
478
710
318
366
789
28
562
213
486
96
42
30
247
17
262
206
499
409
15
934
105
977
469
362
1315
499
27
106
37
273
485
48
35
1194
800
1
694
187
21
321
331
72
176
61
694
301
171
142
162
550
723
295
278
275
141
54
54
203
260
264
572
3
601
7
23
446
433
364
576
476
852
149
332
49
455
68
67
23
285
111
200
193
4
46
199
1056
164
24
551
282
338
758
11
651
522
0
181
823
623
874
769
805
700
72
59
472
187
871
1085
518
169
1
23
95
719
747
60
182
55
358
109
1014
358
120
64
59
30
37
678
626
383
482
651
190
721
159
890
119
369
27
275
381
992
1026
274
316
48
28
352
285
53
36
498
80
676
324
23
393
485
19
752
87
50
541
1112
542
168
969
835
254
612
651
405
411
500
1022
346
8
136
8
285
0
853
341
128
342
1304
574
115
376
3
229
572
84
183
7
1030
107
4
212
185
9
70
232
628
601
9
333
416
973
1194
58
366
113
40
39
309
282
331
592
1
471
139
141
525
301
436
546
247
411
365
213
1203
533
98
411
211
227
782
151
1005
648
600
305
243
774
112
46
389
105
19
106
363
154
54
915
28
126
521
1093
1068
288
286
94
584
176
662
293
1273
52
47
128
609
1134
141
968
133
1185
127
135
1202
307
600
773
62
67
83
293
34
639
1036
195
0
635
623
696
268
636
513
1167
440
82
287
322
145
32
714
245
367
538
1278
901
741
225
831
1044
19
45
464
360
182
278
353
63
4
137
382
198
147
1220
430
200
68
3
363
1189
400
441
1285
1085
588
541
819
542
564
30
745
59
237
867
243
639
1045
522
782
1133
50
116
241
1019
305
598
516
153
227
394
59
1175
421
291
949
456
633
70
956
341
460
212
164
550
225
1266
314
515
217
675
903
320
148
319
7
370
176
38
604
56
5
1207
47
0
1107
771
412
241
638
127
38
322
475
71
138
206
325
574
580
1199
216
1204
836
236
729
313
161
13
564
74
196
65
24
692
224
12
92
121
183
702
919
105
890
1
1146
528
193
262
57
878
1043
155
6
747
94
794
17
7
12
54
Case #14:
45
36
12
29
209
216
63
247
6
111
25
36
36
15
1
168
48
64
176
291
144
55
64
249
135
89
32
1
27
13
174
78
47
218
174
14
18
0
148
57
6
173
86
132
69
36
0
151
87
79
9
118
0
223
171
7
51
5
9
149
145
25
4
10
14
60
49
33
151
20
69
27
155
15
45
64
85
49
69
247
32
33
64
190
224
16
49
18
114
95
117
90
19
143
229
60
1
26
28
74
97
11
210
114
4
148
64
50
183
105
7
119
50
28
29
4
73
30
14
68
13
128
125
129
184
21
52
19
22
42
5
9
176
123
54
6
9
185
123
0
201
57
96
92
119
39
106
19
2
40
6
91
53
221
68
121
144
19
17
82
1
223
104
2
19
25
210
28
124
107
62
12
40
5
34
88
189
8
17
110
58
83
112
61
83
27
51
9
267
63
34
13
70
82
92
75
273
47
26
84
72
85
17
1
10
110
21
37
54
102
127
4
77
12
52
65
36
9
1
170
89
227
116
68
24
159
119
42
25
74
1
106
106
131
3
15
123
144
7
190
77
1
128
126
181
46
241
33
1
35
5
13
51
13
188
102
16
62
39
23
178
106
0
280
43
22
56
71
3
32
36
95
38
7
53
93
45
54
54
53
219
262
25
157
100
22
76
83
46
215
75
71
16
201
37
75
8
0
147
29
8
19
72
229
214
7
2
200
237
43
97
33
46
71
80
113
53
26
0
106
140
23
137
22
27
195
216
159
21
20
112
43
4
2
0
85
7
29
6
172
26
22
48
64
73
32
193
51
220
201
9
98
33
200
105
11
0
71
44
15
2
140
18
22
72
18
97
112
77
78
38
52
60
29
118
6
10
18
163
107
117
5
19
107
126
3
55
32
12
107
50
97
69
8
223
67
74
27
90
30
143
90
67
1
166
0
29
157
204
22
0
15
124
13
45
10
89
240
160
5
189
125
186
57
57
126
73
15
64
117
62
9
1
45
133
143
14
105
1
39
108
48
76
24
31
14
15
14
31
122
72
2
5
241
17
178
53
243
13
103
2
2
68
4
81
63
72
19
7
43
126
39
8
158
60
94
17
227
89
48
110
7
51
27
112
219
37
10
4
160
59
215
12
28
11
22
217
38
14
215
67
102
55
77
29
1
25
127
124
1
8
30
108
121
3
39
124
97
115
28
224
72
39
13
87
262
151
136
176
92
46
112
142
167
18
16
15
164
61
11
30
252
122
1
230
62
2
174
59
210
117
208
21
41
261
32
0
53
20
57
139
55
0
96
37
101
33
32
112
113
116
211
140
11
3
197
6
58
168
211
158
45
6
64
86
187
63
1
217
0
79
132
7
57
103
38
38
23
15
11
50
13
71
39
143
109
17
5
0
153
7
2
37
177
157
93
143
56
126
12
70
45
221
28
