Case #1: 3 4 6
Case #2: 3 4 5 6
Case #3: 2 6 9 10 12 15 16
Case #4: 86 117 118 157 174 189 208
Case #5: 3 4 5
Case #6: 5 11 13
Case #7: 35 42 50 51 54 59 60 63 66 75
Case #8: 22 222
Case #9: 7 8 9 11 13 15 17
Case #10: 1 2 3
Case #11: 10 16 18 22 25 27 33
Case #12: 4 7 9 12 13 15 16 17 18
Case #13: 7 10 11
Case #14: 9 10 11 12 13 14 15 16 17 18
Case #15: 45 78 107 127 136 153 175 197 206 211
Case #16: 9 10 14 15 17 21 23
Case #17: 4 5 7 8 9 10 11 13
Case #18: 5 10 14 17 19 20 30
Case #19: 1 2 4 6
Case #20: 2 4 5 6
Case #21: 7 9 17 20 24 26
Case #22: 2 6
Case #23: 14 17 27 30 34 38 42 44
Case #24: 5 9 10 11 14 16 19 21
Case #25: 30 35 38 44 47 50 53 58 59 63
Case #26: 6 16 26 36 46 56 66 76 86 96
Case #27: 3 5 6 12
Case #28: 8 13 17
Case #29: 4 7 11 14
Case #30: 8 11 13 15 17 22
Case #31: 23 29 30 35 36 38 43 46 49 50
Case #32: 2 22
Case #33: 6 7 10 15
Case #34: 4 8
Case #35: 6 7 8 9 10 11 12
Case #36: 14 17 26 31 34 37
Case #37: 12 14 15 16 18 20 22 24
Case #38: 7 15 17 19
Case #39: 29 30 31 32 33 34 35
Case #40: 6 10 15
Case #41: 4 6 7 8 12
Case #42: 26 42 58 78
Case #43: 2 4
Case #44: 9 10 12 15 17 20 21 22
Case #45: 5 6 7 8
Case #46: 2 3 4
Case #47: 6 8
Case #48: 5 6 8 9 13 15 16 17 18 20
Case #49: 9 17 24 30 35 39 42 44 45 62
Case #50: 2 5 6 9 11 14 17 18
