Case #1: 3 4 6
Case #2: 23 54 55 100
Case #3: 29 30 31 32 33 40 35
Case #4: 3 8 12 13 14 15 26
Case #5: 1 2 3
Case #6: 4 8
Case #7: 4 5 6 7 9 14 16
Case #8: 16 17 20 24 26 29 32 34 37 40
Case #9: 3 7
Case #10: 1 2 3 5 6 8
Case #11: 7 8 11 12 14 15 18
Case #12: 9 82 29 84 85 86 87 79 89 99
Case #13: 2 3
Case #14: 14 16 17 19 22 24 26 27 29 31
Case #15: 6 8 9 10 13 14
Case #16: 3 4
Case #17: 2 22
Case #18: 3 4 5
Case #19: 2 6
Case #20: 1 5 3 4
Case #21: 17 22 23 27 31 33 36 37 38 47
Case #22: 3 5
Case #23: 9 12 17 18 24
Case #24: 4 5 6 7 8 9 10 11 12 13
Case #25: 8 9 13 14 17 19
Case #26: 11 13 14 18 22 23 29 35 35 41
Case #27: 9 14 14 18 22 24
Case #28: 22 222
Case #29: 6 10 12 15 16 19 22 23 24 30
Case #30: 15 18 19 22 25 26 28 31 33 34
Case #31: 14 17 20 22 26 32 34
Case #32: 4 8
Case #33: 2 3 4
Case #34: 20 28 31 38 37 45 47
Case #35: 4 6 7 11
Case #36: 45 68 83 99 125 127 150 173 193 212
Case #37: 5 6 9 10
Case #38: 16 18 22 25 28 31 33 35 37
Case #39: 3 5 6 12
Case #40: 6 7 8 9 10 11 12
Case #41: 5 8 10 11 13 15 17 19 20
Case #42: 6 8 9 12
Case #43: 2 10 11 12 13 14 15 16 17 49
Case #44: 45 69 82 116 133 131 155
Case #45: 11 11 16 20 22 23 25 26 33
Case #46: 4 5 6 7
Case #47: 2 6
Case #48: 4 5
Case #49: 7 10 12 14 16 21 22
Case #50: 11 13 18 20 24 26 26
