Case #1: 1 0
Case #2: 1 0
Case #3: 1 1
Case #4: 0 0
Case #5: 500 499
Case #6: 1 1
Case #7: 0 0
Case #8: 0 0
Case #9: 1 1
Case #10: 250 249
Case #11: 1 1
Case #12: 0 0
Case #13: 0 0
Case #14: 0 0
Case #15: 1 1
Case #16: 1 1
Case #17: 1 1
Case #18: 1 1
Case #19: 0 0
Case #20: 0 0
Case #21: 1 1
Case #22: 0 0
Case #23: 1 1
Case #24: 0 0
Case #25: 3 2
Case #26: 3 3
Case #27: 0 0
Case #28: 0 0
Case #29: 1 1
Case #30: 0 0
Case #31: 499 499
Case #32: 0 0
Case #33: 0 0
Case #34: 0 0
Case #35: 1 0
Case #36: 0 0
Case #37: 1 1
Case #38: 2 1
Case #39: 1 0
Case #40: 0 0
Case #41: 1 1
Case #42: 1 1
Case #43: 0 0
Case #44: 7 6
Case #45: 1 0
Case #46: 0 0
Case #47: 0 0
Case #48: 0 0
Case #49: 0 0
Case #50: 0 0
Case #51: 3 2
Case #52: 0 0
Case #53: 0 0
Case #54: 0 0
Case #55: 0 0
Case #56: 0 0
Case #57: 0 0
Case #58: 0 0
Case #59: 1 1
Case #60: 3 2
Case #61: 1 0
Case #62: 0 0
Case #63: 1 0
Case #64: 1 1
Case #65: 1 1
Case #66: 0 0
Case #67: 0 0
Case #68: 7 6
Case #69: 1 1
Case #70: 0 0
Case #71: 0 0
Case #72: 1 1
Case #73: 1 1
Case #74: 0 0
Case #75: 249 249
Case #76: 1 0
Case #77: 3 3
Case #78: 3 3
Case #79: 0 0
Case #80: 1 0
Case #81: 1 1
Case #82: 1 1
Case #83: 0 0
Case #84: 250 249
Case #85: 0 0
Case #86: 1 1
Case #87: 125 124
Case #88: 1 1
Case #89: 0 0
Case #90: 3 3
Case #91: 0 0
Case #92: 0 0
Case #93: 2 2
Case #94: 0 0
Case #95: 0 0
Case #96: 0 0
Case #97: 3 2
Case #98: 1 1
Case #99: 0 0
Case #100: 0 0
