Case #1: 4 3
+ 1 1
x 1 2
o 2 1
Case #2: 2 0
Case #3: 6 2
x 1 3
o 2 2
Case #4: 136 71
+ 1 2
+ 1 3
+ 1 6
+ 1 9
+ 1 11
+ 1 13
+ 1 14
+ 1 32
+ 2 17
+ 2 24
x 2 53
+ 3 2
+ 3 28
x 4 52
+ 5 1
+ 5 22
+ 7 35
+ 9 35
x 9 47
+ 10 1
x 10 44
x 11 42
+ 12 1
+ 15 1
+ 16 1
x 16 41
+ 17 1
x 17 40
+ 18 5
+ 19 1
x 19 31
x 20 29
+ 23 2
x 23 28
x 27 25
+ 28 1
x 28 24
x 33 17
+ 34 50
+ 37 4
x 38 16
+ 39 7
x 39 11
+ 40 3
x 41 9
x 42 8
+ 44 3
x 44 5
+ 45 3
x 46 4
+ 47 4
x 48 3
x 50 1
+ 51 1
o 51 2
+ 52 29
+ 53 2
+ 53 6
+ 53 8
+ 53 9
+ 53 13
+ 53 14
+ 53 15
+ 53 17
+ 53 18
+ 53 19
+ 53 22
+ 53 24
+ 53 25
+ 53 27
+ 53 29
Case #5: 95 52
+ 1 3
+ 1 8
+ 1 14
+ 1 19
+ 2 6
+ 2 21
+ 2 22
+ 2 26
+ 4 1
+ 4 21
+ 5 1
x 5 36
+ 6 1
x 6 32
+ 8 2
x 8 29
x 9 21
+ 10 1
x 10 19
+ 11 1
x 13 18
x 14 17
+ 16 1
+ 16 2
x 16 16
x 19 12
x 20 11
+ 21 1
x 24 10
+ 26 5
+ 27 3
x 27 8
x 28 4
+ 28 5
+ 28 34
+ 28 36
x 30 2
+ 30 4
+ 32 3
+ 34 2
x 35 1
+ 36 1
+ 36 2
+ 36 3
+ 36 5
+ 36 6
+ 36 8
+ 36 9
+ 36 14
+ 36 18
+ 36 20
+ 36 24
Case #6: 273 200
+ 1 31
+ 1 43
+ 1 52
+ 1 55
+ 1 58
x 1 100
+ 2 23
+ 2 43
+ 2 69
x 2 99
+ 3 13
+ 3 48
+ 3 55
+ 3 63
x 3 98
x 4 97
+ 5 45
+ 5 68
x 5 96
x 6 95
x 7 94
+ 8 69
x 8 93
x 9 92
+ 10 69
+ 10 82
x 10 91
x 11 90
x 12 89
+ 13 2
x 13 88
x 14 87
+ 15 70
+ 15 83
x 15 86
x 16 85
+ 17 7
+ 17 83
x 17 84
x 18 83
x 19 82
x 20 81
x 21 80
x 22 79
x 23 78
x 24 77
+ 24 88
+ 25 72
x 25 76
x 26 75
x 27 74
x 28 73
x 29 72
x 30 71
x 31 70
x 32 69
x 33 68
x 34 67
x 35 66
x 36 65
x 37 64
+ 37 80
+ 37 95
x 38 63
x 39 62
x 40 61
x 41 60
x 42 59
x 43 58
x 44 57
+ 44 94
x 45 56
x 46 55
x 47 54
x 48 53
x 49 52
x 50 51
x 51 50
x 52 49
x 53 48
x 54 47
+ 54 98
x 55 46
x 56 45
x 57 44
x 58 43
x 59 42
+ 59 98
x 60 41
x 61 40
+ 61 95
x 62 39
x 63 38
x 64 37
+ 64 96
+ 64 97
x 65 36
x 66 35
+ 66 97
x 67 34
x 68 33
x 69 32
x 70 31
+ 70 99
x 71 30
x 72 29
+ 72 99
x 73 28
x 74 27
x 75 26
x 76 25
x 77 24
x 78 23
x 79 22
x 80 21
x 81 20
x 82 19
+ 82 93
x 83 18
x 84 17
x 85 16
x 86 15
x 87 14
x 88 13
+ 88 74
x 89 12
x 90 11
x 91 10
x 92 9
x 93 8
+ 93 77
x 94 7
x 95 6
+ 95 77
x 96 5
x 97 4
x 98 3
x 99 2
o 100 1
+ 100 2
+ 100 3
+ 100 4
+ 100 5
+ 100 6
+ 100 7
+ 100 8
+ 100 9
+ 100 10
+ 100 11
+ 100 13
+ 100 14
+ 100 15
+ 100 16
+ 100 18
+ 100 19
+ 100 20
+ 100 21
+ 100 22
+ 100 23
+ 100 24
+ 100 25
+ 100 26
+ 100 27
+ 100 28
+ 100 29
+ 100 30
+ 100 31
+ 100 33
+ 100 34
+ 100 35
+ 100 36
+ 100 37
+ 100 39
+ 100 40
+ 100 41
+ 100 42
+ 100 43
+ 100 44
+ 100 45
+ 100 46
+ 100 47
+ 100 48
+ 100 49
+ 100 50
+ 100 51
+ 100 53
+ 100 54
+ 100 55
+ 100 58
+ 100 59
+ 100 64
+ 100 65
+ 100 66
+ 100 67
+ 100 68
+ 100 73
+ 100 74
+ 100 76
+ 100 77
+ 100 78
Case #7: 274 191
+ 1 10
+ 1 26
+ 1 35
+ 1 36
+ 1 39
+ 1 51
+ 1 77
+ 2 28
+ 2 46
+ 2 48
+ 2 55
+ 2 59
+ 2 64
+ 2 70
x 2 100
+ 3 23
+ 3 36
+ 3 59
x 3 98
+ 4 28
+ 4 40
+ 4 70
+ 4 78
x 4 97
+ 5 70
x 5 96
+ 6 3
+ 6 19
+ 6 25
+ 6 37
x 6 95
+ 7 70
x 7 94
+ 8 78
+ 10 2
x 10 93
+ 11 72
x 11 92
+ 12 76
x 12 91
x 13 90
x 14 89
+ 15 74
x 15 88
+ 17 1
x 17 87
+ 18 73
+ 18 78
x 18 86
x 19 85
x 20 84
x 21 83
x 22 82
x 24 81
x 26 80
x 27 78
x 28 76
x 29 75
x 30 74
x 31 73
x 33 72
x 34 70
x 35 69
x 36 67
x 37 66
x 38 63
x 39 61
+ 39 90
x 40 58
x 41 57
x 42 55
+ 43 95
x 44 54
x 45 53
+ 45 94
x 47 52
x 48 51
x 49 50
+ 49 96
x 50 48
x 51 47
x 52 46
x 53 45
+ 53 98
x 54 43
x 55 42
x 57 41
x 58 40
+ 58 98
x 59 39
x 60 38
+ 60 97
x 63 37
x 64 36
+ 64 94
x 65 35
x 66 34
x 67 33
x 69 32
x 70 31
x 71 29
+ 71 88
x 72 28
x 73 27
+ 73 89
x 74 26
x 76 25
x 77 24
x 78 23
x 79 22
x 80 21
x 82 20
x 84 18
x 85 16
x 87 14
x 88 13
+ 88 73
x 90 11
x 91 10
+ 91 73
x 93 8
x 94 6
x 95 4
x 96 3
+ 96 75
x 97 2
x 98 1
+ 100 2
+ 100 3
+ 100 4
+ 100 5
+ 100 6
+ 100 7
+ 100 8
+ 100 9
+ 100 10
+ 100 11
+ 100 12
+ 100 13
+ 100 14
+ 100 15
+ 100 16
+ 100 17
+ 100 18
o 100 19
+ 100 20
+ 100 21
+ 100 22
+ 100 23
+ 100 24
+ 100 25
+ 100 26
+ 100 27
+ 100 28
+ 100 30
+ 100 31
+ 100 32
+ 100 33
+ 100 34
+ 100 35
+ 100 36
+ 100 37
+ 100 40
+ 100 41
+ 100 42
+ 100 43
+ 100 44
+ 100 46
+ 100 47
+ 100 48
+ 100 49
+ 100 50
+ 100 52
+ 100 53
+ 100 54
+ 100 55
+ 100 60
+ 100 63
+ 100 65
+ 100 66
+ 100 67
+ 100 68
+ 100 69
+ 100 70
+ 100 72
+ 100 73
+ 100 74
+ 100 75
+ 100 76
+ 100 78
+ 100 80
Case #8: 247 135
+ 1 3
+ 1 7
+ 1 16
+ 1 27
+ 1 33
+ 1 43
+ 1 45
+ 1 53
+ 1 54
+ 1 57
x 1 93
+ 2 1
+ 2 11
+ 2 39
+ 2 45
+ 2 50
+ 2 66
x 2 90
+ 3 15
+ 3 20
+ 3 27
+ 3 53
x 3 89
+ 4 34
x 4 88
+ 5 16
+ 5 24
+ 5 27
x 5 84
+ 6 16
+ 6 64
+ 7 56
x 7 83
+ 8 2
+ 9 63
+ 10 23
+ 11 1
x 12 82
+ 13 2
+ 13 54
x 13 80
+ 14 6
x 16 78
x 17 77
+ 18 1
x 18 76
x 19 75
+ 23 4
+ 23 8
x 23 73
x 25 72
x 26 71
x 29 68
x 30 66
x 31 65
+ 32 5
+ 32 7
x 32 63
x 35 62
x 36 61
x 39 60
x 40 58
x 42 57
x 45 54
x 47 53
x 48 52
x 52 48
x 54 46
+ 54 90
x 55 44
x 57 42
+ 58 13
x 58 41
x 59 38
x 60 37
+ 60 87
+ 61 17
x 62 33
+ 63 12
x 63 32
x 64 31
x 65 27
+ 66 13
+ 66 14
+ 66 80
x 68 26
x 70 25
x 71 24
x 72 23
+ 74 11
x 77 21
x 78 20
+ 83 1
o 84 19
+ 85 23
x 86 17
+ 86 66
x 87 16
+ 87 20
x 88 11
+ 88 66
x 89 10
+ 90 1
+ 90 2
x 90 7
+ 90 36
+ 91 45
x 92 3
+ 92 18
+ 92 57
x 93 1
+ 93 2
+ 93 3
+ 93 9
+ 93 13
+ 93 16
+ 93 18
+ 93 20
+ 93 21
+ 93 22
+ 93 23
+ 93 24
+ 93 25
+ 93 27
+ 93 29
+ 93 32
+ 93 34
+ 93 36
+ 93 37
+ 93 38
+ 93 45
+ 93 46
+ 93 50
+ 93 55
+ 93 57
Case #9: 298 296
+ 1 1
+ 1 2
+ 1 3
+ 1 4
+ 1 5
+ 1 6
+ 1 7
+ 1 8
+ 1 9
+ 1 10
+ 1 11
+ 1 12
+ 1 13
+ 1 14
+ 1 15
+ 1 16
+ 1 17
+ 1 18
+ 1 19
+ 1 20
+ 1 21
+ 1 22
+ 1 23
+ 1 24
+ 1 25
+ 1 26
+ 1 27
+ 1 28
+ 1 29
+ 1 30
+ 1 31
+ 1 32
+ 1 33
+ 1 34
+ 1 35
+ 1 36
+ 1 37
+ 1 38
+ 1 39
+ 1 40
+ 1 41
+ 1 42
+ 1 43
+ 1 44
+ 1 45
+ 1 46
+ 1 47
+ 1 48
+ 1 49
+ 1 50
+ 1 51
+ 1 52
+ 1 53
+ 1 54
+ 1 55
+ 1 56
+ 1 57
+ 1 58
+ 1 59
+ 1 60
+ 1 61
+ 1 62
+ 1 63
+ 1 64
+ 1 65
+ 1 66
+ 1 67
+ 1 68
+ 1 69
+ 1 70
+ 1 71
+ 1 72
+ 1 73
+ 1 74
+ 1 75
+ 1 76
+ 1 77
+ 1 78
+ 1 79
+ 1 80
+ 1 81
+ 1 82
+ 1 83
+ 1 84
+ 1 85
+ 1 86
+ 1 87
+ 1 88
+ 1 89
+ 1 90
+ 1 91
+ 1 92
+ 1 93
+ 1 94
+ 1 95
+ 1 96
+ 1 97
+ 1 98
+ 1 99
x 1 100
x 2 99
x 3 98
x 4 97
x 5 96
x 6 95
x 7 94
x 8 93
x 9 92
x 10 91
x 11 90
x 12 89
x 13 88
x 14 87
x 15 86
x 16 85
x 17 84
x 18 83
x 19 82
x 20 81
x 21 80
x 22 79
x 23 78
x 24 77
x 25 76
x 26 75
x 27 74
x 28 73
x 29 72
x 30 71
x 31 70
x 32 69
x 33 68
x 35 67
x 36 66
x 37 65
x 38 64
x 39 63
x 40 62
x 41 61
x 42 60
x 43 59
x 44 58
x 45 57
x 46 56
x 47 55
x 48 54
x 49 53
x 50 52
x 51 51
x 52 49
x 53 48
x 54 47
x 55 46
x 56 45
x 57 44
x 58 43
x 59 42
x 60 41
x 61 40
x 62 39
x 63 38
x 64 37
x 65 36
x 66 35
x 67 34
x 68 33
x 69 32
x 70 31
x 71 30
x 72 29
x 73 28
x 74 27
x 75 26
x 76 25
x 77 24
x 78 23
x 79 22
x 80 21
x 81 20
x 82 19
x 83 18
x 84 17
x 85 16
x 86 15
x 87 14
x 88 13
x 89 12
x 90 11
x 91 10
x 92 9
x 93 8
x 94 7
x 95 6
x 96 5
x 97 4
x 98 3
x 99 2
o 100 1
+ 100 2
+ 100 3
+ 100 4
+ 100 5
+ 100 6
+ 100 7
+ 100 8
+ 100 9
+ 100 10
+ 100 11
+ 100 12
+ 100 13
+ 100 14
+ 100 15
+ 100 16
+ 100 17
+ 100 18
+ 100 19
+ 100 20
+ 100 21
+ 100 22
+ 100 23
+ 100 24
+ 100 25
+ 100 26
+ 100 27
+ 100 28
+ 100 29
+ 100 30
+ 100 31
+ 100 32
+ 100 33
+ 100 34
+ 100 35
+ 100 36
+ 100 37
+ 100 38
+ 100 39
+ 100 40
+ 100 41
+ 100 42
+ 100 43
+ 100 44
+ 100 45
+ 100 46
+ 100 47
+ 100 48
+ 100 49
+ 100 50
+ 100 51
+ 100 52
+ 100 53
+ 100 54
+ 100 55
+ 100 56
+ 100 57
+ 100 58
+ 100 59
+ 100 60
+ 100 61
+ 100 62
+ 100 63
+ 100 64
+ 100 65
+ 100 66
+ 100 67
+ 100 68
+ 100 69
+ 100 70
+ 100 71
+ 100 72
+ 100 73
+ 100 74
+ 100 75
+ 100 76
+ 100 77
+ 100 78
+ 100 79
+ 100 80
+ 100 81
+ 100 82
+ 100 83
+ 100 84
+ 100 85
+ 100 86
+ 100 87
+ 100 88
+ 100 89
+ 100 90
+ 100 91
+ 100 92
+ 100 93
+ 100 94
+ 100 95
+ 100 96
+ 100 97
+ 100 98
+ 100 99
Case #10: 135 71
+ 1 2
+ 1 17
+ 1 20
+ 1 26
+ 1 28
x 1 51
+ 2 8
+ 2 13
+ 2 23
+ 2 24
+ 2 28
+ 2 33
+ 4 1
x 4 50
+ 5 1
+ 5 29
x 5 48
+ 6 1
+ 7 12
+ 8 1
x 8 43
+ 9 29
x 9 40
x 10 39
+ 12 1
+ 13 4
x 13 37
+ 14 2
x 15 34
x 16 33
x 18 32
x 19 30
x 20 29
x 21 27
x 22 26
x 23 25
x 24 24
x 25 23
x 28 20
+ 30 7
x 30 19
x 32 18
x 34 15
+ 35 10
+ 35 50
+ 37 49
+ 38 2
x 39 12
x 41 8
x 42 4
+ 47 1
+ 49 1
+ 49 2
+ 49 22
+ 50 15
+ 50 28
+ 51 1
x 51 2
+ 51 13
+ 51 19
o 52 1
+ 52 3
+ 52 8
+ 52 9
+ 52 15
+ 52 21
+ 52 22
+ 52 23
+ 52 24
+ 52 28
+ 52 32
Case #11: 2 1
o 1 1
Case #12: 279 200
+ 1 2
+ 1 21
+ 1 32
+ 1 36
+ 1 37
+ 1 42
+ 1 45
+ 1 48
+ 1 51
+ 1 55
+ 1 56
+ 1 59
+ 1 62
+ 1 63
+ 1 70
+ 1 71
+ 1 74
+ 1 81
x 1 100
+ 2 12
+ 2 19
+ 2 23
+ 2 26
+ 2 27
+ 2 45
+ 2 67
+ 2 78
+ 2 79
x 2 98
+ 3 1
+ 3 12
+ 3 32
+ 3 33
+ 3 42
+ 3 48
+ 3 55
+ 3 62
+ 3 63
+ 3 81
+ 4 15
+ 4 16
+ 4 26
+ 4 37
+ 6 21
+ 7 1
+ 7 79
x 7 96
+ 8 83
x 9 95
+ 10 78
x 10 94
x 12 93
+ 13 3
+ 13 84
x 13 92
x 14 91
x 15 90
x 16 88
+ 17 73
x 19 87
x 20 86
x 21 85
+ 22 70
x 22 84
x 23 81
x 24 80
x 25 79
+ 25 92
+ 26 68
x 26 78
x 27 77
x 28 76
+ 28 91
x 30 75
x 31 72
x 33 70
x 35 67
x 36 66
x 37 64
x 39 61
x 40 60
+ 40 97
x 42 59
x 43 57
x 45 56
x 46 55
x 47 54
+ 47 100
+ 48 88
x 50 53
x 51 51
x 52 49
+ 52 90
x 53 46
x 54 45
x 55 44
x 57 43
x 58 42
x 61 41
x 63 39
x 64 38
x 65 36
+ 66 98
x 67 34
x 68 32
x 69 31
+ 70 98
x 72 28
+ 72 95
x 73 25
x 74 24
x 75 23
x 76 22
o 79 21
x 80 19
+ 80 96
x 81 18
x 84 17
x 87 15
x 88 14
x 89 13
+ 90 79
x 91 11
x 92 9
x 93 8
x 94 6
+ 94 79
x 95 5
x 97 4
x 98 3
+ 98 81
x 99 2
x 100 1
+ 100 2
+ 100 3
+ 100 4
+ 100 5
+ 100 6
+ 100 7
+ 100 8
+ 100 9
+ 100 10
+ 100 11
+ 100 12
+ 100 13
+ 100 14
+ 100 15
+ 100 16
+ 100 18
+ 100 20
+ 100 21
+ 100 22
+ 100 23
+ 100 24
+ 100 25
+ 100 26
+ 100 27
+ 100 28
+ 100 29
+ 100 30
+ 100 31
+ 100 32
+ 100 33
+ 100 34
+ 100 35
+ 100 38
+ 100 39
+ 100 40
+ 100 41
+ 100 43
+ 100 44
+ 100 45
+ 100 46
+ 100 48
+ 100 49
+ 100 50
+ 100 51
+ 100 52
+ 100 53
+ 100 54
+ 100 55
+ 100 56
+ 100 57
+ 100 58
+ 100 59
+ 100 60
+ 100 61
+ 100 62
+ 100 63
+ 100 65
+ 100 66
+ 100 70
+ 100 71
+ 100 72
+ 100 74
+ 100 75
+ 100 77
+ 100 78
+ 100 80
+ 100 81
Case #13: 289 262
+ 1 5
+ 1 15
+ 1 20
+ 1 25
+ 1 26
+ 1 27
+ 1 28
+ 1 30
+ 1 32
+ 1 36
+ 1 37
+ 1 38
+ 1 45
+ 1 49
+ 1 54
+ 1 56
+ 1 57
+ 1 58
+ 1 60
+ 1 61
+ 1 62
+ 1 65
+ 1 69
+ 1 72
+ 1 73
+ 1 76
+ 1 77
+ 1 81
+ 1 84
+ 1 85
+ 1 88
+ 1 92
x 1 100
+ 2 1
+ 2 8
+ 2 11
+ 2 12
+ 2 22
+ 2 34
+ 2 42
+ 2 51
+ 2 54
+ 2 65
+ 2 69
x 2 99
+ 3 1
+ 3 4
+ 3 37
+ 3 42
+ 3 45
+ 3 48
+ 3 49
+ 3 57
+ 3 61
+ 3 65
+ 3 69
+ 3 72
+ 3 73
+ 3 76
+ 3 77
+ 3 81
+ 3 84
+ 3 85
+ 3 88
+ 3 92
x 3 98
+ 4 15
+ 4 92
x 4 96
+ 5 7
+ 5 13
+ 5 18
+ 5 20
+ 6 11
x 6 95
+ 7 1
+ 7 40
+ 7 93
x 7 94
x 8 93
+ 9 2
+ 9 26
x 9 92
+ 10 31
+ 10 89
x 11 91
+ 12 3
x 12 89
+ 13 36
x 14 88
+ 15 5
x 15 87
x 16 85
x 17 84
x 18 83
x 19 82
x 20 81
x 21 79
x 22 78
x 23 77
+ 23 100
x 24 76
x 25 75
x 26 74
x 27 73
x 28 72
x 29 71
x 30 69
x 31 68
x 32 67
x 33 66
x 34 64
+ 35 100
x 36 63
x 37 62
x 38 61
x 39 60
x 40 59
x 41 58
+ 41 91
x 42 56
x 43 55
x 44 54
x 45 53
x 46 52
x 47 51
x 48 50
x 49 49
x 50 48
o 51 47
+ 51 89
x 52 46
x 53 45
x 54 44
x 55 43
x 56 42
x 57 41
x 58 40
x 59 39
x 60 38
x 61 37
x 62 36
x 65 35
x 66 34
x 67 33
x 68 32
+ 68 98
x 69 31
x 70 30
x 71 29
+ 71 99
x 72 28
x 73 27
x 74 26
x 75 25
x 76 24
x 77 23
+ 77 99
x 78 22
x 79 21
x 80 20
x 81 19
x 82 18
x 83 17
+ 83 99
x 84 16
x 85 15
x 86 14
x 87 13
x 88 12
x 90 11
x 91 10
x 92 9
x 93 8
x 94 7
x 95 6
x 96 5
x 97 4
x 98 3
+ 98 93
x 99 2
x 100 1
+ 100 2
+ 100 3
+ 100 4
+ 100 5
+ 100 6
+ 100 7
+ 100 8
+ 100 9
+ 100 10
+ 100 11
+ 100 12
+ 100 13
+ 100 14
+ 100 15
+ 100 16
+ 100 17
+ 100 18
+ 100 19
+ 100 20
+ 100 21
+ 100 22
+ 100 24
+ 100 25
+ 100 26
+ 100 27
+ 100 28
+ 100 29
+ 100 30
+ 100 31
+ 100 33
+ 100 34
+ 100 36
+ 100 37
+ 100 38
+ 100 39
+ 100 41
+ 100 42
+ 100 43
+ 100 44
+ 100 45
+ 100 46
+ 100 47
+ 100 48
+ 100 49
+ 100 50
+ 100 51
+ 100 52
+ 100 53
+ 100 54
+ 100 55
+ 100 56
+ 100 57
+ 100 58
+ 100 59
+ 100 60
+ 100 61
+ 100 62
+ 100 63
+ 100 64
+ 100 65
+ 100 67
+ 100 68
+ 100 69
+ 100 71
+ 100 72
+ 100 73
+ 100 74
+ 100 75
+ 100 77
+ 100 78
+ 100 79
+ 100 80
+ 100 81
+ 100 83
+ 100 84
+ 100 85
+ 100 86
+ 100 87
+ 100 88
+ 100 89
Case #14: 263 165
x 1 100
x 2 99
x 3 98
x 4 97
x 5 96
x 6 95
x 7 94
x 8 93
x 9 92
x 10 91
x 11 90
x 12 89
x 13 88
x 14 87
x 15 86
x 16 85
x 17 84
x 18 83
x 19 82
x 20 81
x 21 80
x 22 79
x 23 78
x 24 77
x 25 76
x 26 75
x 27 74
+ 27 83
x 28 73
x 29 72
+ 29 83
x 30 71
x 31 70
x 32 69
x 33 68
x 34 67
x 35 66
x 36 65
x 37 64
+ 37 86
x 38 63
+ 38 90
x 39 62
x 40 61
+ 40 90
x 41 60
x 42 59
x 43 58
x 44 57
x 45 56
+ 45 92
x 46 55
x 47 54
x 48 53
x 49 52
+ 49 97
x 50 51
+ 50 95
x 51 50
x 52 49
x 53 48
+ 53 96
+ 53 97
x 54 47
x 55 46
x 56 45
+ 56 98
x 57 44
x 58 43
x 59 42
x 60 41
+ 60 99
+ 60 100
x 61 40
x 62 39
+ 62 100
x 63 38
x 64 37
x 65 36
x 66 35
+ 66 98
x 67 34
x 68 33
x 69 32
x 70 31
x 71 30
x 72 29
x 73 28
x 74 27
x 75 26
x 76 25
x 77 24
o 78 23
x 79 22
x 80 21
x 81 20
x 82 19
x 83 18
x 84 17
x 85 16
x 86 15
x 87 14
x 88 13
x 89 12
x 90 11
+ 90 71
x 91 10
x 92 9
x 93 8
x 94 7
x 95 6
x 96 5
x 97 4
+ 97 69
x 98 3
x 99 2
+ 99 64
x 100 1
+ 100 2
+ 100 3
+ 100 4
+ 100 5
+ 100 6
+ 100 7
+ 100 8
+ 100 9
+ 100 11
+ 100 13
+ 100 14
+ 100 15
+ 100 16
+ 100 17
+ 100 18
+ 100 19
+ 100 20
+ 100 21
+ 100 22
+ 100 24
+ 100 25
+ 100 26
+ 100 27
+ 100 29
+ 100 31
+ 100 32
+ 100 33
+ 100 34
+ 100 35
+ 100 36
+ 100 38
+ 100 39
+ 100 40
+ 100 41
+ 100 42
+ 100 43
+ 100 44
+ 100 47
+ 100 48
+ 100 51
+ 100 52
+ 100 53
+ 100 55
+ 100 56
+ 100 57
+ 100 58
+ 100 68
Case #15: 267 167
x 1 100
x 2 99
x 3 98
x 4 97
x 6 96
x 7 94
x 8 93
x 9 92
x 11 91
x 12 90
x 13 89
x 14 88
x 15 87
x 16 86
x 17 85
x 18 84
x 19 83
x 20 82
x 21 81
x 22 80
x 23 79
x 24 78
x 25 77
x 26 76
+ 26 89
+ 26 90
x 27 75
x 28 74
x 29 73
x 30 72
+ 30 89
+ 30 92
x 31 71
x 32 70
x 33 69
+ 33 93
x 34 68
x 35 67
x 36 66
+ 36 91
x 37 65
x 38 64
x 39 63
+ 39 92
x 40 62
x 41 61
x 42 60
+ 42 96
x 43 59
x 44 58
x 45 57
+ 45 97
x 46 56
x 47 55
x 48 54
+ 48 99
x 49 53
x 50 52
+ 50 98
x 51 51
+ 51 98
x 52 50
x 53 49
+ 53 98
x 54 48
+ 54 98
x 55 47
x 56 46
+ 56 98
+ 56 99
x 57 45
x 58 44
x 59 43
x 60 42
x 61 41
x 62 40
x 63 39
x 64 38
+ 64 97
x 65 37
x 66 36
x 67 35
x 68 34
x 69 33
x 70 32
+ 70 90
+ 70 93
x 71 31
x 72 30
x 73 29
x 74 28
x 75 27
+ 75 89
x 76 26
x 77 25
+ 77 89
x 78 24
x 79 23
x 80 22
x 82 21
x 83 20
x 84 19
x 85 18
x 86 16
x 87 15
x 88 14
x 89 13
+ 89 79
x 90 12
x 91 11
x 92 10
+ 92 78
x 93 8
x 94 7
x 95 6
+ 95 70
+ 95 77
x 96 5
x 97 4
+ 97 77
x 98 3
x 99 2
+ 99 68
x 100 1
+ 100 2
+ 100 3
+ 100 4
+ 100 5
+ 100 6
+ 100 7
+ 100 8
+ 100 9
+ 100 10
+ 100 11
+ 100 12
+ 100 13
+ 100 14
+ 100 17
+ 100 18
+ 100 20
+ 100 21
+ 100 23
+ 100 24
+ 100 25
+ 100 28
+ 100 29
+ 100 30
+ 100 32
+ 100 33
+ 100 34
+ 100 35
+ 100 36
+ 100 37
+ 100 39
+ 100 40
+ 100 41
+ 100 43
+ 100 44
+ 100 45
+ 100 46
+ 100 50
+ 100 53
+ 100 56
+ 100 57
+ 100 58
+ 100 59
+ 100 62
Case #16: 277 176
+ 1 13
+ 1 17
+ 1 56
+ 1 61
+ 1 65
+ 1 69
+ 1 73
+ 1 77
x 1 100
+ 2 31
+ 2 46
+ 2 47
+ 2 51
+ 2 61
+ 2 69
+ 2 73
x 2 98
+ 3 14
+ 3 34
+ 3 65
+ 3 69
+ 3 73
+ 3 83
x 3 96
+ 4 25
+ 4 47
+ 4 73
x 4 95
+ 5 37
+ 5 83
x 5 94
+ 6 13
+ 6 29
x 6 93
+ 7 21
+ 7 72
x 8 91
+ 9 83
x 10 90
+ 11 2
x 11 88
+ 12 75
x 12 87
x 14 85
x 17 84
+ 18 76
x 18 82
+ 19 2
x 19 81
x 23 78
+ 24 76
x 29 77
x 31 76
+ 31 92
x 32 74
x 33 73
x 34 72
+ 34 84
x 35 71
x 37 69
x 38 68
+ 38 95
x 41 67
x 42 66
x 45 65
+ 45 98
x 46 63
+ 47 95
x 48 62
+ 50 96
x 51 61
x 52 60
+ 53 100
x 54 56
x 55 55
+ 57 93
+ 57 98
x 58 53
x 60 51
x 61 50
x 63 49
x 65 46
x 66 44
+ 66 96
x 67 42
x 68 41
x 70 40
+ 70 98
x 71 39
x 72 37
x 73 36
+ 73 98
x 74 35
x 75 32
x 76 31
+ 76 100
x 77 30
x 78 28
x 79 24
+ 79 94
x 81 22
x 85 21
+ 85 93
x 86 19
x 87 17
x 88 15
x 90 14
x 92 5
x 94 3
x 97 2
+ 97 83
+ 98 79
o 100 1
+ 100 2
+ 100 3
+ 100 4
+ 100 5
+ 100 6
+ 100 7
+ 100 8
+ 100 9
+ 100 10
+ 100 11
+ 100 12
+ 100 13
+ 100 14
+ 100 15
+ 100 16
+ 100 17
+ 100 19
+ 100 20
+ 100 21
+ 100 22
+ 100 24
+ 100 25
+ 100 26
+ 100 27
+ 100 28
+ 100 29
+ 100 30
+ 100 31
+ 100 32
+ 100 34
+ 100 35
+ 100 36
+ 100 37
+ 100 38
+ 100 39
+ 100 40
+ 100 41
+ 100 44
+ 100 45
+ 100 47
+ 100 48
+ 100 49
+ 100 51
+ 100 52
+ 100 54
+ 100 56
+ 100 57
+ 100 58
+ 100 59
+ 100 60
+ 100 61
+ 100 63
+ 100 64
+ 100 65
+ 100 66
+ 100 67
+ 100 69
+ 100 70
+ 100 72
+ 100 74
+ 100 75
+ 100 82
+ 100 84
Case #17: 181 0
Case #18: 295 290
+ 1 2
+ 1 5
+ 1 6
+ 1 9
+ 1 10
+ 1 13
+ 1 14
+ 1 17
+ 1 18
+ 1 20
+ 1 21
+ 1 25
+ 1 26
+ 1 27
+ 1 29
+ 1 30
+ 1 31
+ 1 33
+ 1 34
+ 1 35
+ 1 37
+ 1 38
+ 1 39
+ 1 41
+ 1 42
+ 1 43
+ 1 45
+ 1 46
+ 1 47
+ 1 50
+ 1 53
+ 1 54
+ 1 57
+ 1 58
+ 1 61
+ 1 62
+ 1 65
+ 1 66
+ 1 69
+ 1 70
+ 1 73
+ 1 74
+ 1 77
+ 1 78
+ 1 81
+ 1 82
+ 1 85
+ 1 89
+ 1 90
+ 1 93
+ 1 94
+ 1 97
x 1 100
+ 2 23
+ 2 50
+ 2 87
x 2 99
+ 3 1
+ 3 2
+ 3 5
+ 3 6
+ 3 9
+ 3 10
+ 3 13
+ 3 14
+ 3 17
+ 3 21
+ 3 26
+ 3 30
+ 3 34
+ 3 38
+ 3 42
+ 3 46
+ 3 50
+ 3 53
+ 3 54
+ 3 57
+ 3 58
+ 3 61
+ 3 62
+ 3 65
+ 3 66
+ 3 69
+ 3 70
+ 3 73
+ 3 74
+ 3 77
+ 3 78
+ 3 81
+ 3 82
+ 3 85
+ 3 89
+ 3 90
+ 3 93
+ 3 94
+ 3 97
x 3 98
x 4 97
x 5 96
x 6 95
x 7 94
+ 8 91
x 8 93
x 9 92
x 10 91
x 11 90
x 12 89
x 13 88
x 14 87
x 15 86
x 16 85
x 17 84
x 18 83
x 19 82
x 20 81
x 21 80
x 22 79
x 23 78
x 24 77
x 25 76
x 26 75
x 27 74
x 28 73
x 29 72
x 30 71
x 31 70
x 32 69
x 33 68
x 34 67
x 35 66
x 36 65
x 37 64
x 38 63
x 39 62
x 40 61
x 41 60
x 42 59
x 43 58
x 44 57
x 45 56
x 46 55
x 47 54
x 48 53
x 49 52
x 50 51
x 51 50
x 52 49
x 53 48
x 54 47
x 55 46
x 56 45
x 57 44
x 58 43
x 59 42
x 60 41
x 61 40
x 62 39
x 63 38
x 64 37
x 65 36
x 66 35
x 67 34
x 68 33
x 69 32
x 70 31
x 71 30
x 72 29
x 73 28
x 74 27
x 75 26
x 76 25
x 77 24
+ 77 99
x 78 23
x 79 22
x 80 21
x 81 20
x 82 19
x 83 18
x 84 17
+ 84 99
x 85 16
x 86 15
x 87 14
x 88 13
x 89 12
x 90 11
x 91 10
x 92 9
x 93 8
x 94 7
x 95 6
x 96 5
+ 96 93
x 97 4
x 98 3
x 99 2
o 100 1
+ 100 2
+ 100 3
+ 100 4
+ 100 5
+ 100 6
+ 100 7
+ 100 8
+ 100 9
+ 100 10
+ 100 11
+ 100 12
+ 100 13
+ 100 14
+ 100 15
+ 100 16
+ 100 17
+ 100 18
+ 100 19
+ 100 20
+ 100 21
+ 100 22
+ 100 23
+ 100 24
+ 100 25
+ 100 26
+ 100 27
+ 100 28
+ 100 29
+ 100 30
+ 100 31
+ 100 32
+ 100 33
+ 100 34
+ 100 35
+ 100 36
+ 100 37
+ 100 38
+ 100 39
+ 100 40
+ 100 41
+ 100 42
+ 100 43
+ 100 44
+ 100 45
+ 100 46
+ 100 47
+ 100 48
+ 100 49
+ 100 50
+ 100 51
+ 100 52
+ 100 53
+ 100 54
+ 100 55
+ 100 56
+ 100 57
+ 100 58
+ 100 59
+ 100 60
+ 100 61
+ 100 62
+ 100 63
+ 100 64
+ 100 65
+ 100 66
+ 100 67
+ 100 68
+ 100 69
+ 100 70
+ 100 71
+ 100 72
+ 100 73
+ 100 74
+ 100 75
+ 100 77
+ 100 78
+ 100 79
+ 100 80
+ 100 81
+ 100 82
+ 100 84
+ 100 85
+ 100 86
+ 100 87
+ 100 88
+ 100 90
+ 100 91
+ 100 92
+ 100 93
+ 100 94
+ 100 95
+ 100 96
Case #19: 297 224
+ 1 1
+ 1 2
+ 1 3
+ 1 4
+ 1 5
+ 1 6
+ 1 7
+ 1 8
+ 1 10
+ 1 11
+ 1 12
+ 1 14
+ 1 15
+ 1 16
+ 1 18
+ 1 19
+ 1 20
+ 1 22
+ 1 23
+ 1 24
+ 1 26
+ 1 27
+ 1 28
+ 1 29
+ 1 30
+ 1 32
+ 1 33
+ 1 34
+ 1 36
+ 1 37
+ 1 38
+ 1 40
+ 1 41
+ 1 42
+ 1 44
+ 1 45
+ 1 46
+ 1 48
+ 1 49
+ 1 50
+ 1 52
+ 1 53
+ 1 54
+ 1 56
+ 1 57
+ 1 58
+ 1 60
+ 1 61
o 1 62
+ 1 64
+ 1 65
+ 1 66
+ 1 68
+ 1 69
+ 1 70
+ 1 72
+ 1 73
+ 1 74
+ 1 76
+ 1 77
+ 1 78
+ 1 80
+ 1 81
+ 1 82
+ 1 84
+ 1 85
+ 1 86
+ 1 88
+ 1 89
+ 1 90
+ 1 92
+ 1 93
+ 1 94
+ 1 96
+ 1 97
+ 1 98
+ 3 11
+ 3 15
+ 3 19
+ 3 23
+ 3 33
+ 3 37
+ 3 41
+ 3 45
+ 3 49
+ 3 53
+ 3 57
+ 3 61
+ 3 65
+ 3 69
+ 3 73
+ 3 77
+ 3 81
+ 3 85
+ 3 89
+ 3 93
+ 3 97
x 4 100
+ 7 3
x 15 98
x 18 95
x 24 94
x 26 93
x 28 84
x 30 82
x 33 75
x 35 74
x 41 73
x 45 71
x 48 70
x 52 68
x 56 66
x 57 63
x 67 59
x 69 56
x 70 50
x 71 47
x 73 44
x 80 24
x 83 23
x 84 22
x 86 21
x 87 12
x 90 11
x 95 7
x 99 6
+ 99 97
+ 100 1
+ 100 2
+ 100 3
+ 100 4
+ 100 5
+ 100 6
+ 100 7
+ 100 8
+ 100 9
+ 100 10
+ 100 11
+ 100 12
+ 100 13
+ 100 14
+ 100 15
+ 100 16
+ 100 17
+ 100 18
+ 100 19
+ 100 20
+ 100 21
+ 100 22
+ 100 23
+ 100 24
+ 100 25
+ 100 26
+ 100 27
+ 100 28
+ 100 29
+ 100 30
+ 100 31
+ 100 32
+ 100 33
+ 100 34
+ 100 35
+ 100 36
+ 100 37
+ 100 38
+ 100 39
+ 100 40
+ 100 41
+ 100 42
+ 100 43
+ 100 44
+ 100 45
+ 100 46
+ 100 47
+ 100 48
+ 100 49
+ 100 50
+ 100 51
+ 100 52
+ 100 53
+ 100 54
+ 100 55
+ 100 56
+ 100 57
+ 100 58
+ 100 59
+ 100 60
+ 100 61
+ 100 62
+ 100 63
+ 100 64
+ 100 65
+ 100 66
+ 100 67
+ 100 68
+ 100 69
+ 100 70
+ 100 71
+ 100 72
+ 100 73
+ 100 74
+ 100 75
+ 100 76
+ 100 77
+ 100 78
+ 100 79
+ 100 80
+ 100 81
+ 100 82
o 100 83
+ 100 84
+ 100 85
+ 100 86
+ 100 87
+ 100 88
+ 100 89
+ 100 90
+ 100 91
+ 100 92
+ 100 93
+ 100 94
+ 100 95
+ 100 97
+ 100 99
Case #20: 291 243
+ 1 6
+ 1 7
+ 1 11
+ 1 12
+ 1 16
+ 1 20
+ 1 24
+ 1 25
+ 1 28
+ 1 29
+ 1 35
+ 1 36
+ 1 38
+ 1 40
+ 1 42
+ 1 43
+ 1 44
+ 1 46
+ 1 47
+ 1 48
+ 1 50
+ 1 51
+ 1 52
+ 1 53
+ 1 54
+ 1 55
+ 1 56
+ 1 58
+ 1 59
+ 1 60
+ 1 62
+ 1 63
+ 1 64
+ 1 66
+ 1 68
+ 1 70
+ 1 71
+ 1 72
+ 1 74
+ 1 75
+ 1 76
+ 1 79
+ 1 80
+ 1 83
+ 1 91
+ 1 92
x 1 100
+ 2 16
+ 2 20
+ 2 33
+ 2 40
+ 2 68
+ 2 85
+ 2 88
+ 2 89
+ 3 1
+ 3 7
+ 3 11
+ 3 12
+ 3 20
+ 3 25
+ 3 29
+ 3 35
+ 3 47
+ 3 59
+ 3 63
+ 3 71
+ 3 75
+ 3 79
+ 3 80
+ 3 83
x 3 99
+ 4 1
+ 4 7
+ 4 16
+ 4 20
+ 4 92
+ 5 1
+ 5 35
+ 5 41
o 5 94
+ 6 13
x 6 98
+ 7 91
x 7 96
x 8 93
x 9 92
x 11 90
+ 11 96
x 14 89
x 15 88
x 16 87
x 17 86
+ 18 82
x 18 85
+ 18 99
x 19 84
x 20 79
x 21 77
x 25 76
x 26 75
x 27 73
x 28 71
x 29 70
x 30 69
x 33 66
x 34 65
x 36 63
x 37 62
x 38 58
x 39 56
x 40 55
x 41 54
x 42 53
x 44 52
x 47 51
x 48 46
x 50 45
x 51 44
x 52 43
+ 52 100
x 53 41
x 54 38
x 55 37
x 56 36
x 57 35
x 58 34
x 63 33
x 64 31
x 65 30
+ 67 100
x 68 28
x 69 27
x 70 26
x 71 24
+ 71 100
x 74 23
+ 74 99
x 76 22
x 77 21
+ 78 99
x 79 20
x 80 18
x 82 16
x 83 14
x 85 13
x 86 12
x 87 11
x 88 10
x 89 9
x 90 8
x 91 7
x 92 5
x 93 4
x 94 3
+ 94 88
o 95 2
x 98 1
+ 99 91
+ 100 1
+ 100 2
+ 100 3
+ 100 4
+ 100 5
+ 100 6
+ 100 8
+ 100 9
+ 100 10
+ 100 11
+ 100 12
+ 100 13
+ 100 14
+ 100 15
+ 100 16
+ 100 18
+ 100 19
+ 100 20
+ 100 21
+ 100 22
+ 100 23
+ 100 24
+ 100 25
+ 100 26
+ 100 27
+ 100 28
+ 100 29
+ 100 30
+ 100 31
+ 100 32
+ 100 33
+ 100 34
+ 100 35
+ 100 36
+ 100 37
+ 100 38
+ 100 39
+ 100 40
+ 100 41
+ 100 42
+ 100 43
+ 100 44
+ 100 45
+ 100 46
+ 100 47
+ 100 48
+ 100 49
o 100 50
+ 100 51
+ 100 53
+ 100 54
+ 100 55
+ 100 56
+ 100 57
+ 100 58
+ 100 59
+ 100 60
+ 100 61
+ 100 62
+ 100 63
+ 100 64
+ 100 65
+ 100 66
+ 100 68
+ 100 69
+ 100 70
+ 100 72
+ 100 74
+ 100 75
+ 100 76
+ 100 78
+ 100 79
+ 100 80
+ 100 81
+ 100 83
+ 100 84
+ 100 85
+ 100 86
+ 100 87
+ 100 88
+ 100 89
+ 100 91
+ 100 93
+ 100 95
Case #21: 265 170
x 1 100
x 2 99
x 3 98
x 4 97
x 5 96
x 6 95
x 7 94
x 8 93
x 9 92
x 10 91
x 11 90
o 12 89
x 13 88
x 14 87
x 15 86
x 16 85
x 17 84
x 18 83
x 19 82
x 20 81
x 21 80
x 22 79
x 23 78
x 24 77
x 25 76
x 26 75
x 27 74
x 28 73
x 29 72
+ 29 82
x 30 71
x 31 70
x 32 69
x 33 68
x 34 67
x 35 66
x 36 65
+ 36 96
x 37 64
x 38 63
x 39 62
x 40 61
+ 40 89
+ 40 98
x 41 60
x 42 59
x 43 58
+ 43 99
x 44 57
x 45 56
x 46 55
x 47 54
+ 47 99
x 48 53
x 49 52
x 50 51
+ 50 97
x 51 50
x 52 49
+ 52 96
x 53 48
x 54 47
x 55 46
x 56 45
x 57 44
+ 57 98
x 58 43
x 59 42
x 60 41
+ 60 94
+ 60 99
x 61 40
x 62 39
x 63 38
+ 63 95
x 64 37
x 65 36
+ 65 98
x 66 35
x 67 34
+ 67 93
x 68 33
x 69 32
+ 69 96
x 70 31
x 71 30
x 72 29
x 73 28
x 74 27
x 75 26
x 76 25
x 77 24
x 78 23
x 79 22
x 80 21
x 81 20
x 82 19
x 83 18
x 84 17
x 85 16
x 86 15
x 87 14
x 88 13
x 89 12
x 90 11
x 91 10
x 92 9
+ 92 72
x 93 8
x 94 7
+ 94 72
x 95 6
x 96 5
+ 96 72
x 97 4
x 98 3
+ 98 75
x 99 2
x 100 1
+ 100 2
+ 100 3
+ 100 4
+ 100 5
+ 100 6
+ 100 7
+ 100 8
+ 100 9
+ 100 10
+ 100 12
+ 100 13
+ 100 14
+ 100 15
+ 100 16
+ 100 17
+ 100 18
+ 100 19
+ 100 20
+ 100 21
+ 100 22
+ 100 23
+ 100 24
+ 100 25
+ 100 26
+ 100 27
+ 100 28
+ 100 30
+ 100 31
+ 100 33
+ 100 34
+ 100 35
+ 100 36
+ 100 37
+ 100 39
+ 100 40
+ 100 41
+ 100 43
+ 100 44
+ 100 45
+ 100 49
+ 100 50
+ 100 51
+ 100 52
+ 100 53
+ 100 56
+ 100 57
+ 100 61
+ 100 62
+ 100 67
+ 100 69
+ 100 71
Case #22: 191 102
+ 1 1
+ 1 3
+ 1 5
+ 1 7
+ 1 10
+ 1 11
+ 1 12
+ 1 32
+ 1 34
+ 1 39
+ 1 43
+ 2 1
+ 2 7
+ 2 18
+ 2 24
+ 2 27
+ 2 36
+ 2 53
+ 3 15
+ 3 39
+ 3 42
+ 3 46
+ 4 11
+ 4 18
+ 4 24
+ 4 27
+ 4 44
x 4 70
+ 5 42
+ 5 46
+ 5 54
x 5 69
+ 6 1
x 7 68
+ 9 1
x 9 66
+ 12 5
x 12 63
+ 13 1
+ 15 4
x 17 62
+ 18 3
+ 20 4
x 20 61
+ 21 4
x 21 56
x 22 53
x 23 52
x 26 51
x 29 50
+ 36 71
+ 39 11
x 40 48
x 41 45
+ 42 10
x 42 43
x 43 41
x 44 38
x 46 37
x 47 34
x 50 31
x 51 28
+ 52 11
+ 54 71
x 55 27
+ 56 11
x 56 26
+ 57 3
x 57 24
x 58 23
+ 61 1
x 61 20
+ 63 1
x 63 18
x 66 17
+ 66 47
x 67 16
+ 67 33
+ 68 1
+ 68 48
x 69 7
+ 69 22
+ 69 33
+ 70 1
+ 70 13
+ 70 39
+ 71 1
o 71 3
+ 71 6
+ 71 7
+ 71 8
+ 71 13
+ 71 15
+ 71 18
+ 71 21
+ 71 22
+ 71 23
+ 71 25
+ 71 27
+ 71 33
+ 71 41
+ 71 46
Case #23: 22 0
Case #24: 116 68
+ 1 1
+ 1 20
+ 1 26
+ 1 28
+ 1 30
x 1 44
+ 2 1
+ 2 7
+ 2 13
+ 2 26
x 2 43
x 3 41
+ 4 1
o 4 21
x 5 39
+ 6 13
+ 7 10
+ 7 15
x 7 38
+ 8 3
x 8 37
+ 9 1
+ 10 3
x 10 36
x 11 34
x 14 33
x 15 32
x 16 30
x 19 29
x 20 28
x 21 27
x 22 25
+ 23 1
x 27 22
+ 27 36
x 28 19
+ 31 2
x 31 18
+ 31 37
+ 32 2
x 32 14
+ 35 1
x 35 12
x 36 10
+ 37 1
+ 37 4
x 37 9
x 38 8
+ 39 1
x 39 5
x 40 4
x 41 1
+ 41 2
+ 43 19
+ 43 34
+ 44 1
+ 44 2
+ 44 3
+ 44 4
+ 44 7
+ 44 9
+ 44 12
+ 44 13
+ 44 17
+ 44 25
+ 44 27
+ 44 28
+ 44 29
Case #25: 192 109
+ 1 1
+ 1 3
+ 1 9
+ 1 10
+ 1 17
+ 1 25
+ 1 30
+ 1 31
+ 1 32
+ 1 41
+ 1 45
+ 1 49
x 1 72
+ 2 13
+ 2 43
+ 3 24
+ 3 25
+ 3 45
+ 3 49
x 3 71
+ 4 1
+ 4 8
+ 4 16
+ 4 32
x 4 70
+ 5 1
+ 5 18
+ 5 32
x 5 69
x 6 68
+ 7 1
x 7 65
+ 8 27
x 8 64
x 11 61
+ 12 2
x 12 60
+ 13 4
x 13 59
+ 14 46
x 14 58
+ 15 1
x 16 57
x 17 55
x 18 51
+ 19 2
+ 19 6
x 19 50
+ 20 2
x 20 49
x 21 48
+ 23 1
x 25 47
x 26 45
x 28 42
x 29 41
x 32 40
+ 33 5
x 33 37
+ 33 70
x 34 33
x 35 32
+ 36 69
x 38 31
x 41 30
x 42 29
x 43 26
+ 45 2
x 45 20
x 46 19
+ 48 1
x 52 18
+ 53 2
x 54 17
x 57 15
+ 58 6
x 58 10
x 59 9
x 60 8
+ 61 7
+ 63 4
+ 65 4
x 65 6
x 66 5
x 68 4
x 69 3
+ 69 31
+ 69 48
+ 70 7
+ 70 12
+ 71 25
+ 71 36
+ 71 42
x 72 1
+ 72 2
+ 72 3
+ 72 6
+ 72 7
+ 72 8
+ 72 12
+ 72 16
+ 72 19
+ 72 22
+ 72 23
+ 72 30
+ 72 36
+ 72 38
+ 72 40
+ 72 42
Case #26: 271 176
x 1 100
+ 2 61
x 2 99
x 3 98
x 4 97
+ 5 18
x 5 96
x 6 95
x 7 94
x 8 93
x 9 92
x 10 91
x 11 90
x 12 89
+ 13 78
x 13 88
x 14 87
x 15 86
x 16 85
x 17 84
x 18 83
x 19 82
x 20 81
x 21 80
x 22 79
+ 22 84
x 23 78
x 24 77
x 25 76
x 26 75
x 27 74
+ 27 88
x 28 73
x 29 72
x 30 71
x 31 70
x 32 69
x 33 68
x 34 67
x 35 66
x 36 65
x 37 64
x 38 63
x 39 62
+ 39 96
x 40 61
+ 40 98
x 41 60
x 42 59
x 43 58
+ 43 98
+ 43 99
x 44 57
x 45 56
x 46 55
+ 46 99
x 47 54
x 48 53
x 49 52
x 50 51
+ 50 98
x 51 50
x 52 49
x 53 48
x 54 47
x 55 46
x 56 45
x 57 44
+ 57 95
x 58 43
x 59 42
+ 59 98
x 60 41
x 61 40
x 62 39
+ 62 99
x 63 38
x 64 37
x 65 36
+ 65 100
x 66 35
+ 66 92
x 67 34
x 68 33
+ 68 92
x 69 32
x 70 31
x 71 30
x 72 29
x 73 28
x 74 27
+ 74 96
x 75 26
+ 75 92
x 76 25
x 77 24
x 78 23
x 79 22
x 80 21
+ 80 94
x 81 20
x 82 19
x 83 18
x 84 17
x 85 16
x 86 15
x 87 14
x 88 13
x 89 12
x 90 11
x 91 10
x 92 9
o 93 8
+ 93 76
x 94 7
x 95 6
x 96 5
x 97 4
x 98 3
+ 98 73
x 99 2
+ 99 77
x 100 1
+ 100 2
+ 100 3
+ 100 4
+ 100 5
+ 100 7
+ 100 8
+ 100 9
+ 100 10
+ 100 11
+ 100 12
+ 100 13
+ 100 14
+ 100 16
+ 100 17
+ 100 18
+ 100 19
+ 100 20
+ 100 21
+ 100 22
+ 100 23
+ 100 24
+ 100 25
+ 100 26
+ 100 27
+ 100 28
+ 100 29
+ 100 30
+ 100 31
+ 100 32
+ 100 33
+ 100 34
+ 100 36
+ 100 37
+ 100 39
+ 100 40
+ 100 43
+ 100 44
+ 100 46
+ 100 47
+ 100 49
+ 100 50
+ 100 51
+ 100 53
+ 100 54
+ 100 55
+ 100 56
+ 100 59
+ 100 62
+ 100 63
+ 100 64
+ 100 66
+ 100 68
+ 100 72
Case #27: 275 229
+ 1 6
+ 1 12
+ 1 16
+ 1 29
+ 1 34
+ 1 39
+ 1 44
+ 1 50
+ 1 58
+ 1 62
+ 1 63
+ 1 67
x 1 100
+ 2 6
+ 2 12
+ 2 31
+ 2 46
+ 2 55
+ 2 56
+ 2 60
+ 2 73
+ 2 77
x 2 99
+ 3 12
+ 3 16
+ 3 28
+ 3 39
+ 3 40
+ 3 44
+ 3 58
+ 3 62
+ 3 63
+ 3 67
x 3 98
+ 4 25
+ 4 28
+ 4 74
+ 4 77
x 4 97
+ 5 22
x 5 96
+ 6 18
+ 6 74
x 6 95
+ 7 13
x 7 94
+ 8 1
+ 8 26
x 8 93
+ 9 1
x 9 92
+ 10 1
+ 10 79
x 10 91
x 11 90
x 12 89
+ 13 69
x 13 88
+ 14 2
x 14 87
x 15 86
+ 16 81
x 16 85
x 17 84
+ 18 68
+ 18 81
x 18 83
x 19 82
+ 20 68
x 20 81
x 21 80
+ 22 68
x 22 79
x 23 78
x 24 77
x 25 76
x 26 75
+ 27 67
x 27 74
x 28 73
x 29 72
x 30 71
x 31 70
x 32 69
x 33 68
+ 33 84
x 34 67
x 35 66
x 36 65
x 37 64
x 38 63
x 39 62
+ 39 73
x 40 61
x 41 60
x 42 59
x 43 58
x 44 57
x 45 56
x 46 55
+ 46 91
x 47 54
x 48 53
x 49 52
x 50 51
x 51 50
x 52 49
x 53 48
x 54 47
x 55 46
x 56 45
x 57 44
x 58 43
x 59 42
x 60 41
+ 60 95
x 61 40
x 62 39
x 63 38
x 64 37
x 65 36
x 66 35
x 67 34
x 68 33
+ 68 100
x 69 32
x 70 31
x 71 30
x 72 29
x 73 28
x 74 27
x 75 26
+ 75 98
x 76 25
x 77 24
x 78 23
x 79 22
x 80 21
x 81 20
x 82 19
x 83 18
x 84 17
x 85 16
x 86 15
x 87 14
x 88 13
x 89 12
x 90 11
x 91 10
x 92 9
x 93 8
x 94 7
x 95 6
+ 95 79
+ 95 82
x 96 5
x 97 4
x 98 3
x 99 2
o 100 1
+ 100 2
+ 100 3
+ 100 4
+ 100 5
+ 100 6
+ 100 7
+ 100 8
+ 100 9
+ 100 10
+ 100 11
+ 100 13
+ 100 14
+ 100 15
+ 100 16
+ 100 18
+ 100 19
+ 100 20
+ 100 21
+ 100 22
+ 100 23
+ 100 24
+ 100 25
+ 100 26
+ 100 27
+ 100 28
+ 100 29
+ 100 30
+ 100 31
+ 100 32
+ 100 33
+ 100 34
+ 100 35
+ 100 36
+ 100 38
+ 100 39
+ 100 40
+ 100 41
+ 100 42
+ 100 43
+ 100 44
+ 100 45
+ 100 46
+ 100 47
+ 100 48
+ 100 49
+ 100 50
+ 100 51
+ 100 52
+ 100 53
+ 100 54
+ 100 56
+ 100 57
+ 100 58
+ 100 59
+ 100 60
+ 100 61
+ 100 62
+ 100 63
+ 100 64
+ 100 65
+ 100 66
+ 100 67
+ 100 69
+ 100 70
+ 100 71
+ 100 72
+ 100 75
+ 100 79
+ 100 81
Case #28: 109 59
+ 1 1
+ 1 3
+ 1 7
+ 1 8
+ 1 14
+ 1 15
+ 1 21
+ 2 1
+ 3 7
+ 3 24
+ 4 1
+ 6 1
+ 7 5
+ 9 2
+ 10 4
x 10 41
x 11 39
+ 12 1
x 12 36
x 14 33
+ 15 2
x 15 30
+ 16 2
x 16 26
x 17 22
+ 18 1
+ 19 1
x 19 20
x 22 19
x 23 18
+ 24 4
+ 24 5
x 24 17
+ 26 41
x 27 16
x 29 15
+ 30 6
x 30 14
+ 32 1
+ 32 6
x 32 12
+ 34 6
x 34 10
+ 35 2
x 36 8
+ 39 2
x 39 7
x 40 4
+ 41 1
x 41 3
+ 42 1
+ 42 3
+ 42 4
+ 42 6
+ 42 8
+ 42 10
+ 42 12
+ 42 15
+ 42 21
Case #29: 287 252
+ 1 3
+ 1 4
+ 1 5
+ 1 10
+ 1 13
+ 1 14
+ 1 21
+ 1 27
+ 1 29
+ 1 31
+ 1 32
+ 1 33
+ 1 35
+ 1 36
+ 1 40
+ 1 42
+ 1 47
+ 1 49
+ 1 53
+ 1 57
+ 1 63
+ 1 65
+ 1 68
+ 1 71
+ 1 72
+ 1 73
+ 1 76
+ 1 77
+ 1 79
+ 1 80
+ 1 81
+ 1 84
+ 1 88
x 1 100
+ 2 1
+ 2 38
+ 2 42
+ 2 44
+ 2 45
+ 2 53
+ 2 61
+ 2 65
+ 2 68
+ 2 84
x 2 99
+ 3 4
+ 3 21
+ 3 22
+ 3 32
+ 3 36
+ 3 50
+ 3 53
+ 3 57
+ 3 58
+ 3 68
+ 3 72
+ 3 88
x 3 97
+ 4 9
+ 4 64
+ 4 72
x 4 96
+ 5 13
+ 5 21
+ 5 54
+ 5 91
+ 6 2
+ 6 21
+ 6 87
x 6 95
+ 7 91
x 7 94
+ 8 1
x 8 93
+ 9 1
+ 9 86
x 9 92
x 10 91
+ 11 5
x 11 90
+ 12 85
x 12 89
x 13 88
x 14 87
+ 15 5
x 15 86
x 16 83
x 17 82
x 18 81
x 19 80
x 20 79
x 21 78
x 22 77
x 23 76
x 24 75
x 25 74
+ 25 82
x 26 73
x 27 72
x 28 71
x 29 70
x 30 69
x 31 68
x 32 67
x 33 66
x 35 65
x 36 64
x 37 62
x 38 61
x 39 58
+ 39 97
x 40 57
x 41 56
x 42 55
x 43 54
x 45 53
x 46 52
x 47 51
x 48 50
x 49 49
x 50 48
x 51 47
x 52 46
x 53 45
+ 53 98
x 55 43
x 56 42
x 57 41
x 58 40
x 59 39
x 60 38
x 61 37
x 62 35
x 63 34
+ 63 100
x 64 33
x 65 32
x 66 31
x 67 30
x 68 29
x 69 28
x 70 27
x 71 26
x 72 25
x 73 24
+ 73 100
x 74 23
x 75 22
x 76 21
x 77 20
+ 77 100
x 78 19
x 79 18
x 80 17
x 81 16
x 82 15
x 83 14
x 84 13
x 85 12
+ 85 99
x 86 11
x 87 10
x 88 9
+ 88 99
x 90 8
x 91 7
x 92 6
x 93 5
x 94 4
x 95 3
x 96 2
x 99 1
+ 99 87
+ 99 90
+ 100 1
+ 100 2
+ 100 3
+ 100 4
+ 100 5
+ 100 6
+ 100 8
+ 100 9
+ 100 10
+ 100 11
+ 100 12
+ 100 13
+ 100 14
+ 100 15
+ 100 16
+ 100 17
+ 100 18
+ 100 19
+ 100 20
+ 100 21
+ 100 22
+ 100 23
+ 100 24
+ 100 25
+ 100 26
+ 100 27
+ 100 28
+ 100 29
+ 100 30
+ 100 31
+ 100 32
+ 100 33
+ 100 34
+ 100 35
+ 100 37
+ 100 38
+ 100 39
+ 100 40
+ 100 41
+ 100 42
+ 100 43
o 100 44
+ 100 45
+ 100 46
+ 100 47
+ 100 48
+ 100 49
+ 100 50
+ 100 52
+ 100 53
+ 100 54
+ 100 55
+ 100 56
+ 100 57
+ 100 58
+ 100 59
+ 100 60
+ 100 61
+ 100 62
+ 100 64
+ 100 65
+ 100 66
+ 100 67
+ 100 68
+ 100 69
+ 100 70
+ 100 71
+ 100 72
+ 100 74
+ 100 75
+ 100 76
+ 100 78
+ 100 79
+ 100 80
+ 100 81
+ 100 82
+ 100 83
+ 100 85
Case #30: 136 71
+ 1 2
+ 1 6
+ 1 7
+ 1 10
+ 1 17
+ 1 25
x 1 52
+ 2 29
+ 3 2
+ 3 6
+ 3 10
+ 3 33
x 3 51
+ 4 2
+ 6 16
+ 6 32
x 6 50
+ 9 3
+ 12 3
+ 13 1
+ 14 3
x 14 46
+ 16 3
x 16 41
x 17 39
x 18 38
x 21 37
+ 23 1
x 24 36
x 25 35
+ 29 4
x 29 32
x 30 31
x 31 27
+ 32 5
+ 32 8
x 32 25
+ 32 50
x 33 24
x 34 22
x 35 16
+ 37 5
x 38 14
+ 41 2
x 41 13
x 42 12
x 43 11
+ 44 1
x 45 10
+ 46 1
x 46 9
+ 47 3
x 48 6
+ 49 3
+ 50 1
x 50 4
x 51 2
+ 52 1
+ 52 2
+ 52 4
+ 52 5
+ 52 11
+ 52 14
+ 52 16
+ 52 18
+ 52 19
+ 52 21
+ 52 23
+ 52 24
+ 52 26
+ 52 31
Case #31: 54 28
+ 1 1
+ 1 9
+ 1 10
+ 1 12
+ 1 14
+ 2 1
+ 4 1
x 5 19
+ 7 1
+ 8 1
x 9 17
x 10 14
x 11 12
+ 12 18
x 13 10
+ 14 2
x 14 9
+ 16 2
x 16 4
x 17 3
+ 18 1
+ 19 1
+ 19 8
+ 19 14
x 20 1
+ 20 4
+ 20 5
+ 20 12
Case #32: 39 0
Case #33: 246 132
+ 1 1
+ 1 5
+ 1 9
+ 1 10
+ 1 11
+ 1 35
+ 1 36
+ 1 42
+ 1 54
+ 1 57
+ 1 60
+ 2 1
+ 2 20
+ 2 21
+ 2 27
+ 2 31
+ 2 51
+ 3 10
+ 3 35
+ 3 42
+ 3 54
+ 3 57
x 3 92
+ 4 1
+ 4 17
+ 4 31
+ 4 44
+ 4 59
+ 5 57
+ 7 1
+ 7 24
x 7 89
+ 8 1
+ 9 56
+ 10 54
x 10 88
x 12 87
+ 13 1
+ 14 3
x 14 84
x 15 83
+ 17 1
+ 17 2
x 18 82
x 20 81
+ 21 3
x 23 80
+ 24 1
x 24 78
+ 25 1
x 26 74
x 29 73
x 30 69
+ 31 1
x 31 66
x 32 65
x 33 63
x 34 62
+ 36 4
x 36 59
x 37 57
x 38 56
x 40 55
x 41 50
x 45 49
x 47 47
x 49 46
x 51 44
x 52 42
+ 55 88
+ 55 93
x 57 41
+ 59 9
x 59 40
x 60 39
x 61 38
+ 63 6
x 63 37
x 64 36
+ 66 10
x 66 35
x 69 34
+ 71 2
x 73 33
+ 75 2
x 76 31
+ 77 3
x 78 26
+ 79 3
+ 81 2
+ 83 3
x 83 25
x 84 18
x 85 15
x 86 13
+ 86 59
x 87 8
+ 88 1
x 88 7
x 89 4
+ 89 27
+ 89 60
+ 90 45
+ 91 1
+ 91 28
+ 91 47
+ 92 26
+ 92 34
+ 92 45
+ 93 1
+ 93 2
+ 93 4
+ 93 5
+ 93 7
+ 93 10
+ 93 11
+ 93 12
+ 93 15
+ 93 16
+ 93 18
+ 93 21
+ 93 22
+ 93 28
+ 93 32
+ 93 34
+ 93 38
+ 93 39
+ 93 40
+ 93 41
+ 93 51
+ 93 53
+ 93 58
Case #34: 298 285
+ 1 1
+ 1 2
+ 1 3
+ 1 4
+ 1 5
+ 1 6
+ 1 7
+ 1 8
+ 1 9
+ 1 10
+ 1 11
+ 1 12
+ 1 13
+ 1 14
+ 1 15
+ 1 16
+ 1 17
+ 1 18
+ 1 19
+ 1 20
+ 1 21
+ 1 22
+ 1 23
+ 1 24
+ 1 25
+ 1 26
+ 1 27
+ 1 28
+ 1 29
+ 1 30
+ 1 31
+ 1 32
+ 1 33
+ 1 34
+ 1 35
+ 1 36
+ 1 37
+ 1 38
+ 1 39
+ 1 40
+ 1 41
+ 1 42
+ 1 43
+ 1 44
+ 1 45
+ 1 46
+ 1 47
+ 1 48
+ 1 49
+ 1 50
+ 1 51
+ 1 52
+ 1 53
+ 1 54
+ 1 55
+ 1 56
+ 1 57
+ 1 58
+ 1 59
+ 1 60
+ 1 61
+ 1 62
+ 1 63
+ 1 64
+ 1 65
+ 1 66
+ 1 67
+ 1 68
+ 1 69
+ 1 70
+ 1 71
+ 1 72
+ 1 73
+ 1 74
+ 1 75
+ 1 76
+ 1 77
+ 1 78
+ 1 79
+ 1 80
+ 1 81
+ 1 82
+ 1 83
+ 1 84
+ 1 85
+ 1 86
+ 1 87
+ 1 88
+ 1 89
+ 1 90
+ 1 91
+ 1 92
+ 1 93
+ 1 94
+ 1 95
+ 1 96
+ 1 97
+ 1 98
o 1 99
x 2 98
x 3 97
x 4 96
x 5 95
x 6 94
x 7 93
x 9 92
x 10 91
x 11 90
x 12 89
x 13 87
x 14 86
x 16 85
x 17 83
x 18 82
x 19 81
x 20 80
x 22 79
x 23 78
x 25 76
x 26 74
x 27 73
x 29 72
x 30 71
x 31 70
x 32 69
x 33 68
x 34 67
x 35 66
x 36 65
x 37 64
x 39 63
x 41 62
x 44 61
x 45 60
x 46 59
x 47 58
x 48 57
x 49 56
x 50 55
x 51 54
x 52 53
x 53 52
x 54 51
x 55 50
x 56 49
x 57 48
x 58 47
x 59 46
x 61 45
x 62 44
x 63 43
x 64 42
x 65 41
x 66 39
x 67 38
x 68 37
x 69 35
x 70 34
x 71 33
x 72 32
x 73 31
x 74 30
x 75 29
x 76 27
x 77 26
x 79 25
x 80 24
x 81 22
x 82 21
x 83 20
x 84 19
x 85 18
x 86 17
x 87 16
x 88 15
x 89 14
x 90 13
x 91 12
x 92 10
x 93 9
x 94 8
x 95 6
x 96 5
x 97 4
x 98 3
x 99 2
o 100 1
+ 100 2
+ 100 3
+ 100 4
+ 100 5
+ 100 6
+ 100 7
+ 100 8
+ 100 9
+ 100 10
+ 100 11
+ 100 12
+ 100 13
+ 100 14
+ 100 15
+ 100 16
+ 100 17
+ 100 18
+ 100 19
+ 100 20
+ 100 21
+ 100 22
+ 100 23
+ 100 24
+ 100 25
+ 100 26
+ 100 27
+ 100 28
+ 100 29
+ 100 30
+ 100 31
+ 100 32
+ 100 33
+ 100 34
+ 100 35
+ 100 36
+ 100 37
+ 100 38
+ 100 39
+ 100 40
+ 100 41
+ 100 42
+ 100 43
+ 100 44
+ 100 45
+ 100 46
+ 100 47
+ 100 48
+ 100 49
+ 100 50
+ 100 51
+ 100 52
+ 100 53
+ 100 54
+ 100 55
+ 100 56
+ 100 57
+ 100 58
+ 100 59
+ 100 60
+ 100 61
+ 100 62
+ 100 63
+ 100 64
+ 100 65
+ 100 66
+ 100 67
+ 100 68
+ 100 69
+ 100 70
+ 100 71
+ 100 72
+ 100 73
+ 100 74
+ 100 75
+ 100 76
+ 100 77
+ 100 78
+ 100 79
+ 100 80
+ 100 81
+ 100 82
+ 100 83
+ 100 84
+ 100 85
+ 100 86
+ 100 87
+ 100 88
+ 100 89
+ 100 90
+ 100 91
+ 100 92
+ 100 93
+ 100 94
+ 100 95
+ 100 96
+ 100 97
+ 100 98
+ 100 99
Case #35: 287 236
+ 1 2
+ 1 10
+ 1 30
+ 1 41
+ 1 46
+ 1 49
+ 1 58
+ 1 59
+ 1 62
+ 1 63
+ 1 66
+ 1 69
+ 1 70
+ 1 73
+ 1 77
+ 1 81
+ 1 82
+ 1 89
x 1 100
+ 2 15
+ 2 25
+ 2 33
+ 2 34
+ 2 37
+ 2 41
+ 2 46
+ 2 55
+ 2 75
+ 2 79
+ 2 86
+ 2 87
x 2 99
+ 3 10
+ 3 25
+ 3 27
+ 3 29
+ 3 41
+ 3 55
+ 3 58
+ 3 59
+ 3 63
+ 3 73
+ 3 77
+ 3 81
+ 3 89
+ 4 15
+ 4 18
+ 4 25
+ 4 34
+ 4 51
+ 4 68
+ 4 87
x 4 98
+ 5 2
+ 5 13
x 5 97
+ 6 31
+ 6 47
+ 6 88
+ 7 2
+ 7 13
+ 7 44
+ 7 86
x 7 95
x 8 94
+ 9 1
+ 10 85
x 10 93
+ 11 1
x 11 92
x 12 91
+ 13 1
+ 13 84
x 13 90
x 15 89
+ 16 83
x 17 87
x 18 86
x 19 85
x 20 82
x 21 81
x 22 80
+ 23 73
x 25 79
+ 26 72
x 26 78
x 27 77
x 28 76
+ 29 71
x 29 75
x 30 73
x 31 72
x 32 71
x 33 70
x 34 69
x 37 68
+ 37 100
x 38 67
x 39 66
x 41 65
x 42 64
x 44 63
x 46 62
x 47 61
x 48 60
x 49 59
x 50 57
x 51 56
x 52 54
x 53 53
x 54 52
x 55 51
x 57 50
x 58 49
x 59 48
x 60 47
x 61 46
x 62 44
x 63 43
x 64 42
x 65 39
+ 65 93
x 67 37
x 68 36
x 69 35
x 70 33
x 71 32
x 72 30
x 73 28
x 74 27
x 75 24
x 76 23
x 77 22
x 79 20
+ 80 97
x 84 19
x 85 18
x 86 17
x 87 15
x 88 14
+ 88 100
x 89 13
x 90 11
x 91 10
x 92 9
x 93 8
+ 93 86
x 94 7
x 95 6
x 96 5
+ 96 87
x 97 4
x 98 3
+ 98 87
x 99 2
o 100 1
+ 100 2
+ 100 3
+ 100 4
+ 100 5
+ 100 6
+ 100 7
+ 100 8
+ 100 9
+ 100 10
+ 100 11
+ 100 12
+ 100 13
+ 100 14
+ 100 15
+ 100 16
+ 100 17
+ 100 18
+ 100 19
+ 100 20
+ 100 21
+ 100 22
+ 100 23
+ 100 24
+ 100 25
+ 100 26
+ 100 27
+ 100 28
+ 100 29
+ 100 30
+ 100 31
+ 100 32
+ 100 33
+ 100 34
+ 100 35
+ 100 36
+ 100 38
+ 100 39
+ 100 40
+ 100 41
+ 100 42
+ 100 43
+ 100 44
+ 100 45
+ 100 46
+ 100 47
+ 100 48
+ 100 49
+ 100 50
+ 100 51
+ 100 52
+ 100 53
+ 100 54
+ 100 55
+ 100 56
+ 100 57
+ 100 59
+ 100 60
+ 100 61
+ 100 62
+ 100 63
+ 100 64
+ 100 65
+ 100 66
+ 100 67
+ 100 68
+ 100 69
+ 100 70
+ 100 71
+ 100 72
+ 100 73
+ 100 74
+ 100 75
+ 100 76
+ 100 78
+ 100 80
+ 100 81
+ 100 82
+ 100 84
+ 100 86
+ 100 87
Case #36: 18 9
+ 1 2
x 5 5
+ 6 1
x 6 4
+ 7 1
x 7 2
+ 7 3
+ 7 4
+ 7 6
Case #37: 278 202
+ 1 22
+ 1 39
+ 1 42
+ 1 51
+ 1 52
+ 1 68
+ 1 75
+ 1 78
+ 1 79
x 1 100
+ 2 15
+ 2 36
+ 2 56
+ 2 68
+ 2 72
x 2 99
+ 3 23
+ 3 33
+ 3 34
+ 3 45
+ 3 47
+ 3 51
+ 3 58
+ 3 74
+ 3 75
+ 3 79
x 3 98
+ 4 10
+ 4 26
+ 4 77
+ 5 15
x 5 97
x 6 96
+ 7 1
+ 7 22
x 7 95
x 8 94
+ 9 25
+ 9 32
+ 9 37
x 9 93
+ 10 22
+ 10 79
x 10 91
+ 11 79
x 11 90
x 12 89
+ 13 78
x 13 86
+ 14 78
+ 15 7
x 15 85
x 17 84
x 18 83
x 19 81
x 20 79
+ 20 82
x 21 77
x 22 76
x 23 75
x 25 74
x 26 73
x 28 72
+ 28 88
x 29 71
x 30 70
+ 30 91
x 31 69
x 33 66
x 34 65
+ 34 92
o 35 64
x 36 63
x 37 62
x 38 61
x 39 60
x 40 59
x 41 58
+ 41 98
x 42 57
+ 42 98
x 43 56
x 45 55
x 46 54
+ 46 99
x 47 53
x 48 52
x 49 51
+ 49 98
x 50 50
x 51 49
+ 51 98
x 52 48
x 53 47
x 54 46
+ 54 99
x 56 45
x 57 44
x 58 43
x 59 42
+ 59 98
+ 59 99
x 60 41
x 61 39
x 62 37
x 64 36
x 65 35
x 66 34
x 67 33
x 68 32
x 69 31
x 70 30
x 71 29
x 72 28
x 73 27
x 75 26
+ 75 86
x 76 25
x 78 23
+ 78 87
x 79 22
x 81 21
x 82 19
x 83 18
x 84 17
x 85 16
x 87 15
x 88 12
x 89 11
x 90 10
x 91 9
x 92 8
+ 93 82
x 94 6
x 95 4
x 96 3
+ 96 78
+ 96 81
x 98 2
+ 98 78
+ 99 82
x 100 1
+ 100 3
+ 100 4
+ 100 5
+ 100 6
+ 100 7
+ 100 8
+ 100 9
+ 100 10
+ 100 11
+ 100 12
+ 100 13
+ 100 14
+ 100 15
+ 100 17
+ 100 18
+ 100 19
+ 100 20
+ 100 22
+ 100 23
+ 100 24
+ 100 25
+ 100 27
+ 100 28
+ 100 29
+ 100 30
+ 100 31
+ 100 32
+ 100 33
+ 100 34
+ 100 35
+ 100 36
+ 100 37
+ 100 38
+ 100 41
+ 100 42
+ 100 43
+ 100 44
+ 100 46
+ 100 48
+ 100 50
+ 100 51
+ 100 52
+ 100 54
+ 100 55
+ 100 56
+ 100 59
+ 100 60
+ 100 62
+ 100 63
+ 100 64
+ 100 66
+ 100 67
+ 100 68
+ 100 69
+ 100 70
+ 100 71
+ 100 72
+ 100 73
+ 100 78
+ 100 79
Case #38: 284 184
+ 1 2
+ 1 4
+ 1 5
+ 1 6
+ 1 12
+ 1 20
+ 1 24
+ 1 28
+ 1 32
+ 1 36
+ 1 40
+ 1 44
+ 1 45
+ 1 47
+ 1 49
+ 1 50
+ 1 56
o 1 58
+ 1 59
+ 1 66
+ 1 67
+ 1 70
+ 1 75
+ 1 79
+ 1 82
+ 1 83
+ 1 86
+ 2 10
+ 2 32
+ 2 36
+ 2 42
+ 2 47
+ 2 52
+ 2 79
x 2 96
+ 3 1
+ 3 20
+ 3 28
+ 3 32
+ 3 36
+ 3 50
+ 3 59
+ 3 67
+ 3 75
+ 3 82
+ 3 83
+ 3 86
x 3 92
+ 4 20
+ 4 28
+ 4 32
+ 5 37
+ 6 57
+ 6 59
+ 6 82
+ 7 2
+ 8 83
x 8 87
+ 10 80
+ 10 83
x 11 83
+ 12 80
+ 12 83
+ 15 82
+ 19 81
+ 20 79
x 24 82
x 26 79
x 28 78
x 31 77
+ 31 91
x 35 75
x 37 73
x 38 69
x 39 68
x 40 66
+ 43 97
x 46 64
x 48 61
x 49 56
x 50 54
x 52 47
x 57 45
x 59 42
x 61 41
+ 61 97
x 62 39
x 63 38
+ 63 100
x 64 36
x 66 31
x 68 30
x 69 28
x 71 21
x 72 16
+ 72 93
x 75 13
+ 81 96
x 82 11
x 83 8
x 84 7
+ 84 97
x 86 5
+ 87 97
x 98 4
+ 98 87
x 99 2
+ 100 1
+ 100 2
+ 100 3
+ 100 4
+ 100 5
+ 100 6
+ 100 7
+ 100 8
+ 100 9
+ 100 10
+ 100 11
+ 100 12
+ 100 13
+ 100 14
+ 100 15
+ 100 16
+ 100 17
+ 100 18
+ 100 19
+ 100 20
+ 100 21
+ 100 23
+ 100 24
+ 100 25
+ 100 26
+ 100 27
+ 100 28
+ 100 29
+ 100 30
+ 100 31
+ 100 32
+ 100 33
+ 100 34
+ 100 35
+ 100 36
+ 100 37
+ 100 38
+ 100 39
+ 100 41
+ 100 42
+ 100 43
+ 100 44
+ 100 45
+ 100 46
+ 100 47
+ 100 48
+ 100 49
+ 100 50
+ 100 51
o 100 52
+ 100 53
+ 100 54
+ 100 55
+ 100 56
+ 100 57
+ 100 59
+ 100 60
+ 100 61
+ 100 62
+ 100 64
+ 100 66
+ 100 67
+ 100 68
+ 100 69
+ 100 70
+ 100 71
+ 100 72
+ 100 73
+ 100 74
+ 100 75
+ 100 76
+ 100 78
+ 100 79
+ 100 80
+ 100 82
+ 100 83
+ 100 87
Case #39: 240 129
+ 1 7
+ 1 11
+ 1 14
+ 1 27
+ 1 31
+ 1 32
+ 1 37
+ 1 44
+ 1 52
+ 1 54
+ 1 57
+ 1 59
+ 1 65
x 1 90
+ 2 21
+ 2 46
+ 2 50
x 2 89
+ 3 15
+ 3 27
+ 3 65
+ 4 1
+ 4 32
+ 4 36
+ 5 1
+ 5 12
+ 5 46
x 5 88
+ 6 1
x 6 85
+ 8 1
+ 8 2
x 8 79
x 9 77
+ 10 70
x 10 75
+ 11 2
x 11 74
+ 12 2
x 12 73
x 14 70
+ 15 1
x 15 69
+ 18 2
x 18 67
x 19 66
x 20 64
x 22 62
+ 23 1
+ 23 2
+ 23 3
x 23 60
x 25 59
+ 26 1
x 26 58
x 27 56
x 29 55
x 31 54
+ 33 9
+ 34 3
x 34 53
x 35 52
+ 37 2
x 37 49
x 38 48
+ 39 2
x 39 47
x 42 45
x 43 43
+ 44 3
x 44 42
x 45 39
+ 45 91
+ 46 91
x 49 37
x 50 35
x 51 31
+ 54 2
x 54 29
+ 55 6
x 56 28
+ 57 6
x 57 27
x 58 26
x 59 23
+ 60 5
x 60 21
x 61 19
+ 64 3
+ 64 78
x 67 18
+ 72 3
x 73 17
x 74 16
+ 77 7
x 78 14
+ 79 7
x 80 13
+ 83 2
x 84 6
+ 86 1
+ 86 60
x 87 5
+ 87 31
+ 88 1
+ 89 61
+ 90 1
+ 90 12
+ 90 27
+ 90 48
+ 91 5
+ 91 8
+ 91 9
+ 91 12
+ 91 14
+ 91 15
+ 91 17
+ 91 18
+ 91 23
+ 91 24
+ 91 29
+ 91 31
+ 91 32
+ 91 33
+ 91 34
+ 91 41
+ 91 44
+ 91 48
+ 91 57
Case #40: 25 13
+ 1 7
x 1 10
+ 3 7
x 3 8
x 5 7
+ 6 1
x 7 6
+ 8 1
x 8 3
x 9 1
+ 10 2
+ 10 6
+ 10 7
Case #41: 265 168
x 1 100
x 2 99
x 3 98
x 4 97
x 5 96
x 6 95
x 7 94
x 8 93
x 9 92
x 10 91
x 11 90
x 12 89
x 13 88
x 14 87
x 15 86
x 16 85
o 17 84
x 18 83
x 19 82
x 20 81
x 21 80
x 22 79
x 23 78
x 24 77
x 25 76
x 26 75
+ 26 95
x 27 74
x 28 73
x 29 72
x 30 71
x 31 70
x 32 69
x 33 68
x 34 67
+ 34 90
x 35 66
x 36 65
+ 36 97
x 37 64
x 38 63
x 39 62
x 40 61
x 41 60
x 42 59
x 43 58
+ 43 100
x 44 57
+ 44 98
x 45 56
+ 45 100
x 46 55
x 47 54
x 48 53
x 49 52
x 50 51
x 51 50
+ 51 97
x 52 49
+ 52 95
x 53 48
x 54 47
+ 54 98
x 55 46
x 56 45
x 57 44
+ 57 98
x 58 43
x 59 42
x 60 41
+ 60 97
x 61 40
x 62 39
x 63 38
+ 63 98
x 64 37
x 65 36
x 66 35
x 67 34
+ 67 87
x 68 33
+ 68 97
x 69 32
x 70 31
x 71 30
+ 71 85
x 72 29
x 73 28
x 74 27
x 75 26
x 76 25
x 77 24
x 78 23
x 79 22
x 80 21
x 81 20
x 82 19
x 83 18
+ 83 88
x 84 17
x 85 16
x 86 15
x 87 14
x 88 13
+ 88 70
x 89 12
x 90 11
+ 90 70
x 91 10
x 92 9
x 93 8
x 94 7
x 95 6
+ 95 80
x 96 5
x 97 4
x 98 3
x 99 2
+ 99 63
x 100 1
+ 100 2
+ 100 3
+ 100 4
+ 100 5
+ 100 6
+ 100 7
+ 100 8
+ 100 9
+ 100 10
+ 100 11
+ 100 12
+ 100 13
+ 100 14
+ 100 15
+ 100 16
+ 100 17
+ 100 18
+ 100 19
+ 100 20
+ 100 22
+ 100 23
+ 100 25
+ 100 26
+ 100 27
+ 100 28
+ 100 29
+ 100 30
+ 100 31
+ 100 32
+ 100 34
+ 100 35
+ 100 36
+ 100 37
+ 100 38
+ 100 39
+ 100 40
+ 100 41
+ 100 44
+ 100 46
+ 100 49
+ 100 50
+ 100 51
+ 100 53
+ 100 59
+ 100 63
+ 100 67
+ 100 69
+ 100 73
Case #42: 45 0
Case #43: 271 183
+ 1 11
+ 1 12
+ 1 23
+ 1 24
+ 1 40
+ 1 47
+ 1 67
+ 1 75
x 1 99
+ 2 9
+ 2 15
+ 2 28
+ 2 44
+ 2 45
+ 2 64
x 2 98
+ 3 51
+ 3 64
+ 3 67
+ 4 76
+ 5 64
x 5 97
+ 6 50
x 6 96
+ 7 1
x 7 95
+ 8 78
x 8 93
x 9 92
+ 10 19
x 10 91
+ 11 68
+ 11 79
x 11 90
+ 12 24
x 12 89
x 13 88
+ 14 1
+ 14 69
x 14 85
x 15 84
+ 17 3
x 17 83
x 18 82
x 19 81
+ 20 1
x 21 79
x 23 78
x 24 76
x 25 75
x 26 74
x 27 73
x 28 72
+ 29 8
x 29 71
x 30 68
x 31 67
x 32 66
+ 32 92
x 33 65
x 34 64
x 36 63
x 38 62
x 39 61
x 40 59
x 42 57
+ 43 96
x 44 55
x 45 54
x 46 53
+ 46 98
x 47 52
x 48 51
x 49 50
+ 49 100
x 50 48
x 51 47
+ 51 100
x 53 46
x 54 45
+ 54 99
x 55 44
+ 55 95
x 56 42
x 58 41
+ 58 99
x 59 40
x 60 39
x 62 37
x 63 36
x 64 35
x 65 34
x 66 32
x 67 31
x 68 30
+ 68 96
x 69 29
x 70 28
x 71 27
+ 71 96
x 72 26
x 73 25
x 75 24
x 76 22
x 79 20
x 80 19
x 82 18
x 83 17
x 86 16
x 88 15
x 89 14
x 90 12
x 91 10
x 92 8
x 93 6
x 94 5
x 96 4
+ 96 73
x 98 3
x 99 2
o 100 1
+ 100 2
+ 100 3
+ 100 4
+ 100 5
+ 100 6
+ 100 7
+ 100 8
+ 100 9
+ 100 10
+ 100 11
+ 100 12
+ 100 13
+ 100 14
+ 100 15
+ 100 16
+ 100 17
+ 100 18
+ 100 19
+ 100 20
+ 100 21
+ 100 22
+ 100 23
+ 100 25
+ 100 26
+ 100 27
+ 100 28
+ 100 29
+ 100 30
+ 100 31
+ 100 32
+ 100 33
+ 100 34
+ 100 35
+ 100 36
+ 100 37
+ 100 38
+ 100 40
+ 100 41
+ 100 42
+ 100 43
+ 100 45
+ 100 46
+ 100 47
+ 100 48
+ 100 52
+ 100 54
+ 100 55
+ 100 56
+ 100 58
+ 100 59
+ 100 60
+ 100 61
+ 100 62
+ 100 63
+ 100 65
+ 100 66
+ 100 68
+ 100 70
+ 100 71
+ 100 72
+ 100 74
+ 100 76
Case #44: 133 76
+ 1 1
+ 1 2
+ 1 5
+ 1 8
+ 1 16
+ 1 25
+ 1 27
+ 1 29
+ 1 31
+ 1 33
+ 1 35
+ 1 37
+ 2 8
x 2 47
+ 3 8
+ 3 26
x 3 46
+ 4 15
x 4 43
x 5 42
+ 6 1
+ 6 14
+ 6 27
x 6 40
x 8 38
+ 10 4
+ 11 1
x 13 37
+ 14 1
x 15 36
x 17 34
x 19 32
x 20 30
+ 21 1
x 21 29
+ 23 1
x 23 27
x 27 24
+ 28 47
x 31 23
+ 32 48
+ 33 9
x 33 21
x 34 20
+ 35 2
+ 35 9
x 35 19
+ 35 49
x 36 15
x 37 13
+ 38 1
x 38 12
+ 38 47
+ 38 48
x 39 11
+ 42 1
x 43 8
x 46 4
+ 48 12
+ 48 19
+ 49 2
o 49 3
+ 49 4
+ 49 5
+ 49 6
+ 49 7
+ 49 9
+ 49 10
+ 49 14
+ 49 17
+ 49 19
+ 49 21
+ 49 22
+ 49 24
+ 49 32
+ 49 33
Case #45: 95 51
+ 1 1
+ 1 3
+ 1 4
+ 1 8
+ 1 10
+ 1 11
+ 1 19
+ 1 24
+ 1 26
+ 1 27
+ 2 1
x 2 35
+ 3 14
o 3 27
x 4 31
x 5 29
+ 6 1
+ 6 2
x 6 28
+ 8 2
x 8 26
x 9 25
x 10 21
+ 11 2
+ 12 2
x 13 20
x 14 19
+ 15 1
+ 16 3
+ 16 5
x 16 18
x 18 17
+ 18 35
+ 20 2
x 21 13
x 22 12
x 26 10
x 27 9
x 28 8
+ 31 1
x 31 7
x 35 2
+ 35 12
+ 35 15
x 36 1
+ 36 2
+ 36 3
+ 36 9
+ 36 10
+ 36 15
+ 36 21
Case #46: 278 178
+ 1 12
+ 1 15
+ 1 26
+ 1 31
+ 1 44
+ 1 47
+ 1 48
+ 1 53
+ 1 57
+ 1 65
+ 1 67
+ 1 81
+ 2 19
+ 2 31
+ 2 38
+ 2 44
o 2 53
+ 2 62
+ 2 63
+ 2 67
+ 2 78
+ 3 25
+ 3 38
+ 3 44
+ 3 48
+ 3 57
+ 4 77
+ 5 12
+ 5 29
+ 5 38
+ 5 83
+ 6 33
+ 6 77
+ 7 2
x 7 99
+ 8 82
x 8 96
+ 9 1
x 9 95
+ 10 1
+ 10 79
x 10 93
+ 11 83
x 11 91
+ 12 79
x 12 88
+ 13 83
x 14 86
+ 15 78
+ 16 84
x 16 85
x 18 84
x 19 83
x 21 82
x 22 80
x 23 76
x 26 75
x 27 72
x 28 69
+ 29 88
x 30 66
x 32 65
x 33 64
x 34 63
x 36 62
x 37 61
+ 37 99
x 39 58
+ 40 97
x 41 57
x 42 52
+ 42 97
+ 42 100
x 44 48
x 46 46
x 49 43
+ 49 98
x 51 39
x 54 38
x 55 37
x 57 35
x 59 33
x 60 31
+ 60 100
x 61 30
x 62 28
+ 63 86
x 64 27
x 65 26
+ 65 86
x 66 24
+ 66 98
x 69 23
+ 71 90
x 73 19
x 74 18
x 75 16
+ 75 88
x 76 15
x 77 13
+ 77 97
x 78 12
x 80 11
+ 80 98
x 82 9
+ 82 98
x 88 8
x 90 6
x 92 5
+ 92 81
+ 94 88
+ 95 82
x 97 4
+ 97 82
x 99 1
+ 100 1
+ 100 2
+ 100 3
+ 100 4
+ 100 5
+ 100 6
+ 100 7
+ 100 8
+ 100 9
+ 100 10
+ 100 11
+ 100 12
+ 100 13
+ 100 14
+ 100 15
+ 100 16
+ 100 18
+ 100 19
+ 100 20
+ 100 21
+ 100 22
+ 100 23
+ 100 24
+ 100 25
+ 100 26
+ 100 27
+ 100 28
+ 100 29
+ 100 30
+ 100 31
+ 100 32
+ 100 33
+ 100 34
+ 100 35
+ 100 38
+ 100 40
+ 100 41
+ 100 43
+ 100 44
+ 100 45
+ 100 46
+ 100 48
+ 100 50
+ 100 52
+ 100 53
+ 100 54
+ 100 55
+ 100 56
+ 100 57
+ 100 58
+ 100 59
+ 100 62
+ 100 65
+ 100 66
+ 100 67
+ 100 68
+ 100 69
+ 100 70
+ 100 71
+ 100 72
+ 100 75
+ 100 76
+ 100 84
Case #47: 298 221
+ 1 1
+ 1 2
+ 1 3
+ 1 4
+ 1 5
+ 1 6
+ 1 7
+ 1 8
+ 1 9
+ 1 10
+ 1 11
+ 1 12
+ 1 13
+ 1 14
+ 1 15
+ 1 16
+ 1 17
+ 1 18
+ 1 19
+ 1 20
+ 1 21
+ 1 22
+ 1 23
+ 1 24
+ 1 25
+ 1 26
+ 1 27
+ 1 28
+ 1 29
+ 1 30
+ 1 31
+ 1 32
+ 1 33
+ 1 34
+ 1 35
+ 1 36
+ 1 37
+ 1 38
+ 1 39
+ 1 40
+ 1 41
+ 1 42
+ 1 43
+ 1 44
+ 1 45
+ 1 46
+ 1 47
+ 1 48
+ 1 49
+ 1 50
+ 1 51
+ 1 52
+ 1 53
+ 1 54
+ 1 55
+ 1 56
+ 1 57
+ 1 58
+ 1 59
+ 1 60
+ 1 61
+ 1 62
+ 1 63
+ 1 64
+ 1 65
+ 1 66
+ 1 67
+ 1 68
+ 1 69
+ 1 70
+ 1 71
+ 1 72
+ 1 73
+ 1 74
+ 1 75
+ 1 76
+ 1 77
+ 1 78
+ 1 79
+ 1 80
+ 1 81
+ 1 82
+ 1 83
+ 1 84
+ 1 85
o 1 86
+ 1 87
+ 1 88
+ 1 89
+ 1 90
+ 1 91
+ 1 92
+ 1 93
+ 1 94
+ 1 95
+ 1 96
+ 1 97
+ 1 98
+ 1 99
x 7 95
x 9 93
x 10 90
x 15 87
x 17 84
x 18 82
x 24 81
x 26 80
x 30 71
x 43 65
x 44 53
x 55 42
x 58 32
x 66 30
x 69 23
x 77 21
x 78 18
x 80 14
x 84 13
x 88 11
x 92 8
x 98 7
x 99 4
o 100 1
+ 100 2
+ 100 3
+ 100 4
+ 100 5
+ 100 6
+ 100 7
+ 100 8
+ 100 9
+ 100 10
+ 100 11
+ 100 12
+ 100 13
+ 100 14
+ 100 15
+ 100 16
+ 100 17
+ 100 18
+ 100 19
+ 100 20
+ 100 21
+ 100 22
+ 100 23
+ 100 24
+ 100 25
+ 100 26
+ 100 27
+ 100 28
+ 100 29
+ 100 30
+ 100 31
+ 100 32
+ 100 33
+ 100 34
+ 100 35
+ 100 36
+ 100 37
+ 100 38
+ 100 39
+ 100 40
+ 100 41
+ 100 42
+ 100 43
+ 100 44
+ 100 45
+ 100 46
+ 100 47
+ 100 48
+ 100 49
+ 100 50
+ 100 51
+ 100 52
+ 100 53
+ 100 54
+ 100 55
+ 100 56
+ 100 57
+ 100 58
+ 100 59
+ 100 60
+ 100 61
+ 100 62
+ 100 63
+ 100 64
+ 100 65
+ 100 66
+ 100 67
+ 100 68
+ 100 69
+ 100 70
+ 100 71
+ 100 72
+ 100 73
+ 100 74
+ 100 75
+ 100 76
+ 100 77
+ 100 78
+ 100 79
+ 100 80
+ 100 81
+ 100 82
+ 100 83
+ 100 84
+ 100 85
+ 100 86
+ 100 87
+ 100 88
+ 100 89
+ 100 90
+ 100 91
+ 100 92
+ 100 93
+ 100 94
+ 100 95
+ 100 96
+ 100 97
+ 100 98
+ 100 99
Case #48: 157 90
+ 1 3
+ 1 4
+ 1 6
+ 1 7
+ 1 9
+ 1 15
+ 1 17
+ 1 18
+ 1 27
+ 1 28
+ 1 30
+ 1 39
+ 1 46
+ 2 1
+ 2 11
+ 2 15
+ 2 24
+ 2 34
+ 2 39
+ 2 44
x 2 55
+ 3 27
+ 3 39
+ 4 11
+ 5 44
+ 6 46
+ 8 1
+ 8 43
x 8 54
x 10 51
+ 11 1
+ 13 1
x 14 49
x 16 48
+ 18 2
+ 18 4
x 18 47
x 20 45
x 23 42
+ 26 1
+ 26 57
x 27 39
+ 28 56
x 29 36
x 31 35
x 32 34
+ 34 1
+ 34 57
x 37 32
x 38 31
+ 38 57
x 39 28
x 40 26
x 41 25
x 42 24
x 43 23
x 44 22
x 46 16
+ 46 57
x 48 13
x 49 9
x 50 7
+ 51 3
+ 53 2
+ 54 2
x 54 6
+ 54 14
+ 54 36
x 55 2
+ 55 20
+ 56 20
+ 56 30
x 57 1
+ 57 4
+ 57 7
+ 57 8
+ 57 10
+ 57 12
+ 57 13
+ 57 15
+ 57 16
+ 57 20
+ 57 23
+ 57 25
+ 57 28
+ 57 30
+ 57 36
+ 57 37
+ 57 40
+ 57 42
Case #49: 13 7
+ 1 1
+ 1 2
x 2 2
x 3 1
+ 5 1
+ 5 2
+ 5 4
Case #50: 118 64
+ 1 5
+ 1 12
+ 1 17
+ 1 20
+ 1 21
+ 1 23
+ 3 1
+ 3 16
+ 3 29
+ 4 11
x 4 46
+ 5 29
x 5 41
+ 6 1
x 6 40
+ 7 1
x 7 39
+ 8 1
+ 9 1
x 9 38
+ 10 1
+ 11 1
x 11 37
x 12 30
x 14 28
+ 16 1
+ 18 2
+ 18 5
x 19 25
x 20 22
x 22 21
x 23 20
+ 25 2
x 25 18
x 26 16
+ 28 3
x 30 14
+ 31 2
+ 32 4
x 32 13
+ 33 2
+ 34 4
x 34 12
x 35 9
x 37 8
+ 38 4
+ 40 1
x 40 7
x 41 6
x 43 4
+ 45 1
+ 45 26
x 46 3
+ 46 4
+ 46 5
+ 46 6
+ 46 8
+ 46 9
+ 46 13
+ 46 14
+ 46 19
+ 46 20
+ 46 22
+ 46 24
Case #51: 32 19
+ 1 2
+ 1 4
+ 1 5
+ 3 1
+ 3 5
x 3 11
x 5 10
+ 6 1
x 6 7
+ 6 13
x 7 4
x 8 3
+ 8 13
x 9 2
+ 10 2
+ 12 1
x 13 1
+ 13 3
+ 13 4
Case #52: 298 0
Case #53: 286 186
+ 1 4
+ 1 9
+ 1 13
+ 1 21
+ 1 22
+ 1 27
+ 1 30
+ 1 31
+ 1 35
+ 1 39
+ 1 41
+ 1 42
+ 1 43
+ 1 44
+ 1 45
+ 1 46
+ 1 47
+ 1 48
+ 1 51
+ 1 52
+ 1 56
+ 1 59
+ 1 60
+ 1 63
+ 1 64
+ 1 71
+ 1 76
+ 1 79
+ 1 80
+ 1 83
+ 1 84
+ 1 87
+ 1 88
+ 2 11
+ 2 18
+ 2 19
+ 2 24
+ 2 35
+ 2 39
+ 2 56
+ 2 68
+ 2 69
+ 2 73
x 2 99
+ 3 13
+ 3 22
+ 3 30
+ 3 31
+ 3 35
+ 3 51
+ 3 56
+ 3 64
+ 3 71
+ 3 76
+ 3 79
+ 3 80
+ 3 83
+ 3 84
+ 3 87
+ 4 2
+ 4 8
+ 4 89
+ 5 2
+ 6 2
+ 6 29
+ 7 2
x 7 96
+ 9 83
x 10 90
+ 11 83
x 11 89
+ 12 6
+ 13 82
x 13 88
x 15 86
+ 16 80
+ 17 82
+ 19 79
+ 22 78
x 27 81
+ 27 84
x 31 78
x 35 73
x 37 68
x 38 67
+ 47 96
x 48 62
+ 48 100
x 52 60
x 55 59
x 57 57
x 59 47
+ 63 99
+ 66 97
x 67 38
+ 70 94
x 73 36
x 75 35
+ 80 95
+ 84 98
x 85 32
x 86 29
+ 86 93
x 88 27
x 89 25
x 91 24
x 92 22
x 94 15
x 96 13
+ 99 87
+ 99 88
+ 100 2
+ 100 3
+ 100 4
+ 100 5
+ 100 6
+ 100 7
+ 100 8
+ 100 9
+ 100 10
+ 100 12
+ 100 13
+ 100 14
+ 100 15
+ 100 16
+ 100 17
+ 100 18
+ 100 19
+ 100 20
+ 100 21
+ 100 22
+ 100 23
+ 100 24
+ 100 25
o 100 26
+ 100 27
+ 100 28
+ 100 29
+ 100 30
+ 100 31
+ 100 32
+ 100 33
+ 100 34
+ 100 35
+ 100 36
+ 100 37
+ 100 38
+ 100 39
+ 100 40
+ 100 41
+ 100 42
+ 100 44
+ 100 45
+ 100 46
+ 100 47
+ 100 49
+ 100 50
+ 100 51
+ 100 52
+ 100 53
+ 100 54
+ 100 55
+ 100 56
+ 100 57
+ 100 58
+ 100 59
+ 100 60
+ 100 61
+ 100 65
+ 100 66
+ 100 67
+ 100 68
+ 100 69
+ 100 70
+ 100 71
+ 100 72
+ 100 73
+ 100 74
+ 100 76
+ 100 77
+ 100 78
+ 100 80
+ 100 81
+ 100 83
+ 100 84
+ 100 85
Case #54: 38 18
+ 1 3
+ 1 7
+ 1 11
+ 4 1
x 4 15
+ 6 1
+ 6 15
x 7 13
x 8 12
x 10 11
+ 10 13
x 11 7
x 14 5
+ 15 1
+ 15 2
x 15 4
+ 15 5
+ 15 7
Case #55: 124 0
Case #56: 48 26
+ 1 5
+ 1 10
+ 1 13
x 1 18
+ 2 1
+ 3 1
+ 3 13
x 4 15
x 5 12
+ 6 1
x 7 11
+ 8 1
x 9 10
+ 10 15
x 11 9
x 14 7
+ 15 17
+ 16 1
x 16 5
+ 17 1
o 17 3
+ 17 5
o 18 1
+ 18 8
+ 18 10
+ 18 12
Case #57: 84 45
+ 1 5
+ 1 8
+ 1 14
+ 1 16
+ 1 17
x 1 32
+ 2 1
+ 2 5
+ 2 20
+ 2 24
+ 3 1
+ 3 5
x 3 29
+ 4 21
x 6 26
+ 6 32
+ 7 3
+ 10 1
x 10 23
x 12 19
+ 13 1
x 14 16
x 15 15
x 17 12
x 18 11
+ 18 32
+ 19 1
+ 22 32
+ 23 4
x 23 10
x 24 8
x 27 7
x 28 6
o 29 4
x 31 2
+ 31 8
x 32 1
+ 32 5
+ 32 8
+ 32 10
+ 32 11
+ 32 12
+ 32 15
+ 32 16
+ 32 24
Case #58: 298 297
+ 1 1
+ 1 2
+ 1 3
+ 1 4
+ 1 5
+ 1 6
+ 1 7
+ 1 8
+ 1 9
+ 1 10
+ 1 11
+ 1 12
+ 1 13
+ 1 14
+ 1 15
+ 1 16
+ 1 17
+ 1 18
+ 1 19
+ 1 20
+ 1 21
+ 1 22
+ 1 23
+ 1 24
+ 1 25
+ 1 26
+ 1 27
+ 1 28
+ 1 29
+ 1 30
+ 1 31
+ 1 32
+ 1 33
+ 1 34
+ 1 35
+ 1 36
+ 1 37
+ 1 38
+ 1 39
+ 1 40
+ 1 41
+ 1 42
+ 1 43
+ 1 44
+ 1 45
+ 1 46
+ 1 47
+ 1 48
+ 1 49
+ 1 50
+ 1 51
+ 1 52
+ 1 53
+ 1 54
+ 1 55
+ 1 56
+ 1 57
+ 1 58
+ 1 59
+ 1 60
+ 1 61
+ 1 62
+ 1 63
+ 1 64
+ 1 65
+ 1 66
+ 1 67
+ 1 68
+ 1 69
+ 1 70
+ 1 71
+ 1 72
+ 1 73
+ 1 74
+ 1 75
+ 1 76
+ 1 77
+ 1 78
+ 1 79
+ 1 80
+ 1 81
+ 1 82
+ 1 83
+ 1 84
+ 1 85
+ 1 86
+ 1 87
+ 1 88
+ 1 89
+ 1 90
+ 1 91
+ 1 92
+ 1 93
+ 1 94
+ 1 95
+ 1 96
+ 1 97
+ 1 98
+ 1 99
x 1 100
x 2 99
x 3 98
x 4 97
x 5 96
x 6 95
x 7 94
x 8 93
x 9 92
x 10 91
x 11 90
x 12 89
x 13 88
x 14 87
x 15 86
x 16 85
x 17 84
x 18 83
x 19 82
x 20 81
x 21 80
x 22 79
x 23 78
x 24 77
x 25 76
x 26 75
x 27 74
x 28 73
x 29 72
x 30 71
x 31 70
x 32 69
x 33 68
x 34 67
x 35 66
x 36 65
x 37 64
x 38 63
x 39 62
x 40 61
x 41 60
x 42 59
x 43 58
x 44 57
x 45 56
x 46 55
x 47 54
x 48 53
x 49 52
x 50 51
x 51 50
x 52 49
x 53 48
x 54 47
x 55 46
x 56 45
x 57 44
x 58 43
x 59 42
x 60 41
x 61 40
x 62 39
x 63 38
x 64 37
x 65 36
x 66 35
x 67 34
x 68 33
x 69 32
x 70 31
x 71 30
x 72 29
x 73 28
x 74 27
x 75 26
x 76 25
x 77 24
x 78 23
x 79 22
x 80 21
x 81 20
x 82 19
x 83 18
x 84 17
x 85 16
x 86 15
x 87 14
x 88 13
x 89 12
x 90 11
x 91 10
x 92 9
x 93 8
x 94 7
x 95 6
x 96 5
x 97 4
x 98 3
x 99 2
o 100 1
+ 100 2
+ 100 3
+ 100 4
+ 100 5
+ 100 6
+ 100 7
+ 100 8
+ 100 9
+ 100 10
+ 100 11
+ 100 12
+ 100 13
+ 100 14
+ 100 15
+ 100 16
+ 100 17
+ 100 18
+ 100 19
+ 100 20
+ 100 21
+ 100 22
+ 100 23
+ 100 24
+ 100 25
+ 100 26
+ 100 27
+ 100 28
+ 100 29
+ 100 30
+ 100 31
+ 100 32
+ 100 33
+ 100 34
+ 100 35
+ 100 36
+ 100 37
+ 100 38
+ 100 39
+ 100 40
+ 100 41
+ 100 42
+ 100 43
+ 100 44
+ 100 45
+ 100 46
+ 100 47
+ 100 48
+ 100 49
+ 100 50
+ 100 51
+ 100 52
+ 100 53
+ 100 54
+ 100 55
+ 100 56
+ 100 57
+ 100 58
+ 100 59
+ 100 60
+ 100 61
+ 100 62
+ 100 63
+ 100 64
+ 100 65
+ 100 66
+ 100 67
+ 100 68
+ 100 69
+ 100 70
+ 100 71
+ 100 72
+ 100 73
+ 100 74
+ 100 75
+ 100 76
+ 100 77
+ 100 78
+ 100 79
+ 100 80
+ 100 81
+ 100 82
+ 100 83
+ 100 84
+ 100 85
+ 100 86
+ 100 87
+ 100 88
+ 100 89
+ 100 90
+ 100 91
+ 100 92
+ 100 93
+ 100 94
+ 100 95
+ 100 96
+ 100 97
+ 100 98
+ 100 99
Case #59: 286 185
+ 1 2
+ 1 10
+ 1 21
+ 1 23
+ 1 26
+ 1 31
+ 1 39
+ 1 40
+ 1 43
+ 1 46
+ 1 47
+ 1 51
+ 1 56
+ 1 60
+ 1 61
+ 1 65
+ 1 75
+ 1 76
+ 1 79
+ 1 84
+ 2 10
+ 2 18
+ 2 19
+ 2 23
+ 2 28
+ 2 31
+ 2 35
+ 2 36
+ 2 51
+ 2 56
+ 2 69
+ 2 70
+ 2 84
+ 2 90
+ 3 14
+ 3 26
+ 3 31
+ 3 39
+ 3 40
+ 3 47
+ 3 51
+ 3 60
+ 3 65
+ 3 76
+ 3 84
+ 4 3
+ 4 9
+ 4 11
+ 4 22
+ 4 31
+ 4 45
+ 4 56
+ 4 70
+ 4 90
+ 5 84
x 5 96
+ 6 30
+ 7 1
+ 7 2
+ 7 21
+ 7 39
+ 7 84
x 7 91
+ 8 88
x 8 89
+ 10 41
+ 11 82
+ 11 87
+ 13 82
x 14 85
+ 14 86
x 16 81
x 26 79
+ 28 86
+ 29 94
x 31 75
x 32 74
+ 34 97
x 37 71
+ 38 99
x 40 70
x 41 69
x 42 68
+ 43 96
x 44 66
x 45 59
x 49 56
x 52 53
+ 53 100
x 54 52
x 59 50
x 62 49
x 63 47
+ 69 88
x 70 44
+ 73 88
x 75 38
+ 78 90
x 79 36
x 80 27
x 86 25
x 89 20
+ 90 81
+ 90 100
x 96 16
x 97 14
+ 97 84
x 98 8
x 99 6
+ 100 1
+ 100 2
+ 100 3
+ 100 4
o 100 5
+ 100 6
+ 100 7
+ 100 8
+ 100 9
+ 100 10
+ 100 11
+ 100 12
+ 100 13
+ 100 15
+ 100 16
+ 100 17
+ 100 18
+ 100 19
+ 100 20
+ 100 21
+ 100 22
+ 100 24
+ 100 25
+ 100 26
+ 100 27
+ 100 28
+ 100 29
+ 100 30
+ 100 32
+ 100 33
+ 100 34
+ 100 35
+ 100 36
+ 100 38
+ 100 40
+ 100 41
+ 100 42
+ 100 43
+ 100 44
+ 100 45
+ 100 46
+ 100 47
+ 100 48
+ 100 49
+ 100 50
+ 100 51
+ 100 52
+ 100 54
+ 100 55
+ 100 56
+ 100 58
+ 100 59
+ 100 60
+ 100 62
+ 100 63
+ 100 64
+ 100 65
+ 100 66
+ 100 67
+ 100 69
+ 100 70
+ 100 72
+ 100 73
+ 100 74
+ 100 75
+ 100 76
+ 100 77
+ 100 78
+ 100 79
+ 100 80
+ 100 82
+ 100 83
+ 100 84
+ 100 85
+ 100 86
+ 100 88
Case #60: 276 176
+ 1 9
+ 1 12
+ 1 15
+ 1 32
+ 1 39
+ 1 42
+ 1 43
+ 1 47
+ 1 48
+ 1 50
+ 1 51
+ 1 57
+ 1 61
+ 1 73
x 1 100
+ 2 28
+ 2 29
+ 2 37
+ 2 66
+ 2 70
+ 2 79
+ 2 83
x 2 99
+ 3 9
+ 3 33
+ 3 47
+ 3 62
+ 3 72
+ 4 25
+ 4 69
+ 5 17
+ 5 20
+ 5 22
+ 5 33
+ 5 84
x 5 97
+ 6 76
x 6 95
x 7 94
+ 8 83
+ 9 75
x 9 93
+ 10 1
+ 12 74
+ 13 1
x 13 92
+ 15 82
x 17 91
+ 18 76
+ 19 80
x 19 89
x 20 87
+ 21 75
x 22 85
x 25 84
x 27 80
x 28 79
x 32 77
x 33 75
x 34 73
x 36 69
x 38 66
+ 39 94
x 42 65
x 43 63
x 44 61
x 46 60
x 47 57
+ 47 95
x 48 56
+ 48 99
x 49 55
x 50 52
x 51 50
x 52 47
x 53 45
x 55 42
+ 55 98
x 57 41
+ 57 97
x 58 40
x 59 39
+ 59 96
x 61 36
x 63 35
+ 64 100
x 65 33
x 66 32
+ 66 99
x 70 31
x 73 30
+ 73 95
x 74 27
+ 75 94
x 78 22
x 79 20
x 80 17
x 81 16
x 82 15
x 84 14
x 89 13
+ 89 82
x 92 11
+ 93 77
x 94 8
x 95 6
+ 95 84
x 96 5
x 97 4
+ 97 75
x 98 2
+ 99 84
x 100 1
+ 100 2
+ 100 3
+ 100 4
+ 100 5
+ 100 6
+ 100 7
+ 100 8
+ 100 9
+ 100 10
+ 100 11
+ 100 12
+ 100 13
+ 100 14
+ 100 15
+ 100 16
+ 100 17
+ 100 18
+ 100 19
+ 100 20
+ 100 21
+ 100 22
+ 100 23
+ 100 24
+ 100 25
+ 100 26
+ 100 27
+ 100 28
+ 100 29
+ 100 30
+ 100 31
+ 100 32
+ 100 34
+ 100 35
+ 100 36
+ 100 37
+ 100 38
+ 100 39
+ 100 40
+ 100 41
+ 100 43
+ 100 44
+ 100 45
+ 100 46
+ 100 48
+ 100 49
+ 100 50
+ 100 51
+ 100 52
+ 100 56
+ 100 57
+ 100 58
+ 100 59
+ 100 60
+ 100 61
+ 100 62
+ 100 63
+ 100 66
+ 100 67
+ 100 73
+ 100 74
+ 100 75
+ 100 77
+ 100 81
Case #61: 298 100
o 1 100
x 2 99
x 3 98
x 4 97
x 5 96
x 6 95
x 7 94
x 8 93
x 9 92
x 10 91
x 11 90
x 12 89
x 13 88
x 14 87
x 15 86
x 16 85
x 17 84
x 18 83
x 19 82
x 20 81
x 21 80
x 22 79
x 23 78
x 24 77
x 25 76
x 26 75
x 27 74
x 28 73
x 29 72
x 30 71
x 31 70
x 32 69
x 33 68
x 34 67
x 35 66
x 36 65
x 37 64
x 38 63
x 39 62
x 40 61
x 41 60
x 42 59
x 43 58
x 44 57
x 45 56
x 46 55
x 47 54
x 48 53
x 49 52
x 50 51
x 51 50
x 52 49
x 53 48
x 54 47
x 55 46
x 56 45
x 57 44
x 58 43
x 59 42
x 60 41
x 61 40
x 62 39
x 63 38
x 64 37
x 65 36
x 66 35
x 67 34
x 68 33
x 69 32
x 70 31
x 71 30
x 72 29
x 73 28
x 74 27
x 75 26
x 76 25
x 77 24
x 78 23
x 79 22
x 80 21
x 81 20
x 82 19
x 83 18
x 84 17
x 85 16
x 86 15
x 87 14
x 88 13
x 89 12
x 90 11
x 91 10
x 92 9
x 93 8
x 94 7
x 95 6
x 96 5
x 97 4
x 98 3
x 99 2
x 100 1
Case #62: 273 173
+ 1 38
+ 1 67
x 1 100
+ 2 25
+ 2 54
x 2 99
+ 3 38
+ 3 44
+ 3 73
x 3 98
+ 4 57
+ 4 69
x 4 97
+ 5 30
+ 5 73
x 5 92
+ 7 3
+ 7 36
x 7 91
+ 8 23
+ 8 34
x 8 90
x 9 89
+ 10 73
+ 11 75
x 11 88
x 12 87
x 13 86
x 14 84
x 15 83
+ 16 76
x 16 82
x 17 81
+ 18 1
x 18 80
x 19 78
+ 20 1
x 20 76
+ 21 8
x 21 75
x 22 74
x 23 73
x 24 72
x 25 71
x 26 70
x 27 68
x 28 67
x 29 66
x 30 64
x 32 63
+ 32 93
x 34 62
x 35 60
x 37 59
x 38 58
x 39 56
x 40 55
x 41 54
x 42 53
+ 42 99
x 43 52
x 44 51
+ 44 100
x 45 50
x 47 49
x 48 48
x 49 46
+ 49 100
x 50 45
+ 51 100
x 52 44
+ 52 100
x 53 42
x 54 39
+ 54 100
x 55 37
x 56 36
x 57 35
+ 57 96
x 58 34
x 59 33
x 61 32
x 62 31
+ 62 94
x 63 30
x 65 29
x 67 28
x 69 27
x 70 25
+ 71 95
x 72 24
x 73 23
x 74 22
x 75 19
+ 75 97
x 76 18
x 77 17
+ 80 94
x 82 16
x 83 15
x 84 14
x 85 13
x 87 12
x 88 10
x 91 9
x 93 8
x 95 6
x 96 4
x 97 3
x 98 2
+ 98 73
+ 98 78
x 99 1
+ 100 2
+ 100 3
+ 100 4
+ 100 5
+ 100 6
+ 100 7
+ 100 8
+ 100 9
+ 100 10
+ 100 11
+ 100 12
+ 100 13
+ 100 14
+ 100 15
+ 100 16
+ 100 17
+ 100 18
+ 100 19
+ 100 20
+ 100 21
+ 100 22
+ 100 23
+ 100 24
+ 100 26
+ 100 27
+ 100 28
+ 100 29
+ 100 30
+ 100 31
+ 100 32
+ 100 33
+ 100 34
+ 100 35
+ 100 36
+ 100 37
+ 100 38
+ 100 39
+ 100 40
+ 100 42
o 100 43
+ 100 45
+ 100 46
+ 100 47
+ 100 48
+ 100 50
+ 100 55
+ 100 57
+ 100 58
+ 100 59
+ 100 60
+ 100 61
+ 100 62
+ 100 63
+ 100 64
+ 100 65
+ 100 67
+ 100 68
+ 100 69
+ 100 70
+ 100 73
Case #63: 267 179
+ 1 16
x 1 100
+ 2 35
x 2 99
+ 3 37
+ 3 40
+ 3 63
x 3 98
x 4 97
+ 5 66
x 5 96
x 6 95
x 7 94
x 8 93
x 9 92
o 10 91
x 11 90
x 12 89
x 13 88
x 14 87
+ 15 73
x 15 86
x 16 85
x 17 84
+ 18 74
x 18 83
x 19 82
x 20 81
x 21 80
x 22 79
x 23 78
x 24 77
x 25 76
x 26 75
x 27 74
x 28 73
x 29 72
x 30 71
+ 30 84
x 31 70
x 32 69
x 33 68
x 34 67
+ 34 93
x 35 66
+ 35 87
x 36 65
x 37 64
x 38 63
+ 38 93
x 39 62
x 40 61
x 41 60
+ 41 89
+ 41 92
x 42 59
x 43 58
+ 43 89
x 44 57
+ 44 93
x 45 56
x 46 55
x 47 54
x 48 53
+ 48 92
x 49 52
x 50 51
+ 50 97
x 51 50
x 52 49
x 53 48
+ 53 98
x 54 47
x 55 46
x 56 45
x 57 44
+ 57 98
+ 57 99
x 58 43
x 59 42
+ 59 99
x 60 41
x 61 40
x 62 39
+ 62 97
x 63 38
x 64 37
x 65 36
+ 65 97
x 66 35
x 67 34
+ 67 96
x 68 33
x 69 32
x 70 31
x 71 30
+ 71 93
x 72 29
x 73 28
x 74 27
+ 74 99
x 75 26
x 76 25
x 77 24
x 78 23
+ 78 97
x 79 22
x 80 21
x 81 20
x 82 19
x 83 18
x 84 17
x 85 16
x 86 15
x 87 14
x 88 13
x 89 12
x 90 11
x 91 10
x 92 9
x 93 8
x 94 7
x 95 6
x 96 5
x 97 4
x 98 3
+ 98 68
x 99 2
x 100 1
+ 100 2
+ 100 3
+ 100 4
+ 100 5
+ 100 6
+ 100 7
+ 100 8
+ 100 9
+ 100 10
+ 100 11
+ 100 12
+ 100 13
+ 100 15
+ 100 16
+ 100 17
+ 100 18
+ 100 19
+ 100 20
+ 100 21
+ 100 23
+ 100 24
+ 100 25
+ 100 26
+ 100 28
+ 100 29
+ 100 34
+ 100 35
+ 100 36
+ 100 38
+ 100 39
+ 100 41
+ 100 42
+ 100 43
+ 100 44
+ 100 45
+ 100 46
+ 100 48
+ 100 49
+ 100 50
+ 100 52
+ 100 53
+ 100 54
+ 100 57
+ 100 60
+ 100 61
+ 100 65
+ 100 67
+ 100 68
+ 100 69
+ 100 71
Case #64: 214 120
+ 1 2
+ 1 3
+ 1 5
+ 1 6
+ 1 7
+ 1 10
+ 1 11
+ 1 22
+ 1 26
+ 1 27
+ 1 28
+ 1 36
+ 1 38
+ 1 44
+ 1 51
+ 1 53
+ 1 55
+ 1 59
+ 1 61
x 1 79
+ 2 41
+ 3 2
+ 3 6
+ 3 10
+ 3 52
x 3 77
+ 4 46
+ 5 21
+ 5 37
+ 5 53
+ 6 26
+ 6 53
x 7 76
+ 8 2
x 8 75
+ 11 3
+ 13 3
+ 15 3
x 17 69
+ 18 1
+ 18 80
+ 19 1
+ 19 5
x 19 67
x 22 65
+ 25 5
x 26 63
+ 28 5
x 29 59
+ 30 1
x 30 53
x 31 51
+ 33 2
x 33 50
+ 36 80
x 37 49
x 38 48
x 39 44
+ 39 79
+ 40 1
x 42 42
x 43 41
x 44 35
+ 46 76
+ 46 79
x 47 34
x 48 33
x 50 32
x 51 31
x 52 28
x 54 24
x 55 21
x 56 20
x 57 18
x 59 17
x 60 15
+ 61 4
x 61 14
x 63 13
+ 65 1
+ 65 2
x 65 12
x 67 10
x 68 9
x 69 7
+ 70 3
x 72 6
+ 73 2
x 74 4
+ 75 1
+ 76 54
+ 78 1
+ 78 2
x 78 3
+ 78 32
x 79 1
+ 79 27
+ 79 34
+ 79 38
+ 80 2
+ 80 7
+ 80 11
+ 80 15
+ 80 19
+ 80 20
+ 80 21
+ 80 22
+ 80 24
+ 80 27
+ 80 29
+ 80 31
+ 80 32
+ 80 40
+ 80 44
+ 80 46
+ 80 48
+ 80 52
+ 80 53
+ 80 54
+ 80 56
Case #65: 133 72
+ 1 3
o 1 4
+ 1 5
+ 1 10
+ 1 11
+ 1 17
+ 1 20
+ 1 29
+ 1 32
+ 1 35
+ 2 1
+ 2 17
+ 2 23
+ 2 29
+ 3 4
+ 3 26
+ 3 35
x 3 49
+ 4 18
x 4 45
+ 5 3
+ 5 30
+ 6 3
x 7 40
+ 9 1
x 9 39
x 10 37
+ 12 1
+ 12 8
+ 14 2
x 14 36
x 15 32
x 17 28
x 18 27
x 19 26
+ 22 48
x 24 22
+ 25 49
x 26 21
x 27 17
x 28 16
+ 29 8
+ 31 49
x 32 15
x 35 13
+ 36 6
+ 36 47
+ 37 4
x 37 12
+ 38 6
x 39 11
+ 40 5
+ 42 4
+ 43 4
x 43 8
x 44 6
x 46 2
+ 47 20
+ 48 3
+ 48 28
+ 49 1
+ 49 5
+ 49 6
+ 49 8
+ 49 9
+ 49 12
+ 49 13
+ 49 15
+ 49 20
+ 49 23
+ 49 24
+ 49 32
Case #66: 291 276
+ 1 4
+ 1 7
+ 1 10
+ 1 11
+ 1 12
+ 1 14
+ 1 15
+ 1 21
+ 1 27
+ 1 29
+ 1 30
+ 1 31
+ 1 32
+ 1 33
+ 1 35
+ 1 36
+ 1 37
+ 1 39
+ 1 40
+ 1 41
+ 1 43
+ 1 44
+ 1 45
+ 1 47
+ 1 48
+ 1 52
+ 1 55
+ 1 58
+ 1 61
+ 1 62
+ 1 66
+ 1 69
+ 1 73
+ 1 74
+ 1 77
+ 1 78
+ 1 81
+ 1 82
+ 1 85
+ 1 86
+ 1 89
+ 1 90
+ 1 93
x 1 100
+ 2 1
+ 2 17
+ 2 52
+ 2 71
x 2 99
+ 3 1
+ 3 11
+ 3 15
+ 3 20
+ 3 21
+ 3 24
+ 3 26
+ 3 40
+ 3 44
+ 3 48
+ 3 52
+ 3 55
+ 3 58
+ 3 62
+ 3 65
+ 3 66
+ 3 74
+ 3 77
+ 3 81
+ 3 82
+ 3 85
+ 3 89
+ 3 90
+ 3 93
x 3 98
+ 4 5
+ 4 60
+ 4 62
x 4 97
+ 5 1
+ 5 30
x 5 96
+ 6 1
+ 6 54
+ 6 89
x 6 95
+ 7 14
x 7 94
x 8 93
+ 9 11
x 9 92
+ 10 15
x 10 91
x 11 90
+ 12 87
x 12 89
x 13 88
+ 14 84
x 14 87
x 15 86
x 16 85
+ 17 83
x 17 84
x 18 83
x 19 82
x 20 81
x 21 80
x 22 79
x 23 78
x 24 77
x 25 76
x 26 75
x 27 74
x 28 73
+ 28 95
x 29 72
x 30 71
x 31 70
x 32 69
x 33 68
x 34 67
x 35 66
x 36 65
x 37 64
x 38 63
x 39 62
x 40 61
x 41 60
x 42 59
x 43 58
x 44 57
x 45 56
x 46 55
x 47 54
x 48 53
x 49 52
x 50 51
x 51 50
x 52 49
x 53 48
x 54 47
x 55 46
x 56 45
x 57 44
x 58 43
x 59 42
x 60 41
x 61 40
x 62 39
x 63 38
x 64 37
x 65 36
x 66 35
x 67 34
x 68 33
x 69 32
x 70 31
x 71 30
x 72 29
x 73 28
x 74 27
x 75 26
x 76 25
x 77 24
x 78 23
x 79 22
x 80 21
+ 80 99
x 81 20
x 82 19
x 83 18
x 84 17
+ 84 100
x 85 16
x 86 15
x 87 14
x 88 13
x 89 12
x 90 11
x 91 10
x 92 9
x 93 8
x 94 7
x 95 6
x 96 5
x 97 4
x 98 3
x 99 2
+ 99 93
o 100 1
+ 100 2
+ 100 3
+ 100 4
+ 100 5
+ 100 6
+ 100 7
+ 100 8
+ 100 9
+ 100 10
+ 100 11
+ 100 12
+ 100 13
+ 100 14
+ 100 15
+ 100 16
+ 100 17
+ 100 18
+ 100 19
+ 100 20
+ 100 21
+ 100 22
+ 100 24
+ 100 25
+ 100 26
+ 100 27
+ 100 28
+ 100 29
+ 100 30
+ 100 31
+ 100 32
+ 100 33
+ 100 34
+ 100 35
+ 100 36
+ 100 37
+ 100 38
+ 100 39
+ 100 40
+ 100 41
+ 100 42
+ 100 43
+ 100 44
+ 100 45
+ 100 46
+ 100 47
+ 100 48
+ 100 49
+ 100 50
+ 100 51
+ 100 52
+ 100 53
+ 100 54
+ 100 55
+ 100 56
+ 100 57
+ 100 58
+ 100 59
+ 100 60
+ 100 61
+ 100 62
+ 100 63
+ 100 64
+ 100 65
+ 100 66
+ 100 67
+ 100 68
+ 100 69
+ 100 70
+ 100 71
+ 100 72
+ 100 73
+ 100 74
+ 100 75
+ 100 76
+ 100 77
+ 100 78
+ 100 80
+ 100 81
+ 100 82
+ 100 83
+ 100 85
+ 100 86
+ 100 87
+ 100 88
+ 100 89
+ 100 90
+ 100 91
Case #67: 209 115
+ 1 3
+ 1 4
+ 1 9
+ 1 10
+ 1 12
+ 1 17
+ 1 18
+ 1 24
+ 1 30
+ 1 33
+ 1 43
+ 1 47
+ 1 56
+ 2 1
+ 2 30
+ 2 40
+ 2 45
+ 2 52
x 2 79
+ 3 18
+ 3 23
x 3 77
+ 4 16
+ 4 26
+ 4 52
+ 5 2
+ 5 24
+ 5 30
+ 5 56
x 5 76
+ 6 30
+ 7 2
+ 7 51
x 7 75
+ 8 57
x 10 74
+ 11 3
x 11 73
+ 13 2
+ 15 1
x 16 72
x 17 71
x 21 69
+ 22 1
+ 23 1
+ 24 4
x 25 65
x 26 64
x 27 63
+ 29 76
x 30 62
x 32 60
+ 34 75
x 35 56
x 36 55
+ 36 75
+ 38 2
x 39 53
x 40 52
x 42 51
x 43 47
+ 45 76
x 46 46
x 49 45
x 50 43
+ 51 13
x 51 40
x 52 36
+ 53 13
x 54 35
x 55 29
x 56 22
x 59 20
x 60 19
+ 61 6
x 61 17
+ 63 6
x 63 16
x 64 15
x 65 13
+ 68 2
x 69 11
x 70 10
+ 72 1
x 72 9
+ 73 1
+ 74 51
+ 76 1
+ 76 15
x 77 3
+ 77 25
x 78 2
+ 78 53
x 79 1
+ 79 3
+ 79 5
+ 79 9
+ 79 10
+ 79 11
+ 79 14
+ 79 16
+ 79 17
+ 79 19
+ 79 20
+ 79 21
+ 79 25
+ 79 28
+ 79 29
+ 79 31
+ 79 36
+ 79 38
+ 79 40
+ 79 47
+ 79 48
+ 79 50
Case #68: 206 112
+ 1 1
+ 1 2
+ 1 7
+ 1 13
+ 1 21
+ 1 25
+ 1 31
+ 1 33
+ 1 44
+ 1 51
x 1 77
+ 2 11
+ 2 35
+ 2 41
+ 2 51
+ 3 1
+ 3 44
+ 3 51
x 4 76
+ 5 24
x 5 74
+ 6 1
+ 6 3
+ 6 27
+ 6 43
+ 7 14
+ 8 2
x 8 73
x 9 72
+ 10 1
+ 10 2
+ 10 15
+ 11 4
+ 11 51
+ 14 2
+ 14 3
x 14 71
+ 15 51
x 15 67
x 16 66
+ 17 1
+ 17 2
+ 19 1
x 19 64
x 20 61
+ 22 1
x 22 58
x 23 56
x 24 52
x 25 50
+ 26 1
x 26 49
+ 28 2
x 29 42
x 30 41
x 31 40
x 33 38
+ 34 1
x 34 36
x 36 32
x 37 30
x 41 29
x 42 24
+ 43 77
x 44 22
+ 46 9
x 46 20
+ 48 9
o 50 19
+ 51 8
x 51 17
x 52 16
x 55 15
+ 57 72
x 58 14
x 60 12
+ 62 1
x 62 9
x 66 7
x 68 5
o 69 4
+ 69 33
+ 71 4
+ 72 4
+ 73 4
+ 73 31
x 74 3
x 76 1
+ 76 6
+ 76 27
+ 76 31
+ 76 38
+ 77 2
+ 77 3
+ 77 4
+ 77 6
+ 77 13
+ 77 14
+ 77 15
+ 77 17
+ 77 19
+ 77 20
+ 77 22
+ 77 23
+ 77 24
+ 77 29
+ 77 33
+ 77 36
+ 77 45
+ 77 47
+ 77 50
+ 77 54
Case #69: 277 214
+ 1 2
+ 1 11
+ 1 15
+ 1 16
+ 1 27
+ 1 38
+ 1 46
+ 1 50
+ 1 60
+ 1 72
+ 1 76
+ 1 79
x 1 100
+ 2 23
+ 2 31
+ 2 34
+ 2 46
+ 2 58
+ 2 62
+ 2 65
+ 2 68
+ 2 69
+ 2 72
+ 2 76
x 2 99
+ 3 20
+ 3 51
+ 3 60
+ 3 72
+ 3 79
x 3 98
+ 4 34
+ 4 51
x 4 97
o 5 51
+ 6 2
+ 6 78
+ 6 79
x 6 95
+ 7 15
+ 7 23
x 7 94
+ 8 2
x 8 93
+ 9 77
x 9 92
x 10 91
+ 11 76
x 11 90
+ 12 76
x 12 89
x 13 88
+ 14 75
x 14 86
+ 16 74
x 16 85
x 17 84
+ 18 73
+ 19 2
x 19 83
+ 20 73
x 20 82
x 21 81
+ 22 12
+ 22 74
x 22 80
x 23 79
x 24 78
x 25 77
+ 26 69
x 26 76
x 27 75
x 28 74
+ 29 70
+ 29 71
x 31 73
x 32 70
x 36 69
x 37 66
x 38 65
x 39 63
x 40 62
+ 40 80
x 41 61
+ 41 80
x 43 60
x 44 59
x 45 58
x 46 57
x 47 55
x 48 54
x 49 53
x 51 52
x 52 50
+ 52 87
x 53 49
x 54 48
x 55 44
x 56 42
x 57 41
x 58 40
x 59 39
x 60 38
x 61 37
x 62 36
+ 62 100
x 63 35
x 64 34
+ 64 97
x 65 33
x 66 32
x 67 31
+ 67 98
x 69 30
x 70 29
x 71 28
x 72 27
+ 72 99
x 73 26
x 74 25
x 75 24
+ 75 100
x 76 22
+ 76 96
x 77 21
x 78 20
x 79 19
x 80 18
x 81 17
+ 81 100
x 82 16
x 83 14
x 84 13
x 87 12
x 88 11
x 89 10
x 90 9
x 92 8
x 93 6
+ 94 80
x 95 5
x 96 4
x 98 3
+ 98 80
x 99 2
o 100 1
+ 100 2
+ 100 3
+ 100 4
+ 100 5
+ 100 6
+ 100 7
+ 100 8
+ 100 9
+ 100 10
+ 100 11
+ 100 12
+ 100 13
+ 100 14
+ 100 15
+ 100 16
+ 100 17
+ 100 18
+ 100 19
+ 100 22
+ 100 23
+ 100 24
+ 100 25
+ 100 26
+ 100 27
+ 100 28
+ 100 29
+ 100 30
+ 100 31
+ 100 32
+ 100 33
+ 100 34
+ 100 35
+ 100 36
+ 100 37
+ 100 38
+ 100 40
+ 100 41
+ 100 42
+ 100 43
+ 100 44
+ 100 45
+ 100 46
+ 100 47
+ 100 48
+ 100 49
+ 100 50
+ 100 51
+ 100 52
+ 100 53
+ 100 54
+ 100 55
+ 100 56
+ 100 57
+ 100 58
+ 100 59
+ 100 60
+ 100 63
+ 100 64
+ 100 66
+ 100 67
+ 100 68
+ 100 69
+ 100 70
+ 100 73
+ 100 76
+ 100 77
+ 100 79
+ 100 80
Case #70: 18 9
+ 1 1
+ 1 4
+ 1 5
o 2 1
+ 3 1
x 4 4
+ 6 1
o 7 3
+ 7 4
Case #71: 9 4
o 1 2
+ 3 1
+ 4 1
+ 4 3
Case #72: 94 50
+ 1 1
+ 1 4
+ 1 7
+ 1 8
+ 1 9
+ 1 13
+ 1 18
+ 1 20
+ 1 21
+ 1 24
+ 2 1
x 2 36
+ 3 1
+ 3 21
x 4 30
+ 5 21
x 7 26
x 8 24
x 9 23
+ 11 1
o 11 21
+ 12 1
x 14 20
+ 15 1
x 17 18
+ 21 36
x 22 17
+ 22 36
+ 23 5
+ 23 36
x 25 15
+ 25 36
x 26 14
+ 28 7
x 28 13
x 30 11
x 31 6
x 34 5
x 35 4
+ 35 13
o 36 3
+ 36 4
+ 36 5
+ 36 7
+ 36 8
+ 36 11
+ 36 13
+ 36 16
+ 36 17
+ 36 20
Case #73: 135 74
+ 1 6
+ 1 12
+ 1 21
+ 1 25
+ 1 28
+ 2 14
+ 2 25
+ 2 30
x 2 52
+ 3 5
o 3 25
+ 3 28
+ 4 1
+ 4 14
+ 4 20
+ 5 1
x 5 50
+ 8 1
+ 8 2
+ 8 12
+ 10 1
x 10 49
+ 11 1
x 11 46
+ 13 1
+ 14 1
x 14 40
+ 16 1
x 16 37
x 19 36
+ 20 1
x 21 35
x 22 34
x 23 31
x 24 29
x 26 28
+ 26 52
x 27 26
x 28 23
+ 29 48
x 30 22
+ 31 3
x 32 21
+ 39 3
x 41 17
+ 42 1
x 42 16
+ 44 1
x 44 15
x 45 14
x 46 13
x 47 12
+ 47 33
+ 48 3
+ 49 1
x 49 8
x 50 7
+ 50 17
+ 51 1
x 51 6
+ 51 35
+ 52 3
o 52 5
+ 52 6
+ 52 8
+ 52 10
+ 52 12
+ 52 13
+ 52 17
+ 52 18
+ 52 21
+ 52 22
+ 52 30
+ 52 32
Case #74: 296 291
+ 1 2
+ 1 6
+ 1 7
+ 1 8
+ 1 9
+ 1 12
+ 1 14
+ 1 15
+ 1 16
+ 1 18
+ 1 19
+ 1 20
+ 1 22
+ 1 23
+ 1 27
+ 1 28
+ 1 31
+ 1 33
+ 1 34
+ 1 35
+ 1 36
+ 1 37
+ 1 38
+ 1 39
+ 1 40
+ 1 41
+ 1 42
+ 1 43
+ 1 45
+ 1 47
+ 1 48
+ 1 49
+ 1 52
+ 1 53
+ 1 56
+ 1 57
+ 1 60
+ 1 61
+ 1 64
+ 1 65
+ 1 68
+ 1 69
+ 1 72
+ 1 73
+ 1 76
+ 1 77
+ 1 80
+ 1 81
+ 1 84
+ 1 85
+ 1 88
+ 1 89
+ 1 92
+ 1 93
+ 1 96
+ 1 97
x 1 100
+ 2 12
+ 2 25
+ 2 31
+ 2 45
x 2 99
+ 3 1
+ 3 15
+ 3 19
+ 3 23
+ 3 27
+ 3 28
+ 3 48
+ 3 52
+ 3 53
+ 3 56
+ 3 57
+ 3 60
+ 3 61
+ 3 64
+ 3 65
+ 3 68
+ 3 69
+ 3 72
+ 3 73
+ 3 76
+ 3 77
+ 3 80
+ 3 81
+ 3 84
+ 3 85
+ 3 88
+ 3 89
+ 3 92
+ 3 93
+ 3 96
+ 3 97
x 3 98
+ 4 1
x 4 97
+ 5 1
x 5 96
+ 6 5
x 6 95
x 7 94
+ 8 17
x 8 93
x 9 92
x 10 91
x 11 90
x 12 89
x 13 88
x 14 87
x 15 86
x 16 85
x 17 84
x 18 83
x 19 82
x 20 81
x 21 80
x 22 79
x 23 78
x 24 77
x 25 76
x 26 75
x 27 74
x 28 73
x 29 72
x 30 71
x 31 70
x 32 69
x 33 68
x 34 67
x 35 66
x 36 65
x 37 64
x 38 63
x 39 62
x 40 61
x 41 60
x 42 59
x 43 58
x 44 57
x 45 56
x 46 55
x 47 54
x 48 53
x 49 52
x 50 51
x 51 50
x 52 49
x 53 48
x 54 47
x 55 46
x 56 45
x 57 44
x 58 43
x 59 42
x 60 41
x 61 40
x 62 39
x 63 38
x 64 37
x 65 36
x 66 35
x 67 34
x 68 33
x 69 32
x 70 31
x 71 30
x 72 29
x 73 28
x 74 27
x 75 26
x 76 25
x 77 24
x 78 23
x 79 22
x 80 21
x 81 20
x 82 19
x 83 18
x 84 17
x 85 16
x 86 15
x 87 14
x 88 13
x 89 12
x 90 11
x 91 10
x 92 9
x 93 8
x 94 7
x 95 6
x 96 5
x 97 4
+ 97 99
+ 97 100
x 98 3
x 99 2
o 100 1
+ 100 2
+ 100 3
+ 100 4
+ 100 5
+ 100 6
+ 100 7
+ 100 8
+ 100 9
+ 100 10
+ 100 11
+ 100 12
+ 100 13
+ 100 14
+ 100 15
+ 100 16
+ 100 17
+ 100 18
+ 100 19
+ 100 20
+ 100 21
+ 100 22
+ 100 23
+ 100 24
+ 100 25
+ 100 26
+ 100 27
+ 100 28
+ 100 29
+ 100 30
+ 100 31
+ 100 32
+ 100 33
+ 100 34
+ 100 35
+ 100 36
+ 100 37
+ 100 38
+ 100 39
+ 100 40
+ 100 41
+ 100 42
+ 100 43
+ 100 44
+ 100 45
+ 100 46
+ 100 47
+ 100 48
+ 100 49
+ 100 50
+ 100 51
+ 100 52
+ 100 53
+ 100 54
+ 100 55
+ 100 56
+ 100 57
+ 100 58
+ 100 59
+ 100 60
+ 100 61
+ 100 62
+ 100 63
+ 100 64
+ 100 65
+ 100 66
+ 100 67
+ 100 68
+ 100 69
+ 100 70
+ 100 71
+ 100 72
+ 100 73
+ 100 74
+ 100 75
+ 100 76
+ 100 77
+ 100 78
+ 100 79
+ 100 80
+ 100 81
+ 100 82
+ 100 83
+ 100 84
+ 100 85
+ 100 86
+ 100 87
+ 100 88
+ 100 89
+ 100 90
+ 100 91
+ 100 92
+ 100 93
+ 100 94
+ 100 95
Case #75: 17 7
+ 1 2
x 1 4
x 2 2
o 3 1
+ 5 7
+ 7 1
+ 7 2
Case #76: 291 191
+ 1 2
+ 1 4
+ 1 5
+ 1 15
+ 1 16
+ 1 18
+ 1 20
+ 1 22
+ 1 24
+ 1 25
+ 1 26
+ 1 28
+ 1 29
+ 1 30
+ 1 32
+ 1 33
+ 1 34
+ 1 36
+ 1 37
+ 1 38
+ 1 44
+ 1 45
+ 1 48
+ 1 49
+ 1 52
+ 1 53
+ 1 56
+ 1 59
+ 1 60
+ 1 64
+ 1 65
+ 1 68
+ 1 71
+ 1 72
+ 1 75
+ 1 76
+ 1 79
+ 1 80
+ 1 83
+ 1 84
+ 1 87
+ 1 88
+ 1 91
+ 1 92
x 1 96
+ 2 9
+ 2 12
+ 2 18
+ 2 22
+ 2 41
+ 2 62
+ 3 1
+ 3 25
+ 3 29
+ 3 33
+ 3 37
+ 3 44
+ 3 45
+ 3 48
+ 3 53
+ 3 56
+ 3 59
+ 3 60
+ 3 64
+ 3 65
+ 3 68
+ 3 71
+ 3 75
+ 3 76
+ 3 79
+ 3 80
+ 3 83
+ 3 84
+ 3 87
+ 3 88
+ 3 91
+ 3 92
+ 5 2
+ 6 2
+ 6 52
x 6 92
+ 7 2
+ 8 62
+ 9 1
+ 14 83
x 24 83
+ 25 74
x 26 68
+ 28 68
x 30 54
+ 31 69
x 32 41
x 45 40
x 47 37
x 49 34
x 50 25
x 78 21
x 79 18
+ 82 100
x 88 15
+ 89 100
+ 91 99
+ 93 98
+ 100 1
+ 100 2
+ 100 3
+ 100 4
+ 100 5
+ 100 6
+ 100 7
+ 100 8
+ 100 9
+ 100 10
+ 100 11
+ 100 12
o 100 13
+ 100 14
+ 100 15
+ 100 16
+ 100 17
+ 100 18
+ 100 19
+ 100 20
+ 100 21
+ 100 22
+ 100 23
+ 100 24
+ 100 25
+ 100 26
+ 100 27
+ 100 28
+ 100 29
+ 100 30
+ 100 31
+ 100 32
+ 100 33
+ 100 34
+ 100 35
+ 100 36
+ 100 37
+ 100 38
+ 100 39
+ 100 40
+ 100 41
+ 100 42
+ 100 43
+ 100 44
+ 100 45
+ 100 46
+ 100 47
+ 100 48
+ 100 49
+ 100 50
+ 100 51
+ 100 52
+ 100 53
+ 100 54
+ 100 55
+ 100 56
+ 100 57
+ 100 58
+ 100 59
+ 100 60
+ 100 61
+ 100 62
+ 100 63
+ 100 64
+ 100 65
+ 100 66
+ 100 67
+ 100 68
+ 100 69
+ 100 70
+ 100 71
+ 100 72
+ 100 73
+ 100 74
+ 100 75
+ 100 76
+ 100 77
+ 100 78
+ 100 79
+ 100 80
+ 100 81
+ 100 83
+ 100 84
+ 100 85
+ 100 86
+ 100 87
+ 100 88
+ 100 93
Case #77: 283 183
+ 1 17
+ 1 21
+ 1 24
+ 1 25
+ 1 26
+ 1 37
+ 1 38
+ 1 45
+ 1 50
+ 1 53
+ 1 58
+ 1 59
+ 1 62
+ 1 64
+ 1 65
+ 1 68
+ 1 69
+ 1 72
+ 1 73
+ 1 77
+ 1 81
+ 1 85
x 1 98
+ 2 14
o 2 30
+ 2 42
+ 2 43
+ 2 53
+ 2 77
+ 2 90
+ 3 16
+ 3 50
+ 3 69
+ 3 72
+ 3 77
+ 3 81
+ 3 82
x 3 97
+ 4 30
+ 4 43
+ 4 46
+ 4 52
+ 4 57
x 4 95
+ 5 26
+ 5 35
+ 5 59
+ 5 82
+ 5 91
+ 6 17
+ 6 23
+ 6 62
x 6 93
+ 7 2
+ 7 29
+ 7 69
x 7 92
+ 8 90
+ 9 1
+ 10 83
x 10 89
+ 11 1
x 12 88
x 14 85
x 15 83
+ 16 81
x 18 81
x 21 69
x 26 66
x 27 64
x 28 63
x 31 62
+ 31 69
x 36 61
x 39 60
x 40 58
x 41 57
x 43 55
x 44 54
x 45 50
+ 53 98
x 56 46
x 57 44
x 59 43
x 60 41
+ 62 95
x 63 38
x 67 35
+ 68 95
x 70 33
x 73 32
x 75 19
+ 76 94
x 77 18
x 78 15
+ 78 87
x 79 13
x 80 8
x 81 7
+ 84 98
x 88 5
+ 91 99
+ 92 79
x 93 4
+ 94 79
x 96 2
x 97 1
+ 99 82
+ 100 2
+ 100 3
+ 100 4
+ 100 5
+ 100 6
+ 100 7
+ 100 8
+ 100 9
+ 100 10
+ 100 11
+ 100 12
+ 100 13
+ 100 14
+ 100 15
+ 100 16
+ 100 17
+ 100 18
+ 100 19
+ 100 20
+ 100 21
+ 100 22
+ 100 23
+ 100 24
+ 100 25
+ 100 26
+ 100 27
+ 100 28
+ 100 29
+ 100 30
+ 100 31
+ 100 32
+ 100 33
o 100 34
+ 100 35
+ 100 36
+ 100 37
+ 100 38
+ 100 39
+ 100 40
+ 100 41
+ 100 42
+ 100 43
+ 100 44
+ 100 45
+ 100 46
+ 100 47
+ 100 48
+ 100 49
+ 100 50
+ 100 52
+ 100 53
+ 100 54
+ 100 55
+ 100 56
+ 100 58
+ 100 59
+ 100 60
+ 100 61
+ 100 62
+ 100 64
+ 100 66
+ 100 67
+ 100 68
+ 100 69
+ 100 72
+ 100 74
+ 100 75
+ 100 76
+ 100 77
+ 100 78
+ 100 79
+ 100 80
+ 100 84
+ 100 86
+ 100 88
Case #78: 293 264
+ 1 2
+ 1 3
+ 1 6
+ 1 7
+ 1 12
+ 1 13
+ 1 16
+ 1 17
+ 1 20
+ 1 21
+ 1 24
+ 1 25
+ 1 28
+ 1 29
+ 1 32
+ 1 33
+ 1 35
+ 1 36
+ 1 37
+ 1 39
+ 1 40
+ 1 44
+ 1 45
+ 1 48
+ 1 49
+ 1 52
+ 1 53
+ 1 56
+ 1 57
+ 1 60
+ 1 61
+ 1 64
+ 1 65
+ 1 68
+ 1 69
+ 1 73
+ 1 74
+ 1 76
+ 1 77
+ 1 78
+ 1 80
+ 1 81
+ 1 82
+ 1 84
+ 1 85
+ 1 89
+ 1 90
+ 1 93
+ 1 94
x 1 100
+ 2 42
+ 2 87
x 2 99
+ 3 2
+ 3 6
+ 3 12
+ 3 16
+ 3 17
+ 3 20
+ 3 21
+ 3 24
+ 3 29
+ 3 32
+ 3 36
+ 3 40
+ 3 44
+ 3 45
+ 3 48
+ 3 49
+ 3 52
+ 3 53
+ 3 56
+ 3 57
+ 3 60
+ 3 61
+ 3 64
+ 3 69
+ 3 73
+ 3 77
+ 3 81
+ 3 85
+ 3 93
+ 3 94
+ 4 8
+ 4 12
+ 4 69
x 4 98
+ 5 1
x 5 97
+ 6 4
+ 6 93
x 6 96
+ 7 4
+ 7 93
x 7 95
x 8 94
x 9 93
x 10 91
x 11 90
x 13 89
x 14 88
x 15 87
x 16 86
x 17 85
x 18 84
x 20 83
x 21 82
x 22 81
x 24 80
x 26 79
x 27 78
x 29 77
x 30 76
x 31 74
+ 31 100
x 32 73
x 33 72
x 34 71
x 35 70
+ 35 97
x 37 69
x 38 68
x 39 67
x 40 66
x 43 65
x 44 64
x 45 63
x 47 61
x 48 60
x 49 58
x 50 56
x 52 55
x 53 53
x 54 52
x 55 51
x 56 50
x 59 49
x 60 48
x 61 46
x 62 45
x 63 44
+ 63 88
x 64 43
x 65 42
x 66 41
x 67 40
x 68 39
x 69 38
+ 69 99
x 71 37
x 72 35
x 74 34
x 75 33
+ 77 99
x 78 31
x 79 30
x 80 27
x 81 25
x 82 24
x 84 22
x 85 19
x 86 18
x 87 17
x 88 16
x 89 15
x 90 14
x 91 13
x 92 12
x 93 10
x 94 8
x 95 7
x 96 5
x 97 4
+ 97 91
x 98 2
x 99 1
+ 100 1
+ 100 2
+ 100 3
+ 100 4
+ 100 5
+ 100 6
+ 100 7
+ 100 8
+ 100 9
+ 100 10
+ 100 11
+ 100 12
+ 100 13
+ 100 14
+ 100 15
+ 100 16
+ 100 17
+ 100 18
+ 100 19
o 100 20
+ 100 21
+ 100 22
+ 100 23
+ 100 24
+ 100 25
+ 100 26
+ 100 27
+ 100 28
+ 100 29
+ 100 30
+ 100 33
+ 100 34
+ 100 35
+ 100 36
+ 100 37
+ 100 38
+ 100 39
+ 100 40
+ 100 41
+ 100 42
+ 100 43
+ 100 44
+ 100 45
+ 100 46
+ 100 47
+ 100 48
+ 100 49
+ 100 50
+ 100 52
+ 100 53
+ 100 54
+ 100 55
+ 100 56
+ 100 57
+ 100 58
+ 100 59
+ 100 60
+ 100 61
+ 100 62
+ 100 63
+ 100 64
+ 100 65
+ 100 66
+ 100 67
+ 100 69
+ 100 70
+ 100 71
+ 100 72
+ 100 73
+ 100 74
+ 100 75
+ 100 77
+ 100 78
+ 100 79
+ 100 80
+ 100 81
+ 100 82
+ 100 83
+ 100 84
+ 100 85
+ 100 86
+ 100 87
+ 100 89
+ 100 90
+ 100 91
+ 100 92
+ 100 93
+ 100 95
Case #79: 264 169
x 1 100
x 2 99
x 3 98
x 4 97
x 5 96
x 6 95
x 7 94
x 8 93
x 9 92
x 10 91
x 11 90
x 12 89
x 13 88
x 14 87
x 15 86
x 16 85
x 17 84
x 18 83
x 19 82
x 20 81
x 21 80
x 22 79
x 23 78
x 24 77
+ 24 87
x 25 76
x 26 75
x 27 74
x 28 73
x 29 72
x 30 71
x 31 70
x 32 69
+ 32 93
x 33 68
x 34 67
x 35 66
+ 35 93
x 36 65
x 37 64
x 38 63
+ 38 93
+ 38 94
x 39 62
x 40 61
x 41 60
+ 41 94
x 42 59
x 43 58
x 44 57
x 45 56
+ 45 97
x 46 55
x 47 54
+ 47 97
+ 47 98
x 48 53
x 49 52
x 50 51
x 51 50
+ 51 99
+ 51 100
x 52 49
x 53 48
+ 53 100
x 54 47
+ 54 100
x 55 46
x 56 45
+ 56 100
x 57 44
x 58 43
x 59 42
x 60 41
+ 60 97
x 61 40
+ 61 97
x 62 39
x 63 38
+ 63 97
x 64 37
x 65 36
+ 65 94
+ 65 97
x 66 35
x 67 34
x 68 33
x 69 32
x 70 31
x 71 30
x 72 29
x 73 28
+ 73 92
x 74 27
+ 74 92
x 75 26
x 76 25
x 77 24
x 78 23
x 79 22
x 80 21
x 81 20
x 82 19
x 83 18
x 84 17
x 85 16
x 86 15
x 87 14
x 88 13
+ 88 81
x 89 12
x 90 11
x 91 10
+ 91 77
x 92 9
x 93 8
x 94 7
o 95 6
x 96 5
x 97 4
x 98 3
+ 98 73
x 99 2
x 100 1
+ 100 2
+ 100 3
+ 100 4
+ 100 5
+ 100 6
+ 100 7
+ 100 8
+ 100 9
+ 100 10
+ 100 12
+ 100 13
+ 100 14
+ 100 15
+ 100 16
+ 100 17
+ 100 18
+ 100 19
+ 100 20
+ 100 21
+ 100 22
+ 100 23
+ 100 24
+ 100 26
+ 100 27
+ 100 29
+ 100 30
+ 100 33
+ 100 34
+ 100 36
+ 100 37
+ 100 38
+ 100 39
+ 100 40
+ 100 41
+ 100 43
+ 100 46
+ 100 47
+ 100 48
+ 100 49
+ 100 52
+ 100 55
+ 100 61
+ 100 63
+ 100 64
+ 100 67
Case #80: 18 9
+ 1 2
+ 1 3
+ 1 4
+ 1 6
+ 4 2
x 6 4
+ 7 3
+ 7 4
+ 7 6
Case #81: 298 198
+ 1 1
+ 1 2
+ 1 3
+ 1 4
+ 1 5
+ 1 6
+ 1 7
+ 1 8
+ 1 9
+ 1 10
+ 1 11
+ 1 12
+ 1 13
+ 1 14
+ 1 15
+ 1 16
+ 1 17
+ 1 18
+ 1 19
+ 1 20
+ 1 21
+ 1 22
+ 1 23
+ 1 24
+ 1 25
+ 1 26
+ 1 27
+ 1 28
+ 1 29
+ 1 30
+ 1 31
+ 1 32
+ 1 33
+ 1 34
+ 1 35
+ 1 36
+ 1 37
+ 1 38
+ 1 39
+ 1 40
+ 1 41
+ 1 42
+ 1 43
+ 1 44
+ 1 45
+ 1 46
+ 1 47
+ 1 48
+ 1 49
+ 1 50
+ 1 51
+ 1 52
+ 1 53
+ 1 54
+ 1 55
+ 1 56
+ 1 57
+ 1 58
+ 1 59
+ 1 60
+ 1 61
+ 1 62
+ 1 63
+ 1 64
+ 1 65
+ 1 66
+ 1 67
+ 1 68
+ 1 69
+ 1 70
+ 1 71
+ 1 72
+ 1 73
+ 1 74
+ 1 75
+ 1 76
+ 1 77
+ 1 78
+ 1 79
+ 1 80
+ 1 81
+ 1 82
+ 1 83
+ 1 84
+ 1 85
+ 1 86
+ 1 87
+ 1 88
+ 1 89
+ 1 90
+ 1 91
+ 1 92
+ 1 93
+ 1 94
+ 1 95
+ 1 96
+ 1 97
+ 1 98
o 1 99
+ 100 1
+ 100 2
+ 100 3
+ 100 4
+ 100 5
+ 100 6
+ 100 7
+ 100 8
+ 100 9
+ 100 10
+ 100 11
+ 100 12
+ 100 13
+ 100 14
+ 100 15
+ 100 16
+ 100 17
+ 100 18
+ 100 19
+ 100 20
+ 100 21
+ 100 22
+ 100 23
+ 100 24
+ 100 25
+ 100 26
+ 100 27
+ 100 28
+ 100 29
+ 100 30
+ 100 31
+ 100 32
+ 100 33
+ 100 34
+ 100 35
+ 100 36
+ 100 37
+ 100 38
+ 100 39
+ 100 40
+ 100 41
+ 100 42
+ 100 43
+ 100 44
+ 100 45
+ 100 46
+ 100 47
+ 100 48
+ 100 49
+ 100 50
+ 100 51
+ 100 52
+ 100 53
+ 100 54
+ 100 55
+ 100 56
+ 100 57
+ 100 58
+ 100 59
+ 100 60
+ 100 61
+ 100 62
o 100 63
+ 100 64
+ 100 65
+ 100 66
+ 100 67
+ 100 68
+ 100 69
+ 100 70
+ 100 71
+ 100 72
+ 100 73
+ 100 74
+ 100 75
+ 100 76
+ 100 77
+ 100 78
+ 100 79
+ 100 80
+ 100 81
+ 100 82
+ 100 83
+ 100 84
+ 100 85
+ 100 86
+ 100 87
+ 100 88
+ 100 89
+ 100 90
+ 100 91
+ 100 92
+ 100 93
+ 100 94
+ 100 95
+ 100 96
+ 100 97
+ 100 98
+ 100 99
Case #82: 88 49
+ 1 1
+ 1 2
+ 1 5
+ 1 6
+ 1 8
+ 1 20
x 1 35
+ 2 17
+ 2 20
+ 3 2
x 4 32
+ 5 21
x 5 31
+ 7 1
x 7 30
x 9 23
x 10 20
x 12 19
x 13 18
+ 14 1
+ 15 1
x 15 15
x 16 14
+ 17 1
x 17 12
+ 17 34
x 19 10
x 20 9
+ 21 34
x 22 7
x 23 6
+ 24 3
x 24 5
+ 25 3
+ 27 3
x 30 4
+ 31 4
x 32 3
x 33 2
x 35 1
+ 35 2
+ 35 4
+ 35 5
+ 35 6
+ 35 7
+ 35 9
+ 35 10
+ 35 12
+ 35 18
Case #83: 256 145
+ 1 3
+ 1 4
+ 1 7
+ 1 12
+ 1 16
+ 1 24
+ 1 44
+ 1 57
+ 1 58
x 1 97
+ 2 20
+ 2 24
+ 2 38
+ 2 40
+ 2 55
x 2 92
+ 3 24
+ 3 49
+ 3 50
+ 3 57
x 3 91
+ 4 2
+ 4 24
+ 5 2
+ 5 19
+ 5 24
+ 5 29
+ 5 34
+ 5 39
+ 5 65
x 5 90
+ 7 62
x 7 89
+ 8 2
+ 8 66
+ 10 1
+ 10 61
x 10 88
x 11 87
x 13 83
+ 14 1
+ 14 59
x 14 79
+ 15 1
+ 17 1
x 17 77
x 18 75
x 19 74
x 20 71
+ 22 1
x 24 69
+ 26 4
+ 26 6
x 26 67
x 27 65
+ 29 2
x 30 64
x 31 62
x 32 60
x 33 59
o 34 16
+ 35 2
x 35 58
x 37 57
x 38 53
x 39 52
x 40 50
x 44 49
x 45 48
x 48 46
x 49 44
x 51 43
x 52 42
x 53 40
x 55 38
x 56 37
x 57 36
x 59 34
+ 59 85
+ 64 91
+ 65 11
x 65 32
+ 71 11
+ 72 5
x 72 30
x 73 29
x 74 27
+ 75 4
+ 76 14
+ 78 5
x 78 25
x 79 23
+ 80 12
x 80 22
+ 81 4
x 83 18
+ 84 5
x 84 17
x 85 14
+ 85 61
+ 88 3
+ 88 6
x 89 13
+ 89 61
+ 90 3
x 91 12
+ 92 4
x 92 11
+ 93 23
x 94 8
+ 95 2
x 95 7
+ 95 40
+ 96 2
+ 96 60
+ 96 61
x 97 3
+ 97 46
o 98 1
+ 98 2
+ 98 3
+ 98 6
+ 98 7
+ 98 8
+ 98 9
+ 98 12
+ 98 14
+ 98 15
+ 98 17
+ 98 22
+ 98 23
+ 98 24
+ 98 26
+ 98 29
+ 98 32
+ 98 33
+ 98 35
+ 98 39
+ 98 41
+ 98 42
+ 98 49
+ 98 53
+ 98 54
+ 98 55
+ 98 61
Case #84: 298 228
+ 1 1
+ 1 2
+ 1 3
+ 1 4
+ 1 5
+ 1 6
+ 1 7
+ 1 8
+ 1 9
+ 1 10
+ 1 11
+ 1 12
+ 1 13
+ 1 14
+ 1 15
+ 1 16
+ 1 17
+ 1 18
+ 1 19
+ 1 20
+ 1 21
+ 1 22
+ 1 23
+ 1 24
+ 1 25
+ 1 26
+ 1 27
+ 1 28
+ 1 29
+ 1 30
+ 1 31
+ 1 32
+ 1 33
+ 1 34
+ 1 35
+ 1 36
+ 1 37
+ 1 38
+ 1 39
+ 1 40
+ 1 41
+ 1 42
+ 1 43
+ 1 44
+ 1 45
+ 1 46
+ 1 47
+ 1 48
+ 1 49
+ 1 50
+ 1 51
+ 1 52
+ 1 53
o 1 54
+ 1 55
+ 1 56
+ 1 57
+ 1 58
+ 1 59
+ 1 60
+ 1 61
+ 1 62
+ 1 63
+ 1 64
+ 1 65
+ 1 66
+ 1 67
+ 1 68
+ 1 69
+ 1 70
+ 1 71
+ 1 72
+ 1 73
+ 1 74
+ 1 75
+ 1 76
+ 1 77
+ 1 78
+ 1 79
+ 1 80
+ 1 81
+ 1 82
+ 1 83
+ 1 84
+ 1 85
+ 1 86
+ 1 87
+ 1 88
+ 1 89
+ 1 90
+ 1 91
+ 1 92
+ 1 93
+ 1 94
+ 1 95
+ 1 96
+ 1 97
+ 1 98
+ 1 99
x 4 99
x 5 97
x 7 94
x 14 92
x 15 91
x 16 89
x 17 87
x 18 84
x 21 83
x 22 80
x 27 79
x 35 77
x 37 68
x 45 67
x 52 66
x 54 65
x 58 61
x 67 60
x 68 58
x 78 57
x 80 55
x 84 53
x 85 50
x 86 46
x 88 39
x 93 25
x 94 17
x 97 14
x 98 10
x 99 8
+ 100 1
+ 100 2
+ 100 3
+ 100 4
+ 100 5
+ 100 6
+ 100 7
+ 100 8
+ 100 9
+ 100 10
+ 100 11
+ 100 12
+ 100 13
+ 100 14
+ 100 15
+ 100 16
+ 100 17
+ 100 18
+ 100 19
+ 100 20
+ 100 21
+ 100 22
+ 100 23
+ 100 24
+ 100 25
+ 100 26
+ 100 27
+ 100 28
+ 100 29
+ 100 30
+ 100 31
+ 100 32
+ 100 33
+ 100 34
+ 100 35
+ 100 36
+ 100 37
+ 100 38
+ 100 39
+ 100 40
o 100 41
+ 100 42
+ 100 43
+ 100 44
+ 100 45
+ 100 46
+ 100 47
+ 100 48
+ 100 49
+ 100 50
+ 100 51
+ 100 52
+ 100 53
+ 100 54
+ 100 55
+ 100 56
+ 100 57
+ 100 58
+ 100 59
+ 100 60
+ 100 61
+ 100 62
+ 100 63
+ 100 64
+ 100 65
+ 100 66
+ 100 67
+ 100 68
+ 100 69
+ 100 70
+ 100 71
+ 100 72
+ 100 73
+ 100 74
+ 100 75
+ 100 76
+ 100 77
+ 100 78
+ 100 79
+ 100 80
+ 100 81
+ 100 82
+ 100 83
+ 100 84
+ 100 85
+ 100 86
+ 100 87
+ 100 88
+ 100 89
+ 100 90
+ 100 91
+ 100 92
+ 100 93
+ 100 94
+ 100 95
+ 100 96
+ 100 97
+ 100 98
+ 100 99
Case #85: 34 17
+ 1 2
+ 1 3
+ 1 6
+ 1 8
+ 3 2
x 4 14
x 7 9
+ 9 2
x 9 8
+ 11 2
x 11 6
x 12 5
+ 13 1
o 13 3
+ 13 5
x 14 1
+ 14 3
Case #86: 7 6
+ 1 1
+ 1 2
x 1 3
x 2 2
o 3 1
+ 3 2
Case #87: 293 279
+ 1 3
+ 1 9
+ 1 13
+ 1 14
+ 1 17
+ 1 18
+ 1 21
+ 1 22
+ 1 25
+ 1 27
+ 1 30
+ 1 33
+ 1 34
+ 1 35
+ 1 37
+ 1 39
+ 1 41
+ 1 42
+ 1 43
+ 1 45
+ 1 46
+ 1 47
+ 1 49
+ 1 50
+ 1 51
+ 1 53
+ 1 55
+ 1 57
+ 1 59
+ 1 60
+ 1 61
+ 1 63
+ 1 65
+ 1 66
+ 1 67
+ 1 69
+ 1 71
+ 1 72
+ 1 73
+ 1 75
+ 1 76
+ 1 77
+ 1 79
+ 1 81
+ 1 83
+ 1 84
+ 1 88
+ 1 89
+ 1 92
+ 1 93
+ 1 97
x 1 100
+ 2 1
+ 2 27
+ 2 30
+ 2 39
+ 2 55
+ 2 63
+ 2 81
+ 2 86
x 2 99
+ 3 9
+ 3 10
+ 3 13
+ 3 17
+ 3 18
+ 3 21
+ 3 30
+ 3 34
+ 3 42
+ 3 46
+ 3 50
+ 3 60
+ 3 66
+ 3 72
+ 3 84
+ 3 88
+ 3 89
+ 3 92
+ 3 93
+ 3 97
x 3 98
+ 4 1
+ 4 2
+ 4 13
+ 4 55
x 4 97
x 5 96
x 6 95
x 7 94
+ 8 63
x 8 93
x 9 92
+ 10 87
x 10 91
x 11 90
x 12 89
+ 13 86
x 13 88
x 14 87
x 15 86
x 16 85
x 17 84
x 18 83
x 19 82
x 20 81
x 21 80
x 22 79
x 23 78
x 24 77
x 25 76
x 26 75
x 27 74
x 28 73
x 29 72
x 30 71
x 31 70
x 32 69
x 33 68
x 34 67
x 35 66
x 36 65
x 37 64
x 38 63
x 39 62
x 40 61
x 41 60
x 42 59
x 43 58
x 44 57
x 45 56
x 46 55
x 47 54
x 48 53
x 49 52
x 50 51
x 51 50
+ 51 86
x 52 49
x 53 48
x 54 47
x 55 46
x 56 45
x 57 44
x 58 43
x 59 42
x 60 41
x 61 40
x 62 39
x 63 38
x 64 37
x 65 36
x 66 35
x 67 34
o 68 33
x 69 32
+ 69 99
x 70 31
x 71 30
+ 71 94
x 72 29
x 73 28
x 74 27
x 75 26
x 76 25
x 77 24
x 78 23
+ 78 100
x 79 22
x 80 21
+ 80 99
x 81 20
x 82 19
x 83 18
x 84 17
x 85 16
x 86 15
x 87 14
x 88 13
x 89 12
x 90 11
x 91 10
x 92 9
x 93 8
x 94 7
x 95 6
x 96 5
x 97 4
x 98 3
x 99 2
x 100 1
+ 100 2
+ 100 3
+ 100 4
+ 100 5
+ 100 6
+ 100 7
+ 100 8
+ 100 9
+ 100 10
+ 100 11
+ 100 12
+ 100 13
+ 100 14
+ 100 15
+ 100 16
+ 100 17
+ 100 18
+ 100 19
+ 100 20
+ 100 21
+ 100 22
+ 100 23
+ 100 24
+ 100 25
+ 100 26
+ 100 27
+ 100 28
+ 100 29
+ 100 30
+ 100 31
+ 100 32
+ 100 33
+ 100 34
+ 100 35
+ 100 36
+ 100 38
+ 100 39
+ 100 40
+ 100 41
+ 100 42
+ 100 43
+ 100 44
+ 100 45
+ 100 46
+ 100 47
+ 100 48
+ 100 49
+ 100 50
+ 100 51
+ 100 52
+ 100 53
+ 100 54
+ 100 55
+ 100 56
+ 100 57
+ 100 58
+ 100 59
+ 100 60
+ 100 61
+ 100 62
+ 100 63
+ 100 64
+ 100 66
+ 100 67
+ 100 69
+ 100 70
+ 100 71
+ 100 72
+ 100 73
+ 100 74
+ 100 75
+ 100 76
+ 100 77
+ 100 80
+ 100 81
+ 100 82
+ 100 83
+ 100 84
+ 100 85
+ 100 86
+ 100 87
+ 100 88
+ 100 89
+ 100 90
+ 100 91
+ 100 92
+ 100 94
+ 100 96
Case #88: 294 284
+ 1 3
+ 1 4
+ 1 6
+ 1 10
+ 1 11
+ 1 13
+ 1 14
+ 1 15
+ 1 19
+ 1 20
+ 1 21
+ 1 23
+ 1 26
+ 1 28
+ 1 30
+ 1 32
+ 1 35
+ 1 36
+ 1 37
+ 1 38
+ 1 39
+ 1 40
+ 1 43
+ 1 45
+ 1 47
+ 1 49
+ 1 52
+ 1 55
+ 1 58
+ 1 59
+ 1 60
+ 1 62
+ 1 63
+ 1 64
+ 1 66
+ 1 67
+ 1 70
+ 1 71
+ 1 72
+ 1 74
+ 1 75
+ 1 76
+ 1 78
+ 1 79
+ 1 83
+ 1 86
+ 1 87
+ 1 91
+ 1 94
+ 1 95
x 1 100
+ 2 6
+ 2 8
+ 2 17
+ 2 23
+ 2 30
+ 2 43
+ 2 45
+ 2 52
+ 2 55
+ 2 83
+ 2 91
x 2 99
+ 3 14
+ 3 20
+ 3 27
+ 3 48
+ 3 52
+ 3 55
+ 3 59
+ 3 63
+ 3 67
+ 3 71
+ 3 75
+ 3 79
+ 3 86
+ 3 87
+ 3 91
+ 3 94
+ 3 95
x 3 98
+ 4 5
+ 4 30
x 4 97
+ 5 1
+ 5 21
+ 5 37
x 5 96
+ 6 93
x 6 95
x 7 94
+ 8 5
+ 8 41
x 8 93
x 9 92
+ 10 18
+ 10 90
x 10 91
+ 11 58
x 11 90
x 12 89
x 13 88
x 14 87
x 15 86
x 16 85
x 17 84
x 18 83
x 19 82
x 20 81
x 21 80
x 22 79
x 23 78
x 24 77
x 25 76
x 26 75
x 27 74
x 28 73
x 29 72
x 30 71
x 31 70
x 32 69
x 33 68
x 34 67
x 35 66
x 36 65
x 37 64
x 38 63
x 39 62
x 40 61
x 41 60
x 42 59
x 43 58
x 44 57
x 45 56
x 46 55
x 47 54
x 48 53
x 49 52
x 50 51
x 51 50
x 52 49
x 53 48
x 54 47
x 55 46
x 56 45
x 57 44
x 58 43
x 59 42
x 60 41
x 61 40
x 62 39
x 63 38
x 64 37
x 65 36
x 66 35
x 67 34
x 68 33
x 69 32
x 70 31
x 71 30
x 72 29
x 73 28
x 74 27
x 75 26
x 76 25
x 77 24
x 78 23
x 79 22
x 80 21
x 81 20
x 82 19
x 83 18
x 84 17
x 85 16
x 86 15
x 87 14
x 88 13
x 89 12
x 90 11
x 91 10
x 92 9
x 93 8
x 94 7
x 95 6
x 96 5
x 97 4
x 98 3
x 99 2
+ 99 97
o 100 1
+ 100 2
+ 100 3
+ 100 4
+ 100 5
+ 100 6
+ 100 7
+ 100 8
+ 100 9
+ 100 10
+ 100 11
+ 100 12
+ 100 13
+ 100 14
+ 100 15
+ 100 16
+ 100 17
+ 100 18
+ 100 19
+ 100 20
+ 100 21
+ 100 22
+ 100 23
+ 100 24
+ 100 25
+ 100 26
+ 100 27
+ 100 28
+ 100 29
+ 100 30
+ 100 31
+ 100 32
+ 100 33
+ 100 34
+ 100 35
+ 100 36
+ 100 37
+ 100 38
+ 100 39
+ 100 40
+ 100 41
+ 100 42
+ 100 43
+ 100 44
+ 100 45
+ 100 46
+ 100 47
+ 100 48
+ 100 49
+ 100 50
+ 100 51
+ 100 52
+ 100 53
+ 100 54
+ 100 55
+ 100 56
+ 100 57
+ 100 58
+ 100 59
+ 100 60
+ 100 61
+ 100 62
+ 100 63
+ 100 64
+ 100 65
+ 100 66
+ 100 67
+ 100 68
+ 100 69
+ 100 70
+ 100 71
+ 100 72
+ 100 73
+ 100 74
+ 100 75
+ 100 76
+ 100 77
+ 100 78
+ 100 79
+ 100 80
+ 100 81
+ 100 82
+ 100 83
+ 100 84
+ 100 85
+ 100 86
+ 100 87
+ 100 88
+ 100 89
+ 100 90
+ 100 91
+ 100 92
+ 100 93
+ 100 94
+ 100 95
Case #89: 74 38
+ 1 1
+ 1 7
+ 1 10
+ 1 15
+ 1 20
+ 2 1
x 2 27
+ 3 1
+ 3 7
+ 3 11
x 3 25
+ 4 1
x 4 23
+ 5 1
+ 6 1
x 8 20
+ 11 1
x 13 16
+ 13 24
x 14 15
+ 16 2
x 17 14
x 18 9
+ 19 3
x 19 8
x 20 7
+ 22 1
+ 22 2
x 22 5
x 24 2
+ 24 15
+ 25 3
x 26 1
+ 27 19
+ 28 2
+ 28 4
+ 28 10
+ 28 13
Case #90: 222 0
Case #91: 295 294
+ 1 1
+ 1 2
+ 1 4
+ 1 5
+ 1 6
+ 1 7
+ 1 8
+ 1 9
+ 1 10
+ 1 11
+ 1 12
+ 1 13
+ 1 14
+ 1 15
+ 1 16
+ 1 17
+ 1 18
+ 1 19
+ 1 20
+ 1 21
+ 1 22
+ 1 23
+ 1 24
+ 1 25
+ 1 26
+ 1 27
+ 1 28
+ 1 29
+ 1 30
+ 1 31
+ 1 32
+ 1 33
+ 1 34
+ 1 35
+ 1 36
+ 1 37
+ 1 38
+ 1 39
+ 1 40
+ 1 41
+ 1 42
+ 1 43
+ 1 44
+ 1 45
+ 1 46
+ 1 47
+ 1 48
+ 1 49
+ 1 50
+ 1 51
+ 1 52
+ 1 53
+ 1 54
+ 1 55
+ 1 56
+ 1 57
+ 1 58
+ 1 59
+ 1 60
+ 1 61
+ 1 62
+ 1 63
+ 1 64
+ 1 65
+ 1 66
+ 1 67
+ 1 68
+ 1 69
+ 1 70
+ 1 71
+ 1 72
+ 1 73
+ 1 74
+ 1 75
+ 1 76
+ 1 77
+ 1 78
+ 1 79
+ 1 80
+ 1 81
+ 1 82
+ 1 83
+ 1 84
+ 1 85
+ 1 86
+ 1 87
+ 1 88
+ 1 89
+ 1 90
+ 1 91
+ 1 92
+ 1 93
+ 1 94
+ 1 95
+ 1 96
+ 1 97
+ 1 98
x 1 99
x 2 98
+ 3 1
x 3 97
x 4 96
x 5 95
x 6 94
x 7 93
x 8 92
x 9 91
x 10 90
x 11 89
x 12 88
x 13 87
x 14 86
x 15 85
x 16 84
x 17 83
x 18 82
x 19 81
x 20 80
x 21 79
x 22 78
x 23 77
x 24 76
x 25 75
x 26 74
x 27 73
x 28 72
x 29 71
x 30 70
x 31 69
x 32 68
x 33 67
x 34 66
x 35 65
x 36 64
x 37 63
x 38 62
x 39 61
x 40 60
x 41 59
x 42 58
x 43 57
x 44 56
x 45 55
x 46 54
x 47 53
x 48 52
x 49 51
x 50 50
x 51 49
x 52 48
x 53 47
x 54 46
x 55 45
x 56 44
x 57 43
x 58 42
x 59 41
x 60 40
x 61 39
x 62 38
x 63 37
x 64 36
x 65 35
x 66 34
x 67 33
x 68 32
x 69 31
x 70 30
x 71 29
x 72 28
x 73 27
x 74 26
x 75 25
x 76 24
x 77 23
x 78 22
x 79 21
x 80 20
x 81 19
x 82 18
x 83 17
x 84 16
x 85 15
x 86 14
x 87 13
x 88 12
x 89 11
x 90 10
x 91 9
x 92 8
x 93 7
x 94 6
x 95 5
x 96 4
x 97 3
+ 97 99
x 98 2
o 99 1
+ 99 2
+ 99 3
+ 99 4
+ 99 5
+ 99 6
+ 99 7
+ 99 8
+ 99 9
+ 99 10
+ 99 11
+ 99 12
+ 99 13
+ 99 14
+ 99 15
+ 99 16
+ 99 17
+ 99 18
+ 99 19
+ 99 20
+ 99 21
+ 99 22
+ 99 23
+ 99 24
+ 99 25
+ 99 26
+ 99 27
+ 99 28
+ 99 29
+ 99 30
+ 99 31
+ 99 32
+ 99 33
+ 99 34
+ 99 35
+ 99 36
+ 99 37
+ 99 38
+ 99 39
+ 99 40
+ 99 41
+ 99 42
+ 99 43
+ 99 44
+ 99 45
+ 99 46
+ 99 47
+ 99 48
+ 99 49
+ 99 50
+ 99 51
+ 99 52
+ 99 53
+ 99 54
+ 99 55
+ 99 56
+ 99 57
+ 99 58
+ 99 59
+ 99 60
+ 99 61
+ 99 62
+ 99 63
+ 99 64
+ 99 65
+ 99 66
+ 99 67
+ 99 68
+ 99 69
+ 99 70
+ 99 71
+ 99 72
+ 99 73
+ 99 74
+ 99 75
+ 99 76
+ 99 77
+ 99 78
+ 99 79
+ 99 80
+ 99 81
+ 99 82
+ 99 83
+ 99 84
+ 99 85
+ 99 86
+ 99 87
+ 99 88
+ 99 89
+ 99 90
+ 99 91
+ 99 92
+ 99 93
+ 99 94
+ 99 95
+ 99 96
+ 99 98
Case #92: 239 0
Case #93: 168 95
+ 1 1
+ 1 2
+ 1 5
+ 1 6
+ 1 10
+ 1 12
+ 1 15
+ 1 16
+ 1 21
+ 1 30
+ 1 38
+ 1 40
+ 1 46
x 1 63
+ 2 26
x 2 58
+ 3 1
+ 3 16
+ 3 24
+ 3 35
+ 4 45
x 4 57
+ 5 13
+ 8 1
+ 9 1
+ 9 16
x 10 55
x 11 54
+ 12 2
+ 12 3
x 15 51
+ 16 5
x 17 50
+ 18 5
x 18 49
+ 19 1
+ 22 7
x 22 45
x 23 44
x 24 43
x 27 42
x 28 41
x 29 39
x 30 35
x 32 34
x 33 31
x 34 30
x 35 29
+ 35 61
x 36 24
+ 36 63
x 37 23
x 38 21
+ 39 61
x 40 20
+ 41 1
+ 41 12
+ 43 12
x 43 18
+ 43 61
x 44 17
x 45 16
+ 46 4
x 46 15
x 47 14
x 48 13
x 50 11
x 51 10
x 52 7
x 53 6
+ 54 2
x 54 5
+ 56 1
x 57 4
x 58 3
x 60 2
+ 60 16
+ 61 22
+ 61 28
+ 61 44
x 62 1
+ 62 17
+ 63 2
+ 63 3
+ 63 5
+ 63 7
+ 63 10
+ 63 12
+ 63 15
+ 63 17
+ 63 22
+ 63 29
+ 63 35
+ 63 39
+ 63 40
Case #94: 289 212
+ 1 3
+ 1 5
+ 1 6
+ 1 18
+ 1 24
+ 1 25
+ 1 31
+ 1 34
+ 1 35
+ 1 38
+ 1 41
+ 1 42
+ 1 45
+ 1 46
+ 1 49
+ 1 50
+ 1 55
+ 1 56
+ 1 59
+ 1 60
+ 1 64
+ 1 65
+ 1 68
+ 1 69
+ 1 73
+ 1 76
+ 1 77
+ 1 81
+ 1 82
+ 1 85
+ 1 89
+ 1 90
x 1 100
+ 2 1
+ 2 16
+ 2 27
+ 2 38
+ 2 73
+ 2 87
+ 3 18
+ 3 19
+ 3 34
+ 3 46
+ 3 49
+ 3 50
+ 3 64
+ 3 68
+ 3 73
+ 3 76
+ 3 77
+ 3 81
+ 3 82
+ 3 85
+ 3 89
+ 3 90
+ 4 1
+ 4 5
+ 4 26
+ 4 55
+ 4 60
+ 4 64
+ 5 18
+ 5 33
+ 6 75
+ 6 89
+ 7 17
+ 8 26
+ 8 47
x 8 95
+ 9 1
+ 9 4
+ 10 4
+ 10 6
+ 14 80
x 14 92
x 15 91
x 16 90
x 17 85
x 18 83
+ 19 9
+ 20 77
x 20 82
x 23 81
+ 24 74
x 24 80
x 26 78
+ 29 71
x 29 73
x 31 70
+ 32 67
x 33 68
x 34 67
x 35 65
x 37 61
x 39 59
x 40 58
x 46 56
x 47 55
x 51 52
x 52 47
x 54 46
x 56 44
x 59 43
x 62 42
x 63 39
x 65 38
x 66 37
x 68 35
+ 68 97
+ 72 99
x 73 29
x 74 27
x 76 25
x 77 24
x 79 23
x 80 22
x 86 15
+ 86 98
x 87 14
x 88 11
x 90 9
+ 91 98
x 92 8
x 94 7
x 96 5
x 97 4
+ 99 92
+ 100 1
+ 100 2
+ 100 3
+ 100 4
+ 100 5
+ 100 6
+ 100 7
+ 100 8
+ 100 9
+ 100 10
+ 100 11
+ 100 12
+ 100 13
+ 100 14
+ 100 15
+ 100 16
+ 100 17
+ 100 18
+ 100 19
+ 100 20
+ 100 21
+ 100 22
+ 100 23
+ 100 24
+ 100 25
+ 100 26
+ 100 27
+ 100 28
+ 100 29
+ 100 30
+ 100 31
+ 100 32
+ 100 33
+ 100 34
+ 100 35
+ 100 36
+ 100 37
+ 100 38
+ 100 39
+ 100 40
+ 100 41
+ 100 42
+ 100 43
+ 100 44
+ 100 45
+ 100 46
+ 100 47
+ 100 48
+ 100 49
+ 100 50
+ 100 51
+ 100 52
+ 100 53
+ 100 54
+ 100 55
+ 100 56
+ 100 57
+ 100 58
+ 100 59
+ 100 60
+ 100 61
+ 100 62
+ 100 63
+ 100 64
+ 100 66
+ 100 67
+ 100 68
+ 100 69
+ 100 70
+ 100 72
+ 100 73
+ 100 74
o 100 75
+ 100 76
+ 100 77
+ 100 78
+ 100 79
+ 100 80
+ 100 81
+ 100 82
+ 100 83
+ 100 85
+ 100 86
+ 100 87
+ 100 88
Case #95: 75 43
+ 1 1
+ 1 2
+ 1 3
+ 1 5
+ 1 9
+ 1 14
+ 1 15
+ 1 20
+ 1 22
+ 1 24
+ 2 9
+ 3 2
+ 3 9
x 3 29
x 4 28
+ 6 1
x 8 23
o 10 22
x 11 20
+ 12 1
x 13 19
+ 14 29
x 15 16
+ 16 2
x 17 13
x 18 11
x 19 10
+ 19 28
x 20 9
x 22 6
+ 23 1
x 23 5
+ 24 3
x 24 4
x 27 3
+ 28 11
+ 29 1
x 29 2
+ 29 4
+ 29 5
+ 29 6
+ 29 13
+ 29 16
Case #96: 96 0
Case #97: 295 256
+ 1 2
+ 1 3
+ 1 4
+ 1 7
+ 1 8
+ 1 12
+ 1 13
+ 1 14
+ 1 16
+ 1 17
+ 1 18
+ 1 20
+ 1 21
+ 1 22
+ 1 24
+ 1 25
+ 1 26
+ 1 27
+ 1 28
+ 1 29
+ 1 30
+ 1 31
+ 1 32
+ 1 33
+ 1 35
+ 1 36
+ 1 37
+ 1 39
+ 1 40
+ 1 41
+ 1 43
+ 1 44
+ 1 45
+ 1 48
+ 1 49
+ 1 51
+ 1 52
+ 1 53
+ 1 55
+ 1 56
+ 1 57
+ 1 59
+ 1 60
+ 1 61
+ 1 63
+ 1 64
+ 1 65
+ 1 67
+ 1 68
+ 1 69
+ 1 71
+ 1 72
+ 1 75
+ 1 76
+ 1 79
+ 1 80
+ 1 83
+ 1 84
+ 1 87
+ 1 88
+ 1 92
+ 1 95
+ 1 96
+ 2 92
x 2 100
+ 3 8
+ 3 17
+ 3 21
+ 3 36
+ 3 40
+ 3 44
+ 3 48
+ 3 52
+ 3 56
+ 3 60
+ 3 64
+ 3 68
+ 3 72
+ 3 75
+ 3 76
+ 3 79
o 3 80
+ 3 83
+ 3 84
+ 3 87
+ 3 88
+ 3 92
+ 3 95
+ 3 96
+ 4 2
+ 4 3
+ 4 8
+ 4 12
+ 6 94
x 8 99
x 9 96
x 10 95
x 13 92
x 14 91
x 16 90
x 17 89
x 18 88
x 20 86
x 21 85
x 22 83
x 23 82
x 25 81
x 26 78
x 27 76
x 28 72
x 29 71
x 30 68
x 31 66
x 32 65
x 33 64
x 35 63
x 36 62
x 37 59
x 38 57
x 40 56
x 41 55
x 42 52
x 43 51
x 45 50
x 46 49
x 48 48
x 49 47
x 50 45
x 52 44
x 53 43
+ 54 100
x 56 40
x 57 39
x 59 37
x 60 35
x 61 34
x 62 32
x 63 31
x 64 30
x 65 28
x 66 27
x 68 26
x 70 24
x 74 23
x 76 22
x 78 21
x 80 19
x 81 18
x 83 17
x 85 16
x 86 14
x 87 10
x 90 9
x 91 8
x 92 7
x 94 6
x 95 5
x 96 4
x 97 3
x 98 2
+ 98 94
x 99 1
+ 100 1
+ 100 2
+ 100 3
+ 100 4
+ 100 5
+ 100 6
+ 100 7
+ 100 8
+ 100 9
+ 100 10
+ 100 11
+ 100 12
+ 100 13
+ 100 14
+ 100 15
+ 100 16
+ 100 17
+ 100 18
+ 100 19
+ 100 20
+ 100 21
+ 100 22
+ 100 23
+ 100 24
+ 100 25
+ 100 26
+ 100 27
+ 100 28
o 100 29
+ 100 30
+ 100 31
+ 100 32
+ 100 33
+ 100 34
+ 100 35
+ 100 36
+ 100 37
+ 100 38
+ 100 39
+ 100 40
+ 100 41
+ 100 42
+ 100 43
+ 100 44
+ 100 45
+ 100 46
+ 100 47
+ 100 48
+ 100 49
+ 100 50
+ 100 51
+ 100 52
+ 100 53
+ 100 55
+ 100 56
+ 100 57
+ 100 58
+ 100 59
+ 100 60
+ 100 61
+ 100 62
+ 100 63
+ 100 64
+ 100 65
+ 100 66
+ 100 67
+ 100 68
+ 100 69
+ 100 70
+ 100 71
+ 100 72
+ 100 73
+ 100 74
+ 100 75
+ 100 76
+ 100 77
+ 100 78
+ 100 79
+ 100 80
+ 100 81
+ 100 82
+ 100 83
+ 100 84
+ 100 85
+ 100 86
+ 100 87
+ 100 88
+ 100 89
+ 100 90
+ 100 91
+ 100 93
+ 100 94
+ 100 95
+ 100 97
Case #98: 231 132
+ 1 2
+ 1 30
+ 1 31
+ 1 39
+ 1 40
+ 1 45
+ 1 47
x 1 86
+ 2 8
+ 2 50
+ 2 61
+ 3 1
+ 3 20
+ 3 25
+ 3 31
+ 3 34
x 3 85
+ 4 1
+ 4 11
+ 4 14
+ 4 15
+ 4 39
+ 4 49
+ 4 61
+ 5 1
+ 5 24
x 5 83
+ 6 1
+ 6 15
+ 6 21
+ 6 61
x 6 81
+ 7 1
+ 7 15
+ 7 32
+ 8 1
+ 9 29
+ 9 60
+ 10 1
+ 10 2
x 10 80
x 13 79
+ 14 3
+ 14 57
+ 16 4
x 16 76
x 18 74
x 19 73
x 22 71
+ 23 2
x 23 69
+ 24 2
+ 24 6
x 27 68
x 29 65
x 33 60
x 35 59
x 36 56
x 38 53
x 39 52
x 40 51
x 41 50
+ 48 10
x 49 48
+ 50 10
x 50 43
+ 50 83
x 52 42
x 55 40
x 56 39
x 57 38
+ 57 81
x 58 37
x 59 36
x 61 35
+ 63 1
x 64 31
x 65 30
+ 66 2
x 66 29
+ 68 5
x 68 28
+ 69 3
x 69 27
+ 71 3
x 71 26
+ 72 3
x 72 21
x 73 17
x 75 15
+ 76 1
x 77 14
x 78 13
+ 79 2
x 79 10
+ 81 2
+ 81 36
x 82 8
+ 82 32
x 83 7
x 84 5
+ 84 56
+ 85 1
x 85 4
+ 85 13
+ 85 36
+ 85 39
+ 86 3
+ 86 5
+ 86 6
+ 86 13
+ 86 15
+ 86 16
+ 86 19
+ 86 21
+ 86 26
+ 86 27
+ 86 29
+ 86 30
+ 86 32
+ 86 33
+ 86 34
+ 86 39
+ 86 45
+ 86 50
+ 86 53
+ 86 55
+ 86 56
+ 86 57
+ 86 59
+ 86 61
+ 86 63
Case #99: 209 113
+ 1 3
+ 1 4
+ 1 8
+ 1 16
+ 1 18
+ 1 23
+ 1 27
+ 1 30
+ 1 31
+ 1 39
+ 1 43
+ 1 47
+ 1 51
+ 1 54
x 1 77
+ 2 14
+ 2 18
+ 2 54
+ 3 7
+ 3 26
+ 3 27
+ 3 31
+ 3 43
+ 3 50
+ 4 14
+ 4 22
+ 4 31
+ 4 47
x 4 74
+ 5 37
x 5 73
+ 6 1
x 6 71
+ 7 1
+ 7 5
x 7 70
x 8 66
+ 9 5
+ 9 29
x 10 64
+ 11 25
+ 12 1
x 12 63
x 13 61
+ 14 1
x 18 58
x 19 56
+ 22 1
x 24 54
x 25 53
x 28 49
x 32 48
+ 32 77
+ 33 77
x 34 47
+ 35 76
x 36 43
x 37 41
x 38 38
x 39 36
+ 39 76
x 42 35
x 44 34
x 47 33
x 48 32
x 50 26
x 51 25
x 52 24
+ 52 73
x 53 23
+ 54 4
x 55 22
+ 56 4
+ 56 5
+ 58 4
x 58 21
x 59 14
+ 60 3
+ 61 5
x 61 11
+ 61 53
+ 63 4
x 64 10
x 66 7
+ 67 1
+ 67 2
x 67 6
+ 69 1
x 70 5
+ 70 60
x 71 3
+ 73 45
+ 74 1
+ 75 3
+ 76 18
+ 77 42
+ 77 54
+ 78 2
+ 78 3
+ 78 4
+ 78 9
+ 78 14
+ 78 15
+ 78 17
+ 78 25
+ 78 29
+ 78 34
+ 78 38
+ 78 44
+ 78 46
+ 78 48
+ 78 49
+ 78 51
Case #100: 81 46
+ 1 1
+ 1 6
+ 1 11
+ 1 15
+ 1 16
+ 1 17
x 1 29
+ 2 1
x 2 28
+ 3 16
o 3 22
+ 4 1
+ 4 2
x 5 27
x 6 24
+ 7 3
+ 8 1
x 8 21
x 11 17
+ 13 30
x 14 16
x 18 15
x 20 13
+ 20 29
x 21 12
+ 21 29
+ 22 2
x 22 11
+ 22 29
x 23 9
+ 24 5
x 24 8
x 25 7
+ 27 1
x 28 3
+ 29 1
x 29 2
+ 30 5
+ 30 6
+ 30 7
+ 30 8
+ 30 9
+ 30 12
+ 30 15
+ 30 16
+ 30 22
